<?xml version="1.0" encoding="UTF-8"?>
<robot generator="Robot 4.1.2 (Python 3.8.10 on linux)" generated="20220223 21:01:14.910" rpa="false" schemaversion="2">
<suite id="s1" name="Tests" source="/home/carlossouza/Documentos/cursos/GravidadeZERO/getgeeks/project/backend/tests">
<suite id="s1-s1" name="Geeks" source="/home/carlossouza/Documentos/cursos/GravidadeZERO/getgeeks/project/backend/tests/Geeks.robot">
<test id="s1-s1-t1" name="Be a geek">
<kw name="Factory Be Geek" library="Users">
<var>${user}</var>
<msg timestamp="20220223 21:01:15.330" level="INFO">${user} = {'name': 'Joao Lucas', 'email': 'joao@qaninja.com.br', 'password': 'pwd123', 'geek_profile': {'whatsapp': '11999999999', 'desc': 'Seu computador está lento? Reiniciando do nada? Talvez seja um vírus, ...</msg>
<status status="PASS" starttime="20220223 21:01:15.329" endtime="20220223 21:01:15.330"/>
</kw>
<kw name="Remove User" library="Helpers">
<arg>${user}</arg>
<kw name="Get Token" library="Helpers">
<var>${token}</var>
<arg>${user}</arg>
<kw name="Create Dictionary" library="BuiltIn">
<var>${payload}</var>
<arg>email=${user}[email]</arg>
<arg>password=${user}[password]</arg>
<doc>Creates and returns a dictionary based on the given ``items``.</doc>
<msg timestamp="20220223 21:01:15.332" level="INFO">${payload} = {'email': 'joao@qaninja.com.br', 'password': 'pwd123'}</msg>
<status status="PASS" starttime="20220223 21:01:15.330" endtime="20220223 21:01:15.332"/>
</kw>
<kw name="Post Session" library="SessionsRoute">
<var>${Response}</var>
<arg>${payload}</arg>
<kw name="POST" library="RequestsLibrary">
<var>${response}</var>
<arg>${API_USERS}/sessions</arg>
<arg>json=${payload}</arg>
<arg>expected_status=any</arg>
<doc>Sends a POST request.</doc>
<msg timestamp="20220223 21:01:16.119" level="INFO">POST Request : url=https://getgeeks-users-carlosouzapsi.herokuapp.com/sessions 
 path_url=/sessions 
 headers={'User-Agent': 'python-requests/2.22.0', 'Accept-Encoding': 'gzip, deflate', 'Accept': '*/*', 'Connection': 'keep-alive', 'Content-Length': '54', 'Content-Type': 'application/json'} 
 body=b'{"email": "joao@qaninja.com.br", "password": "pwd123"}' 
 </msg>
<msg timestamp="20220223 21:01:16.120" level="INFO">POST Response : url=https://getgeeks-users-carlosouzapsi.herokuapp.com/sessions 
 status=200, reason=OK 
 headers={'Server': 'Cowboy', 'Connection': 'keep-alive', 'X-Powered-By': 'Express', 'Access-Control-Allow-Origin': '*', 'Content-Type': 'application/json; charset=utf-8', 'Content-Length': '372', 'Etag': 'W/"174-Que/vtg08wQxDEeLGpdjT3MVU5E"', 'Date': 'Thu, 24 Feb 2022 00:01:16 GMT', 'Via': '1.1 vegur'} 
 body={"user":{"id":309,"email":"joao@qaninja.com.br","password_hash":"$2b$08$n4sTtxYBRmUor7IRFQUT2.CJeQ3MfWGFDyczdQPWHAmcJcnXXkL4a","name":"Joao Lucas","avatar":null,"whatsapp":"11999999999","is_geek":true},"token":"eyJhbGciOiJIUzI1NiIsInR5cCI6IkpXVCJ9.eyJpZCI6MzA5LCJpYXQiOjE2NDU2NjA4NzYsImV4cCI6MTY0NjUyNDg3Nn0.0dvw21O7DY_1xW-Yxmga77gWl9palk7BFVzV8F4QwMM","expires_in":"10d"} 
 </msg>
<msg timestamp="20220223 21:01:16.121" level="INFO">${response} = &lt;Response [200]&gt;</msg>
<status status="PASS" starttime="20220223 21:01:15.332" endtime="20220223 21:01:16.122"/>
</kw>
<msg timestamp="20220223 21:01:16.125" level="INFO">${Response} = &lt;Response [200]&gt;</msg>
<status status="PASS" starttime="20220223 21:01:15.332" endtime="20220223 21:01:16.125"/>
</kw>
<kw name="Set Variable" library="BuiltIn">
<var>${result}</var>
<arg>${EMPTY}</arg>
<doc>Returns the given values which can then be assigned to a variables.</doc>
<msg timestamp="20220223 21:01:16.129" level="INFO">${result} = </msg>
<status status="PASS" starttime="20220223 21:01:16.126" endtime="20220223 21:01:16.130"/>
</kw>
<if>
<branch type="IF" condition="&quot;200&quot; in &quot;${response}&quot;">
<kw name="Set Variable" library="BuiltIn">
<var>${result}</var>
<arg>Bearer ${response.json()}[token]</arg>
<doc>Returns the given values which can then be assigned to a variables.</doc>
<msg timestamp="20220223 21:01:16.137" level="INFO">${result} = Bearer eyJhbGciOiJIUzI1NiIsInR5cCI6IkpXVCJ9.eyJpZCI6MzA5LCJpYXQiOjE2NDU2NjA4NzYsImV4cCI6MTY0NjUyNDg3Nn0.0dvw21O7DY_1xW-Yxmga77gWl9palk7BFVzV8F4QwMM</msg>
<status status="PASS" starttime="20220223 21:01:16.134" endtime="20220223 21:01:16.138"/>
</kw>
<status status="PASS" starttime="20220223 21:01:16.133" endtime="20220223 21:01:16.138"/>
</branch>
<status status="PASS" starttime="20220223 21:01:16.130" endtime="20220223 21:01:16.138"/>
</if>
<msg timestamp="20220223 21:01:16.140" level="INFO">${token} = Bearer eyJhbGciOiJIUzI1NiIsInR5cCI6IkpXVCJ9.eyJpZCI6MzA5LCJpYXQiOjE2NDU2NjA4NzYsImV4cCI6MTY0NjUyNDg3Nn0.0dvw21O7DY_1xW-Yxmga77gWl9palk7BFVzV8F4QwMM</msg>
<status status="PASS" starttime="20220223 21:01:15.330" endtime="20220223 21:01:16.140"/>
</kw>
<if>
<branch type="IF" condition="&quot;${token}&quot;">
<kw name="Delete User" library="UsersRoute">
<arg>${token}</arg>
<kw name="Create Dictionary" library="BuiltIn">
<var>${headers}</var>
<arg>Authorization=${token}</arg>
<doc>Creates and returns a dictionary based on the given ``items``.</doc>
<msg timestamp="20220223 21:01:16.147" level="INFO">${headers} = {'Authorization': 'Bearer eyJhbGciOiJIUzI1NiIsInR5cCI6IkpXVCJ9.eyJpZCI6MzA5LCJpYXQiOjE2NDU2NjA4NzYsImV4cCI6MTY0NjUyNDg3Nn0.0dvw21O7DY_1xW-Yxmga77gWl9palk7BFVzV8F4QwMM'}</msg>
<status status="PASS" starttime="20220223 21:01:16.144" endtime="20220223 21:01:16.147"/>
</kw>
<kw name="DELETE" library="RequestsLibrary">
<var>${response}</var>
<arg>${API_USERS}/users</arg>
<arg>headers=${headers}</arg>
<arg>expected_status=any</arg>
<doc>Sends a DELETE request.</doc>
<msg timestamp="20220223 21:01:17.451" level="INFO">DELETE Request : url=https://getgeeks-users-carlosouzapsi.herokuapp.com/users 
 path_url=/users 
 headers={'User-Agent': 'python-requests/2.22.0', 'Accept-Encoding': 'gzip, deflate', 'Accept': '*/*', 'Connection': 'keep-alive', 'Authorization': 'Bearer eyJhbGciOiJIUzI1NiIsInR5cCI6IkpXVCJ9.eyJpZCI6MzA5LCJpYXQiOjE2NDU2NjA4NzYsImV4cCI6MTY0NjUyNDg3Nn0.0dvw21O7DY_1xW-Yxmga77gWl9palk7BFVzV8F4QwMM', 'Content-Length': '0'} 
 body=None 
 </msg>
<msg timestamp="20220223 21:01:17.452" level="INFO">DELETE Response : url=https://getgeeks-users-carlosouzapsi.herokuapp.com/users 
 status=204, reason=No Content 
 headers={'Server': 'Cowboy', 'Content-Length': '0', 'Connection': 'keep-alive', 'X-Powered-By': 'Express', 'Access-Control-Allow-Origin': '*', 'Date': 'Thu, 24 Feb 2022 00:01:17 GMT', 'Via': '1.1 vegur'} 
 body=None 
 </msg>
<msg timestamp="20220223 21:01:17.452" level="INFO">${response} = &lt;Response [204]&gt;</msg>
<status status="PASS" starttime="20220223 21:01:16.148" endtime="20220223 21:01:17.453"/>
</kw>
<status status="PASS" starttime="20220223 21:01:16.142" endtime="20220223 21:01:17.453"/>
</kw>
<status status="PASS" starttime="20220223 21:01:16.141" endtime="20220223 21:01:17.453"/>
</branch>
<status status="PASS" starttime="20220223 21:01:16.140" endtime="20220223 21:01:17.453"/>
</if>
<status status="PASS" starttime="20220223 21:01:15.330" endtime="20220223 21:01:17.454"/>
</kw>
<kw name="Post User" library="UsersRoute">
<arg>${user}</arg>
<kw name="POST" library="RequestsLibrary">
<var>${response}</var>
<arg>${API_USERS}/users</arg>
<arg>json=${payload}</arg>
<arg>expected_status=any</arg>
<doc>Sends a POST request.</doc>
<msg timestamp="20220223 21:01:18.218" level="INFO">POST Request : url=https://getgeeks-users-carlosouzapsi.herokuapp.com/users 
 path_url=/users 
 headers={'User-Agent': 'python-requests/2.22.0', 'Accept-Encoding': 'gzip, deflate', 'Accept': '*/*', 'Connection': 'keep-alive', 'Content-Length': '482', 'Content-Type': 'application/json'} 
 body=b'{"name": "Joao Lucas", "email": "joao@qaninja.com.br", "password": "pwd123", "geek_profile": {"whatsapp": "11999999999", "desc": "Seu computador est\\u00e1 lento? Reiniciando do nada? Talvez seja um v\\u00edrus, ou algum hardware com defeito. Posso fazer a manuten\\u00e7\\u00e3o no seu PC, formando, reinstalando o SO, trocando algum componente f\\u00edsico e porque n\\u00e3o remover o baidu ou qualquer outro malware.", "printer_repair": "Sim", "work": "Presencial", "cost": "100.00"}}' 
 </msg>
<msg timestamp="20220223 21:01:18.219" level="INFO">POST Response : url=https://getgeeks-users-carlosouzapsi.herokuapp.com/users 
 status=201, reason=Created 
 headers={'Server': 'Cowboy', 'Connection': 'keep-alive', 'X-Powered-By': 'Express', 'Access-Control-Allow-Origin': '*', 'Content-Type': 'application/json; charset=utf-8', 'Content-Length': '10', 'Etag': 'W/"a-yZem7WWlaDoy8wyBoi46r6C4Yog"', 'Date': 'Thu, 24 Feb 2022 00:01:18 GMT', 'Via': '1.1 vegur'} 
 body={"id":312} 
 </msg>
<msg timestamp="20220223 21:01:18.220" level="INFO">${response} = &lt;Response [201]&gt;</msg>
<status status="PASS" starttime="20220223 21:01:17.455" endtime="20220223 21:01:18.220"/>
</kw>
<status status="PASS" starttime="20220223 21:01:17.454" endtime="20220223 21:01:18.220"/>
</kw>
<kw name="Get Token" library="Helpers">
<var>${token}</var>
<arg>${user}</arg>
<kw name="Create Dictionary" library="BuiltIn">
<var>${payload}</var>
<arg>email=${user}[email]</arg>
<arg>password=${user}[password]</arg>
<doc>Creates and returns a dictionary based on the given ``items``.</doc>
<msg timestamp="20220223 21:01:18.224" level="INFO">${payload} = {'email': 'joao@qaninja.com.br', 'password': 'pwd123'}</msg>
<status status="PASS" starttime="20220223 21:01:18.222" endtime="20220223 21:01:18.225"/>
</kw>
<kw name="Post Session" library="SessionsRoute">
<var>${Response}</var>
<arg>${payload}</arg>
<kw name="POST" library="RequestsLibrary">
<var>${response}</var>
<arg>${API_USERS}/sessions</arg>
<arg>json=${payload}</arg>
<arg>expected_status=any</arg>
<doc>Sends a POST request.</doc>
<msg timestamp="20220223 21:01:22.101" level="INFO">POST Request : url=https://getgeeks-users-carlosouzapsi.herokuapp.com/sessions 
 path_url=/sessions 
 headers={'User-Agent': 'python-requests/2.22.0', 'Accept-Encoding': 'gzip, deflate', 'Accept': '*/*', 'Connection': 'keep-alive', 'Content-Length': '54', 'Content-Type': 'application/json'} 
 body=b'{"email": "joao@qaninja.com.br", "password": "pwd123"}' 
 </msg>
<msg timestamp="20220223 21:01:22.102" level="INFO">POST Response : url=https://getgeeks-users-carlosouzapsi.herokuapp.com/sessions 
 status=200, reason=OK 
 headers={'Server': 'Cowboy', 'Connection': 'keep-alive', 'X-Powered-By': 'Express', 'Access-Control-Allow-Origin': '*', 'Content-Type': 'application/json; charset=utf-8', 'Content-Length': '364', 'Etag': 'W/"16c-TwjbaQEADQVuOSxtGk2SA+yhO+Y"', 'Date': 'Thu, 24 Feb 2022 00:01:22 GMT', 'Via': '1.1 vegur'} 
 body={"user":{"id":312,"email":"joao@qaninja.com.br","password_hash":"$2b$08$POM.dNAN0pP.LeseaM8yi.Zyrlfgeb.vnYxZPq7VGp/.eQub42i/6","name":"Joao Lucas","avatar":null,"whatsapp":null,"is_geek":false},"token":"eyJhbGciOiJIUzI1NiIsInR5cCI6IkpXVCJ9.eyJpZCI6MzEyLCJpYXQiOjE2NDU2NjA4ODIsImV4cCI6MTY0NjUyNDg4Mn0.8Zs7f5VtoGOukwAXFSwAARtu0lwwguhE4ccEJ_MIQVk","expires_in":"10d"} 
 </msg>
<msg timestamp="20220223 21:01:22.103" level="INFO">${response} = &lt;Response [200]&gt;</msg>
<status status="PASS" starttime="20220223 21:01:18.227" endtime="20220223 21:01:22.103"/>
</kw>
<msg timestamp="20220223 21:01:22.104" level="INFO">${Response} = &lt;Response [200]&gt;</msg>
<status status="PASS" starttime="20220223 21:01:18.225" endtime="20220223 21:01:22.104"/>
</kw>
<kw name="Set Variable" library="BuiltIn">
<var>${result}</var>
<arg>${EMPTY}</arg>
<doc>Returns the given values which can then be assigned to a variables.</doc>
<msg timestamp="20220223 21:01:22.107" level="INFO">${result} = </msg>
<status status="PASS" starttime="20220223 21:01:22.105" endtime="20220223 21:01:22.107"/>
</kw>
<if>
<branch type="IF" condition="&quot;200&quot; in &quot;${response}&quot;">
<kw name="Set Variable" library="BuiltIn">
<var>${result}</var>
<arg>Bearer ${response.json()}[token]</arg>
<doc>Returns the given values which can then be assigned to a variables.</doc>
<msg timestamp="20220223 21:01:22.113" level="INFO">${result} = Bearer eyJhbGciOiJIUzI1NiIsInR5cCI6IkpXVCJ9.eyJpZCI6MzEyLCJpYXQiOjE2NDU2NjA4ODIsImV4cCI6MTY0NjUyNDg4Mn0.8Zs7f5VtoGOukwAXFSwAARtu0lwwguhE4ccEJ_MIQVk</msg>
<status status="PASS" starttime="20220223 21:01:22.109" endtime="20220223 21:01:22.113"/>
</kw>
<status status="PASS" starttime="20220223 21:01:22.108" endtime="20220223 21:01:22.113"/>
</branch>
<status status="PASS" starttime="20220223 21:01:22.108" endtime="20220223 21:01:22.113"/>
</if>
<msg timestamp="20220223 21:01:22.115" level="INFO">${token} = Bearer eyJhbGciOiJIUzI1NiIsInR5cCI6IkpXVCJ9.eyJpZCI6MzEyLCJpYXQiOjE2NDU2NjA4ODIsImV4cCI6MTY0NjUyNDg4Mn0.8Zs7f5VtoGOukwAXFSwAARtu0lwwguhE4ccEJ_MIQVk</msg>
<status status="PASS" starttime="20220223 21:01:18.221" endtime="20220223 21:01:22.116"/>
</kw>
<kw name="Post Geek" library="GeeksRoute">
<var>${response}</var>
<arg>${token}</arg>
<arg>${user}[geek_profile]</arg>
<kw name="Create Dictionary" library="BuiltIn">
<var>${headers}</var>
<arg>Authorization=${token}</arg>
<doc>Creates and returns a dictionary based on the given ``items``.</doc>
<msg timestamp="20220223 21:01:22.121" level="INFO">${headers} = {'Authorization': 'Bearer eyJhbGciOiJIUzI1NiIsInR5cCI6IkpXVCJ9.eyJpZCI6MzEyLCJpYXQiOjE2NDU2NjA4ODIsImV4cCI6MTY0NjUyNDg4Mn0.8Zs7f5VtoGOukwAXFSwAARtu0lwwguhE4ccEJ_MIQVk'}</msg>
<status status="PASS" starttime="20220223 21:01:22.120" endtime="20220223 21:01:22.121"/>
</kw>
<kw name="POST" library="RequestsLibrary">
<var>${response}</var>
<arg>${API_GEEKS}/geeks</arg>
<arg>json=${payload}</arg>
<arg>headers=${headers}</arg>
<arg>expected_status=any</arg>
<doc>Sends a POST request.</doc>
<msg timestamp="20220223 21:01:23.511" level="INFO">POST Request : url=https://getgeeks-geeks-carlosouzapsi.herokuapp.com/geeks 
 path_url=/geeks 
 headers={'User-Agent': 'python-requests/2.22.0', 'Accept-Encoding': 'gzip, deflate', 'Accept': '*/*', 'Connection': 'keep-alive', 'Authorization': 'Bearer eyJhbGciOiJIUzI1NiIsInR5cCI6IkpXVCJ9.eyJpZCI6MzEyLCJpYXQiOjE2NDU2NjA4ODIsImV4cCI6MTY0NjUyNDg4Mn0.8Zs7f5VtoGOukwAXFSwAARtu0lwwguhE4ccEJ_MIQVk', 'Content-Length': '388', 'Content-Type': 'application/json'} 
 body=b'{"whatsapp": "11999999999", "desc": "Seu computador est\\u00e1 lento? Reiniciando do nada? Talvez seja um v\\u00edrus, ou algum hardware com defeito. Posso fazer a manuten\\u00e7\\u00e3o no seu PC, formando, reinstalando o SO, trocando algum componente f\\u00edsico e porque n\\u00e3o remover o baidu ou qualquer outro malware.", "printer_repair": "Sim", "work": "Presencial", "cost": "100.00"}' 
 </msg>
<msg timestamp="20220223 21:01:23.511" level="INFO">POST Response : url=https://getgeeks-geeks-carlosouzapsi.herokuapp.com/geeks 
 status=201, reason=Created 
 headers={'Server': 'Cowboy', 'Connection': 'keep-alive', 'X-Powered-By': 'Express', 'Access-Control-Allow-Origin': '*', 'Date': 'Thu, 24 Feb 2022 00:01:23 GMT', 'Content-Length': '0', 'Via': '1.1 vegur'} 
 body=None 
 </msg>
<msg timestamp="20220223 21:01:23.512" level="INFO">${response} = &lt;Response [201]&gt;</msg>
<status status="PASS" starttime="20220223 21:01:22.122" endtime="20220223 21:01:23.512"/>
</kw>
<msg timestamp="20220223 21:01:23.515" level="INFO">${response} = &lt;Response [201]&gt;</msg>
<status status="PASS" starttime="20220223 21:01:22.116" endtime="20220223 21:01:23.515"/>
</kw>
<kw name="Status Should Be" library="RequestsLibrary">
<arg>201</arg>
<arg>${response}</arg>
<doc>Fails if response status code is different than the expected.</doc>
<status status="PASS" starttime="20220223 21:01:23.516" endtime="20220223 21:01:23.517"/>
</kw>
<kw name="Get User" library="UsersRoute">
<var>${response}</var>
<arg>${token}</arg>
<kw name="Create Dictionary" library="BuiltIn">
<var>${headers}</var>
<arg>Authorization=${token}</arg>
<doc>Creates and returns a dictionary based on the given ``items``.</doc>
<msg timestamp="20220223 21:01:23.521" level="INFO">${headers} = {'Authorization': 'Bearer eyJhbGciOiJIUzI1NiIsInR5cCI6IkpXVCJ9.eyJpZCI6MzEyLCJpYXQiOjE2NDU2NjA4ODIsImV4cCI6MTY0NjUyNDg4Mn0.8Zs7f5VtoGOukwAXFSwAARtu0lwwguhE4ccEJ_MIQVk'}</msg>
<status status="PASS" starttime="20220223 21:01:23.520" endtime="20220223 21:01:23.521"/>
</kw>
<kw name="GET" library="RequestsLibrary">
<var>${response}</var>
<arg>${API_USERS}/users</arg>
<arg>headers=${headers}</arg>
<arg>expected_status=any</arg>
<doc>Sends a GET request.</doc>
<msg timestamp="20220223 21:01:24.281" level="INFO">GET Request : url=https://getgeeks-users-carlosouzapsi.herokuapp.com/users 
 path_url=/users 
 headers={'User-Agent': 'python-requests/2.22.0', 'Accept-Encoding': 'gzip, deflate', 'Accept': '*/*', 'Connection': 'keep-alive', 'Authorization': 'Bearer eyJhbGciOiJIUzI1NiIsInR5cCI6IkpXVCJ9.eyJpZCI6MzEyLCJpYXQiOjE2NDU2NjA4ODIsImV4cCI6MTY0NjUyNDg4Mn0.8Zs7f5VtoGOukwAXFSwAARtu0lwwguhE4ccEJ_MIQVk'} 
 body=None 
 </msg>
<msg timestamp="20220223 21:01:24.282" level="INFO">GET Response : url=https://getgeeks-users-carlosouzapsi.herokuapp.com/users 
 status=200, reason=OK 
 headers={'Server': 'Cowboy', 'Connection': 'keep-alive', 'X-Powered-By': 'Express', 'Access-Control-Allow-Origin': '*', 'Content-Type': 'application/json; charset=utf-8', 'Content-Length': '535', 'Etag': 'W/"217-tYgBOVsUGv5QbxlsK3c+VioQxFk"', 'Date': 'Thu, 24 Feb 2022 00:01:24 GMT', 'Via': '1.1 vegur'} 
 body={"id":46,"email":"joao@qaninja.com.br","password_hash":"$2b$08$POM.dNAN0pP.LeseaM8yi.Zyrlfgeb.vnYxZPq7VGp/.eQub42i/6","name":"Joao Lucas","avatar":null,"whatsapp":"11999999999","is_geek":true,"desc":"Seu computador está lento? Reiniciando do nada? Talvez seja um vírus, ou algum hardware com defeito. Posso fazer a manutenção no seu PC, formando, reinstalando o SO, trocando algum componente físico e porque não remover o baidu ou qualquer outro malware.","printer_repair":"Sim","work":"Presencial","cost":"100.00","user_id":312} 
 </msg>
<msg timestamp="20220223 21:01:24.284" level="INFO">${response} = &lt;Response [200]&gt;</msg>
<status status="PASS" starttime="20220223 21:01:23.521" endtime="20220223 21:01:24.284"/>
</kw>
<msg timestamp="20220223 21:01:24.285" level="INFO">${response} = &lt;Response [200]&gt;</msg>
<status status="PASS" starttime="20220223 21:01:23.518" endtime="20220223 21:01:24.285"/>
</kw>
<kw name="Should Be Equal As Strings" library="BuiltIn">
<arg>${user}[name]</arg>
<arg>${response.json()}[name]</arg>
<doc>Fails if objects are unequal after converting them to strings.</doc>
<status status="PASS" starttime="20220223 21:01:24.286" endtime="20220223 21:01:24.289"/>
</kw>
<kw name="Should Be Equal As Strings" library="BuiltIn">
<arg>${user}[email]</arg>
<arg>${response.json()}[email]</arg>
<doc>Fails if objects are unequal after converting them to strings.</doc>
<status status="PASS" starttime="20220223 21:01:24.289" endtime="20220223 21:01:24.293"/>
</kw>
<kw name="Should Be Equal As Strings" library="BuiltIn">
<arg>${user}[geek_profile][whatsapp]</arg>
<arg>${response.json()}[whatsapp]</arg>
<doc>Fails if objects are unequal after converting them to strings.</doc>
<status status="PASS" starttime="20220223 21:01:24.294" endtime="20220223 21:01:24.298"/>
</kw>
<kw name="Should Be Equal As Strings" library="BuiltIn">
<arg>${user}[geek_profile][desc]</arg>
<arg>${response.json()}[desc]</arg>
<doc>Fails if objects are unequal after converting them to strings.</doc>
<status status="PASS" starttime="20220223 21:01:24.299" endtime="20220223 21:01:24.302"/>
</kw>
<kw name="Convert To Number" library="BuiltIn">
<var>${expected_float}</var>
<arg>${user}[geek_profile][cost]</arg>
<doc>Converts the given item to a floating point number.</doc>
<msg timestamp="20220223 21:01:24.303" level="INFO">${expected_float} = 100.0</msg>
<status status="PASS" starttime="20220223 21:01:24.302" endtime="20220223 21:01:24.303"/>
</kw>
<kw name="Convert To Number" library="BuiltIn">
<var>${got_float}</var>
<arg>${response.json()}[cost]</arg>
<doc>Converts the given item to a floating point number.</doc>
<msg timestamp="20220223 21:01:24.305" level="INFO">${got_float} = 100.0</msg>
<status status="PASS" starttime="20220223 21:01:24.303" endtime="20220223 21:01:24.305"/>
</kw>
<kw name="Should Be Equal As Strings" library="BuiltIn">
<arg>${expected_float}</arg>
<arg>${got_float}</arg>
<doc>Fails if objects are unequal after converting them to strings.</doc>
<status status="PASS" starttime="20220223 21:01:24.305" endtime="20220223 21:01:24.306"/>
</kw>
<kw name="Should Be Equal As Strings" library="BuiltIn">
<arg>${user}[geek_profile][cost]</arg>
<arg>${response.json()}[cost]</arg>
<doc>Fails if objects are unequal after converting them to strings.</doc>
<status status="PASS" starttime="20220223 21:01:24.307" endtime="20220223 21:01:24.310"/>
</kw>
<kw name="Should Be Equal As Strings" library="BuiltIn">
<arg>${user}[geek_profile][printer_repair]</arg>
<arg>${response.json()}[printer_repair]</arg>
<doc>Fails if objects are unequal after converting them to strings.</doc>
<status status="PASS" starttime="20220223 21:01:24.310" endtime="20220223 21:01:24.313"/>
</kw>
<kw name="Should Be Equal As Strings" library="BuiltIn">
<arg>${user}[geek_profile][work]</arg>
<arg>${response.json()}[work]</arg>
<doc>Fails if objects are unequal after converting them to strings.</doc>
<status status="PASS" starttime="20220223 21:01:24.314" endtime="20220223 21:01:24.318"/>
</kw>
<kw name="Should Be Equal As Strings" library="BuiltIn">
<arg>None</arg>
<arg>${response.json()}[avatar]</arg>
<doc>Fails if objects are unequal after converting them to strings.</doc>
<msg timestamp="20220223 21:01:24.320" level="INFO">Argument types are:
&lt;type 'unicode'&gt;
&lt;class 'NoneType'&gt;</msg>
<status status="PASS" starttime="20220223 21:01:24.318" endtime="20220223 21:01:24.320"/>
</kw>
<kw name="Should Be Equal As Strings" library="BuiltIn">
<arg>True</arg>
<arg>${response.json()}[is_geek]</arg>
<doc>Fails if objects are unequal after converting them to strings.</doc>
<msg timestamp="20220223 21:01:24.322" level="INFO">Argument types are:
&lt;type 'unicode'&gt;
&lt;class 'bool'&gt;</msg>
<status status="PASS" starttime="20220223 21:01:24.320" endtime="20220223 21:01:24.322"/>
</kw>
<status status="PASS" starttime="20220223 21:01:15.329" endtime="20220223 21:01:24.323"/>
</test>
<test id="s1-s1-t2" name="Get Geek List">
<kw name="Factory Search For Geeks" library="Users">
<var>${data}</var>
<msg timestamp="20220223 21:01:24.327" level="INFO">${data} = {'user': {'name': 'Peter Quill', 'email': 'quill@marvel.com', 'password': 'pwd123'}, 'geeks': [{'name': 'Riri Willians', 'email': 'riri@marvel.com', 'password': 'pwd123', 'geek_profile': {'whatsapp': ...</msg>
<status status="PASS" starttime="20220223 21:01:24.326" endtime="20220223 21:01:24.327"/>
</kw>
<for flavor="IN">
<var>${geek}</var>
<value>@{data}[geeks]</value>
<iter>
<var name="${geek}">{'name': 'Riri Willians', 'email': 'riri@marvel.com', 'password': 'pwd123', 'geek_profile': {'whatsapp': '11999999999', 'desc': 'Seu computador está lento? Reiniciando do nada? Talvez seja um vírus, o...</var>
<kw name="Post User" library="UsersRoute">
<arg>${geek}</arg>
<kw name="POST" library="RequestsLibrary">
<var>${response}</var>
<arg>${API_USERS}/users</arg>
<arg>json=${payload}</arg>
<arg>expected_status=any</arg>
<doc>Sends a POST request.</doc>
<msg timestamp="20220223 21:01:25.002" level="INFO">POST Request : url=https://getgeeks-users-carlosouzapsi.herokuapp.com/users 
 path_url=/users 
 headers={'User-Agent': 'python-requests/2.22.0', 'Accept-Encoding': 'gzip, deflate', 'Accept': '*/*', 'Connection': 'keep-alive', 'Content-Length': '483', 'Content-Type': 'application/json'} 
 body=b'{"name": "Riri Willians", "email": "riri@marvel.com", "password": "pwd123", "geek_profile": {"whatsapp": "11999999999", "desc": "Seu computador est\\u00e1 lento? Reiniciando do nada? Talvez seja um v\\u00edrus, ou algum hardware com defeito. Posso fazer a manuten\\u00e7\\u00e3o no seu PC, formando, reinstalando o SO, trocando algum componente f\\u00edsico e porque n\\u00e3o remover o baidu ou qualquer outro malware.", "printer_repair": "N\\u00e3o", "work": "Presencial", "cost": "100"}}' 
 </msg>
<msg timestamp="20220223 21:01:25.003" level="INFO">POST Response : url=https://getgeeks-users-carlosouzapsi.herokuapp.com/users 
 status=400, reason=Bad Request 
 headers={'Server': 'Cowboy', 'Connection': 'keep-alive', 'X-Powered-By': 'Express', 'Access-Control-Allow-Origin': '*', 'Content-Type': 'application/json; charset=utf-8', 'Content-Length': '31', 'Etag': 'W/"1f-lFUySNKwX3L5eGEwGcNcUoVKWhE"', 'Date': 'Thu, 24 Feb 2022 00:01:24 GMT', 'Via': '1.1 vegur'} 
 body={"error":"User already exists"} 
 </msg>
<msg timestamp="20220223 21:01:25.003" level="INFO">${response} = &lt;Response [400]&gt;</msg>
<status status="PASS" starttime="20220223 21:01:24.330" endtime="20220223 21:01:25.004"/>
</kw>
<status status="PASS" starttime="20220223 21:01:24.329" endtime="20220223 21:01:25.004"/>
</kw>
<kw name="Get Token" library="Helpers">
<var>${token}</var>
<arg>${geek}</arg>
<kw name="Create Dictionary" library="BuiltIn">
<var>${payload}</var>
<arg>email=${user}[email]</arg>
<arg>password=${user}[password]</arg>
<doc>Creates and returns a dictionary based on the given ``items``.</doc>
<msg timestamp="20220223 21:01:25.009" level="INFO">${payload} = {'email': 'riri@marvel.com', 'password': 'pwd123'}</msg>
<status status="PASS" starttime="20220223 21:01:25.005" endtime="20220223 21:01:25.009"/>
</kw>
<kw name="Post Session" library="SessionsRoute">
<var>${Response}</var>
<arg>${payload}</arg>
<kw name="POST" library="RequestsLibrary">
<var>${response}</var>
<arg>${API_USERS}/sessions</arg>
<arg>json=${payload}</arg>
<arg>expected_status=any</arg>
<doc>Sends a POST request.</doc>
<msg timestamp="20220223 21:01:25.740" level="INFO">POST Request : url=https://getgeeks-users-carlosouzapsi.herokuapp.com/sessions 
 path_url=/sessions 
 headers={'User-Agent': 'python-requests/2.22.0', 'Accept-Encoding': 'gzip, deflate', 'Accept': '*/*', 'Connection': 'keep-alive', 'Content-Length': '50', 'Content-Type': 'application/json'} 
 body=b'{"email": "riri@marvel.com", "password": "pwd123"}' 
 </msg>
<msg timestamp="20220223 21:01:25.740" level="INFO">POST Response : url=https://getgeeks-users-carlosouzapsi.herokuapp.com/sessions 
 status=200, reason=OK 
 headers={'Server': 'Cowboy', 'Connection': 'keep-alive', 'X-Powered-By': 'Express', 'Access-Control-Allow-Origin': '*', 'Content-Type': 'application/json; charset=utf-8', 'Content-Length': '371', 'Etag': 'W/"173-y4YT3lxExAvRcJVoLZzDbVY9dfM"', 'Date': 'Thu, 24 Feb 2022 00:01:25 GMT', 'Via': '1.1 vegur'} 
 body={"user":{"id":299,"email":"riri@marvel.com","password_hash":"$2b$08$zd2A8BPyFju9GTfnr.xKCO/I/vF45i1Lv9ldPzECSRf3iJjBIOQ3C","name":"Riri Willians","avatar":null,"whatsapp":"11999999999","is_geek":true},"token":"eyJhbGciOiJIUzI1NiIsInR5cCI6IkpXVCJ9.eyJpZCI6Mjk5LCJpYXQiOjE2NDU2NjA4ODUsImV4cCI6MTY0NjUyNDg4NX0.HH3BB-dW0sv-y6J814npp8qRo0dI2S6GPSdlHYGeyc0","expires_in":"10d"} 
 </msg>
<msg timestamp="20220223 21:01:25.741" level="INFO">${response} = &lt;Response [200]&gt;</msg>
<status status="PASS" starttime="20220223 21:01:25.012" endtime="20220223 21:01:25.742"/>
</kw>
<msg timestamp="20220223 21:01:25.744" level="INFO">${Response} = &lt;Response [200]&gt;</msg>
<status status="PASS" starttime="20220223 21:01:25.010" endtime="20220223 21:01:25.744"/>
</kw>
<kw name="Set Variable" library="BuiltIn">
<var>${result}</var>
<arg>${EMPTY}</arg>
<doc>Returns the given values which can then be assigned to a variables.</doc>
<msg timestamp="20220223 21:01:25.748" level="INFO">${result} = </msg>
<status status="PASS" starttime="20220223 21:01:25.744" endtime="20220223 21:01:25.748"/>
</kw>
<if>
<branch type="IF" condition="&quot;200&quot; in &quot;${response}&quot;">
<kw name="Set Variable" library="BuiltIn">
<var>${result}</var>
<arg>Bearer ${response.json()}[token]</arg>
<doc>Returns the given values which can then be assigned to a variables.</doc>
<msg timestamp="20220223 21:01:25.753" level="INFO">${result} = Bearer eyJhbGciOiJIUzI1NiIsInR5cCI6IkpXVCJ9.eyJpZCI6Mjk5LCJpYXQiOjE2NDU2NjA4ODUsImV4cCI6MTY0NjUyNDg4NX0.HH3BB-dW0sv-y6J814npp8qRo0dI2S6GPSdlHYGeyc0</msg>
<status status="PASS" starttime="20220223 21:01:25.750" endtime="20220223 21:01:25.753"/>
</kw>
<status status="PASS" starttime="20220223 21:01:25.749" endtime="20220223 21:01:25.753"/>
</branch>
<status status="PASS" starttime="20220223 21:01:25.749" endtime="20220223 21:01:25.753"/>
</if>
<msg timestamp="20220223 21:01:25.754" level="INFO">${token} = Bearer eyJhbGciOiJIUzI1NiIsInR5cCI6IkpXVCJ9.eyJpZCI6Mjk5LCJpYXQiOjE2NDU2NjA4ODUsImV4cCI6MTY0NjUyNDg4NX0.HH3BB-dW0sv-y6J814npp8qRo0dI2S6GPSdlHYGeyc0</msg>
<status status="PASS" starttime="20220223 21:01:25.004" endtime="20220223 21:01:25.754"/>
</kw>
<kw name="Post Geek" library="GeeksRoute">
<arg>${token}</arg>
<arg>${geek}[geek_profile]</arg>
<kw name="Create Dictionary" library="BuiltIn">
<var>${headers}</var>
<arg>Authorization=${token}</arg>
<doc>Creates and returns a dictionary based on the given ``items``.</doc>
<msg timestamp="20220223 21:01:25.759" level="INFO">${headers} = {'Authorization': 'Bearer eyJhbGciOiJIUzI1NiIsInR5cCI6IkpXVCJ9.eyJpZCI6Mjk5LCJpYXQiOjE2NDU2NjA4ODUsImV4cCI6MTY0NjUyNDg4NX0.HH3BB-dW0sv-y6J814npp8qRo0dI2S6GPSdlHYGeyc0'}</msg>
<status status="PASS" starttime="20220223 21:01:25.756" endtime="20220223 21:01:25.759"/>
</kw>
<kw name="POST" library="RequestsLibrary">
<var>${response}</var>
<arg>${API_GEEKS}/geeks</arg>
<arg>json=${payload}</arg>
<arg>headers=${headers}</arg>
<arg>expected_status=any</arg>
<doc>Sends a POST request.</doc>
<msg timestamp="20220223 21:01:26.478" level="INFO">POST Request : url=https://getgeeks-geeks-carlosouzapsi.herokuapp.com/geeks 
 path_url=/geeks 
 headers={'User-Agent': 'python-requests/2.22.0', 'Accept-Encoding': 'gzip, deflate', 'Accept': '*/*', 'Connection': 'keep-alive', 'Authorization': 'Bearer eyJhbGciOiJIUzI1NiIsInR5cCI6IkpXVCJ9.eyJpZCI6Mjk5LCJpYXQiOjE2NDU2NjA4ODUsImV4cCI6MTY0NjUyNDg4NX0.HH3BB-dW0sv-y6J814npp8qRo0dI2S6GPSdlHYGeyc0', 'Content-Length': '390', 'Content-Type': 'application/json'} 
 body=b'{"whatsapp": "11999999999", "desc": "Seu computador est\\u00e1 lento? Reiniciando do nada? Talvez seja um v\\u00edrus, ou algum hardware com defeito. Posso fazer a manuten\\u00e7\\u00e3o no seu PC, formando, reinstalando o SO, trocando algum componente f\\u00edsico e porque n\\u00e3o remover o baidu ou qualquer outro malware.", "printer_repair": "N\\u00e3o", "work": "Presencial", "cost": "100"}' 
 </msg>
<msg timestamp="20220223 21:01:26.479" level="INFO">POST Response : url=https://getgeeks-geeks-carlosouzapsi.herokuapp.com/geeks 
 status=201, reason=Created 
 headers={'Server': 'Cowboy', 'Connection': 'keep-alive', 'X-Powered-By': 'Express', 'Access-Control-Allow-Origin': '*', 'Date': 'Thu, 24 Feb 2022 00:01:26 GMT', 'Content-Length': '0', 'Via': '1.1 vegur'} 
 body=None 
 </msg>
<msg timestamp="20220223 21:01:26.480" level="INFO">${response} = &lt;Response [201]&gt;</msg>
<status status="PASS" starttime="20220223 21:01:25.759" endtime="20220223 21:01:26.480"/>
</kw>
<status status="PASS" starttime="20220223 21:01:25.754" endtime="20220223 21:01:26.481"/>
</kw>
<status status="PASS" starttime="20220223 21:01:24.328" endtime="20220223 21:01:26.481"/>
</iter>
<iter>
<var name="${geek}">{'name': 'Arnim Zola', 'email': 'zola@hidra.com', 'password': 'pwd123', 'geek_profile': {'whatsapp': '21999999999', 'desc': 'Instalo Distros Ubuntu, Debian, ElementaryOS, PopOS, Linux Mint, Kurumin, M...</var>
<kw name="Post User" library="UsersRoute">
<arg>${geek}</arg>
<kw name="POST" library="RequestsLibrary">
<var>${response}</var>
<arg>${API_USERS}/users</arg>
<arg>json=${payload}</arg>
<arg>expected_status=any</arg>
<doc>Sends a POST request.</doc>
<msg timestamp="20220223 21:01:27.196" level="INFO">POST Request : url=https://getgeeks-users-carlosouzapsi.herokuapp.com/users 
 path_url=/users 
 headers={'User-Agent': 'python-requests/2.22.0', 'Accept-Encoding': 'gzip, deflate', 'Accept': '*/*', 'Connection': 'keep-alive', 'Content-Length': '445', 'Content-Type': 'application/json'} 
 body=b'{"name": "Arnim Zola", "email": "zola@hidra.com", "password": "pwd123", "geek_profile": {"whatsapp": "21999999999", "desc": "Instalo Distros Ubuntu, Debian, ElementaryOS, PopOS, Linux Mint, Kurumin, Mandrake, Connectiva, Fedora, RedHat, CentOS, Slackware, Gentoo, Archlinux, Kubuntu, Xubuntu, Suze, Mandriva, Edubuntu, KateOS, Sabayon Linux, Manjaro Linux, BigLinux, ZorinOS, Unit", "printer_repair": "N\\u00e3o", "work": "Ambos", "cost": "110"}}' 
 </msg>
<msg timestamp="20220223 21:01:27.196" level="INFO">POST Response : url=https://getgeeks-users-carlosouzapsi.herokuapp.com/users 
 status=400, reason=Bad Request 
 headers={'Server': 'Cowboy', 'Connection': 'keep-alive', 'X-Powered-By': 'Express', 'Access-Control-Allow-Origin': '*', 'Content-Type': 'application/json; charset=utf-8', 'Content-Length': '31', 'Etag': 'W/"1f-lFUySNKwX3L5eGEwGcNcUoVKWhE"', 'Date': 'Thu, 24 Feb 2022 00:01:27 GMT', 'Via': '1.1 vegur'} 
 body={"error":"User already exists"} 
 </msg>
<msg timestamp="20220223 21:01:27.196" level="INFO">${response} = &lt;Response [400]&gt;</msg>
<status status="PASS" starttime="20220223 21:01:26.483" endtime="20220223 21:01:27.196"/>
</kw>
<status status="PASS" starttime="20220223 21:01:26.482" endtime="20220223 21:01:27.197"/>
</kw>
<kw name="Get Token" library="Helpers">
<var>${token}</var>
<arg>${geek}</arg>
<kw name="Create Dictionary" library="BuiltIn">
<var>${payload}</var>
<arg>email=${user}[email]</arg>
<arg>password=${user}[password]</arg>
<doc>Creates and returns a dictionary based on the given ``items``.</doc>
<msg timestamp="20220223 21:01:27.199" level="INFO">${payload} = {'email': 'zola@hidra.com', 'password': 'pwd123'}</msg>
<status status="PASS" starttime="20220223 21:01:27.198" endtime="20220223 21:01:27.199"/>
</kw>
<kw name="Post Session" library="SessionsRoute">
<var>${Response}</var>
<arg>${payload}</arg>
<kw name="POST" library="RequestsLibrary">
<var>${response}</var>
<arg>${API_USERS}/sessions</arg>
<arg>json=${payload}</arg>
<arg>expected_status=any</arg>
<doc>Sends a POST request.</doc>
<msg timestamp="20220223 21:01:27.851" level="INFO">POST Request : url=https://getgeeks-users-carlosouzapsi.herokuapp.com/sessions 
 path_url=/sessions 
 headers={'User-Agent': 'python-requests/2.22.0', 'Accept-Encoding': 'gzip, deflate', 'Accept': '*/*', 'Connection': 'keep-alive', 'Content-Length': '49', 'Content-Type': 'application/json'} 
 body=b'{"email": "zola@hidra.com", "password": "pwd123"}' 
 </msg>
<msg timestamp="20220223 21:01:27.851" level="INFO">POST Response : url=https://getgeeks-users-carlosouzapsi.herokuapp.com/sessions 
 status=200, reason=OK 
 headers={'Server': 'Cowboy', 'Connection': 'keep-alive', 'X-Powered-By': 'Express', 'Access-Control-Allow-Origin': '*', 'Content-Type': 'application/json; charset=utf-8', 'Content-Length': '367', 'Etag': 'W/"16f-4DvP4kCKrpcMe00ITvfyE9azztI"', 'Date': 'Thu, 24 Feb 2022 00:01:27 GMT', 'Via': '1.1 vegur'} 
 body={"user":{"id":300,"email":"zola@hidra.com","password_hash":"$2b$08$9l1/gn7CsdBAylcNSekoAez7up0w/Z4FCK0srDhBWgT6sBcJZqIri","name":"Arnim Zola","avatar":null,"whatsapp":"21999999999","is_geek":true},"token":"eyJhbGciOiJIUzI1NiIsInR5cCI6IkpXVCJ9.eyJpZCI6MzAwLCJpYXQiOjE2NDU2NjA4ODcsImV4cCI6MTY0NjUyNDg4N30.zhKyO4Lt5gQEL_51GBzen3WTKw66vsZYrXN4c0M9j5M","expires_in":"10d"} 
 </msg>
<msg timestamp="20220223 21:01:27.851" level="INFO">${response} = &lt;Response [200]&gt;</msg>
<status status="PASS" starttime="20220223 21:01:27.201" endtime="20220223 21:01:27.851"/>
</kw>
<msg timestamp="20220223 21:01:27.852" level="INFO">${Response} = &lt;Response [200]&gt;</msg>
<status status="PASS" starttime="20220223 21:01:27.200" endtime="20220223 21:01:27.852"/>
</kw>
<kw name="Set Variable" library="BuiltIn">
<var>${result}</var>
<arg>${EMPTY}</arg>
<doc>Returns the given values which can then be assigned to a variables.</doc>
<msg timestamp="20220223 21:01:27.853" level="INFO">${result} = </msg>
<status status="PASS" starttime="20220223 21:01:27.852" endtime="20220223 21:01:27.853"/>
</kw>
<if>
<branch type="IF" condition="&quot;200&quot; in &quot;${response}&quot;">
<kw name="Set Variable" library="BuiltIn">
<var>${result}</var>
<arg>Bearer ${response.json()}[token]</arg>
<doc>Returns the given values which can then be assigned to a variables.</doc>
<msg timestamp="20220223 21:01:27.854" level="INFO">${result} = Bearer eyJhbGciOiJIUzI1NiIsInR5cCI6IkpXVCJ9.eyJpZCI6MzAwLCJpYXQiOjE2NDU2NjA4ODcsImV4cCI6MTY0NjUyNDg4N30.zhKyO4Lt5gQEL_51GBzen3WTKw66vsZYrXN4c0M9j5M</msg>
<status status="PASS" starttime="20220223 21:01:27.853" endtime="20220223 21:01:27.854"/>
</kw>
<status status="PASS" starttime="20220223 21:01:27.853" endtime="20220223 21:01:27.854"/>
</branch>
<status status="PASS" starttime="20220223 21:01:27.853" endtime="20220223 21:01:27.854"/>
</if>
<msg timestamp="20220223 21:01:27.855" level="INFO">${token} = Bearer eyJhbGciOiJIUzI1NiIsInR5cCI6IkpXVCJ9.eyJpZCI6MzAwLCJpYXQiOjE2NDU2NjA4ODcsImV4cCI6MTY0NjUyNDg4N30.zhKyO4Lt5gQEL_51GBzen3WTKw66vsZYrXN4c0M9j5M</msg>
<status status="PASS" starttime="20220223 21:01:27.197" endtime="20220223 21:01:27.855"/>
</kw>
<kw name="Post Geek" library="GeeksRoute">
<arg>${token}</arg>
<arg>${geek}[geek_profile]</arg>
<kw name="Create Dictionary" library="BuiltIn">
<var>${headers}</var>
<arg>Authorization=${token}</arg>
<doc>Creates and returns a dictionary based on the given ``items``.</doc>
<msg timestamp="20220223 21:01:27.856" level="INFO">${headers} = {'Authorization': 'Bearer eyJhbGciOiJIUzI1NiIsInR5cCI6IkpXVCJ9.eyJpZCI6MzAwLCJpYXQiOjE2NDU2NjA4ODcsImV4cCI6MTY0NjUyNDg4N30.zhKyO4Lt5gQEL_51GBzen3WTKw66vsZYrXN4c0M9j5M'}</msg>
<status status="PASS" starttime="20220223 21:01:27.855" endtime="20220223 21:01:27.856"/>
</kw>
<kw name="POST" library="RequestsLibrary">
<var>${response}</var>
<arg>${API_GEEKS}/geeks</arg>
<arg>json=${payload}</arg>
<arg>headers=${headers}</arg>
<arg>expected_status=any</arg>
<doc>Sends a POST request.</doc>
<msg timestamp="20220223 21:01:28.585" level="INFO">POST Request : url=https://getgeeks-geeks-carlosouzapsi.herokuapp.com/geeks 
 path_url=/geeks 
 headers={'User-Agent': 'python-requests/2.22.0', 'Accept-Encoding': 'gzip, deflate', 'Accept': '*/*', 'Connection': 'keep-alive', 'Authorization': 'Bearer eyJhbGciOiJIUzI1NiIsInR5cCI6IkpXVCJ9.eyJpZCI6MzAwLCJpYXQiOjE2NDU2NjA4ODcsImV4cCI6MTY0NjUyNDg4N30.zhKyO4Lt5gQEL_51GBzen3WTKw66vsZYrXN4c0M9j5M', 'Content-Length': '356', 'Content-Type': 'application/json'} 
 body=b'{"whatsapp": "21999999999", "desc": "Instalo Distros Ubuntu, Debian, ElementaryOS, PopOS, Linux Mint, Kurumin, Mandrake, Connectiva, Fedora, RedHat, CentOS, Slackware, Gentoo, Archlinux, Kubuntu, Xubuntu, Suze, Mandriva, Edubuntu, KateOS, Sabayon Linux, Manjaro Linux, BigLinux, ZorinOS, Unit", "printer_repair": "N\\u00e3o", "work": "Ambos", "cost": "110"}' 
 </msg>
<msg timestamp="20220223 21:01:28.586" level="INFO">POST Response : url=https://getgeeks-geeks-carlosouzapsi.herokuapp.com/geeks 
 status=201, reason=Created 
 headers={'Server': 'Cowboy', 'Connection': 'keep-alive', 'X-Powered-By': 'Express', 'Access-Control-Allow-Origin': '*', 'Date': 'Thu, 24 Feb 2022 00:01:28 GMT', 'Content-Length': '0', 'Via': '1.1 vegur'} 
 body=None 
 </msg>
<msg timestamp="20220223 21:01:28.587" level="INFO">${response} = &lt;Response [201]&gt;</msg>
<status status="PASS" starttime="20220223 21:01:27.856" endtime="20220223 21:01:28.587"/>
</kw>
<status status="PASS" starttime="20220223 21:01:27.855" endtime="20220223 21:01:28.588"/>
</kw>
<status status="PASS" starttime="20220223 21:01:26.481" endtime="20220223 21:01:28.588"/>
</iter>
<iter>
<var name="${geek}">{'name': 'Reed Richards', 'email': 'reed@fantastic4.com', 'password': 'pwd123', 'geek_profile': {'whatsapp': '31999999999', 'desc': 'Instalado e faço manutenção em qualquer tipo de impressora, matrici...</var>
<kw name="Post User" library="UsersRoute">
<arg>${geek}</arg>
<kw name="POST" library="RequestsLibrary">
<var>${response}</var>
<arg>${API_USERS}/users</arg>
<arg>json=${payload}</arg>
<arg>expected_status=any</arg>
<doc>Sends a POST request.</doc>
<msg timestamp="20220223 21:01:29.270" level="INFO">POST Request : url=https://getgeeks-users-carlosouzapsi.herokuapp.com/users 
 path_url=/users 
 headers={'User-Agent': 'python-requests/2.22.0', 'Accept-Encoding': 'gzip, deflate', 'Accept': '*/*', 'Connection': 'keep-alive', 'Content-Length': '415', 'Content-Type': 'application/json'} 
 body=b'{"name": "Reed Richards", "email": "reed@fantastic4.com", "password": "pwd123", "geek_profile": {"whatsapp": "31999999999", "desc": "Instalado e fa\\u00e7o manuten\\u00e7\\u00e3o em qualquer tipo de impressora, matricial padr\\u00e3o, matricial fiscal, a jato, a cera, a laser e at\\u00e9 3D. Tamb\\u00e9m fa\\u00e7o remold de fitas coloridas para Epson LX300. ", "printer_repair": "Sim", "work": "Remoto", "cost": "120"}}' 
 </msg>
<msg timestamp="20220223 21:01:29.270" level="INFO">POST Response : url=https://getgeeks-users-carlosouzapsi.herokuapp.com/users 
 status=400, reason=Bad Request 
 headers={'Server': 'Cowboy', 'Connection': 'keep-alive', 'X-Powered-By': 'Express', 'Access-Control-Allow-Origin': '*', 'Content-Type': 'application/json; charset=utf-8', 'Content-Length': '31', 'Etag': 'W/"1f-lFUySNKwX3L5eGEwGcNcUoVKWhE"', 'Date': 'Thu, 24 Feb 2022 00:01:29 GMT', 'Via': '1.1 vegur'} 
 body={"error":"User already exists"} 
 </msg>
<msg timestamp="20220223 21:01:29.271" level="INFO">${response} = &lt;Response [400]&gt;</msg>
<status status="PASS" starttime="20220223 21:01:28.591" endtime="20220223 21:01:29.271"/>
</kw>
<status status="PASS" starttime="20220223 21:01:28.589" endtime="20220223 21:01:29.272"/>
</kw>
<kw name="Get Token" library="Helpers">
<var>${token}</var>
<arg>${geek}</arg>
<kw name="Create Dictionary" library="BuiltIn">
<var>${payload}</var>
<arg>email=${user}[email]</arg>
<arg>password=${user}[password]</arg>
<doc>Creates and returns a dictionary based on the given ``items``.</doc>
<msg timestamp="20220223 21:01:29.275" level="INFO">${payload} = {'email': 'reed@fantastic4.com', 'password': 'pwd123'}</msg>
<status status="PASS" starttime="20220223 21:01:29.274" endtime="20220223 21:01:29.275"/>
</kw>
<kw name="Post Session" library="SessionsRoute">
<var>${Response}</var>
<arg>${payload}</arg>
<kw name="POST" library="RequestsLibrary">
<var>${response}</var>
<arg>${API_USERS}/sessions</arg>
<arg>json=${payload}</arg>
<arg>expected_status=any</arg>
<doc>Sends a POST request.</doc>
<msg timestamp="20220223 21:01:29.975" level="INFO">POST Request : url=https://getgeeks-users-carlosouzapsi.herokuapp.com/sessions 
 path_url=/sessions 
 headers={'User-Agent': 'python-requests/2.22.0', 'Accept-Encoding': 'gzip, deflate', 'Accept': '*/*', 'Connection': 'keep-alive', 'Content-Length': '54', 'Content-Type': 'application/json'} 
 body=b'{"email": "reed@fantastic4.com", "password": "pwd123"}' 
 </msg>
<msg timestamp="20220223 21:01:29.975" level="INFO">POST Response : url=https://getgeeks-users-carlosouzapsi.herokuapp.com/sessions 
 status=200, reason=OK 
 headers={'Server': 'Cowboy', 'Connection': 'keep-alive', 'X-Powered-By': 'Express', 'Access-Control-Allow-Origin': '*', 'Content-Type': 'application/json; charset=utf-8', 'Content-Length': '375', 'Etag': 'W/"177-sTK9jGCTJXzd3kdpFzxfpUWTUtY"', 'Date': 'Thu, 24 Feb 2022 00:01:29 GMT', 'Via': '1.1 vegur'} 
 body={"user":{"id":301,"email":"reed@fantastic4.com","password_hash":"$2b$08$pmlfygYHCatEQ9NrcCOxkO5A2NVTTffifF1Czuyp9j5CThbd4jeGy","name":"Reed Richards","avatar":null,"whatsapp":"31999999999","is_geek":true},"token":"eyJhbGciOiJIUzI1NiIsInR5cCI6IkpXVCJ9.eyJpZCI6MzAxLCJpYXQiOjE2NDU2NjA4ODksImV4cCI6MTY0NjUyNDg4OX0.t2fBrxswif6UzUeXOvH7_Inm4QmzzrQ00_NRplDO6JY","expires_in":"10d"} 
 </msg>
<msg timestamp="20220223 21:01:29.975" level="INFO">${response} = &lt;Response [200]&gt;</msg>
<status status="PASS" starttime="20220223 21:01:29.276" endtime="20220223 21:01:29.975"/>
</kw>
<msg timestamp="20220223 21:01:29.976" level="INFO">${Response} = &lt;Response [200]&gt;</msg>
<status status="PASS" starttime="20220223 21:01:29.275" endtime="20220223 21:01:29.976"/>
</kw>
<kw name="Set Variable" library="BuiltIn">
<var>${result}</var>
<arg>${EMPTY}</arg>
<doc>Returns the given values which can then be assigned to a variables.</doc>
<msg timestamp="20220223 21:01:29.978" level="INFO">${result} = </msg>
<status status="PASS" starttime="20220223 21:01:29.976" endtime="20220223 21:01:29.978"/>
</kw>
<if>
<branch type="IF" condition="&quot;200&quot; in &quot;${response}&quot;">
<kw name="Set Variable" library="BuiltIn">
<var>${result}</var>
<arg>Bearer ${response.json()}[token]</arg>
<doc>Returns the given values which can then be assigned to a variables.</doc>
<msg timestamp="20220223 21:01:29.981" level="INFO">${result} = Bearer eyJhbGciOiJIUzI1NiIsInR5cCI6IkpXVCJ9.eyJpZCI6MzAxLCJpYXQiOjE2NDU2NjA4ODksImV4cCI6MTY0NjUyNDg4OX0.t2fBrxswif6UzUeXOvH7_Inm4QmzzrQ00_NRplDO6JY</msg>
<status status="PASS" starttime="20220223 21:01:29.979" endtime="20220223 21:01:29.981"/>
</kw>
<status status="PASS" starttime="20220223 21:01:29.979" endtime="20220223 21:01:29.981"/>
</branch>
<status status="PASS" starttime="20220223 21:01:29.978" endtime="20220223 21:01:29.981"/>
</if>
<msg timestamp="20220223 21:01:29.981" level="INFO">${token} = Bearer eyJhbGciOiJIUzI1NiIsInR5cCI6IkpXVCJ9.eyJpZCI6MzAxLCJpYXQiOjE2NDU2NjA4ODksImV4cCI6MTY0NjUyNDg4OX0.t2fBrxswif6UzUeXOvH7_Inm4QmzzrQ00_NRplDO6JY</msg>
<status status="PASS" starttime="20220223 21:01:29.272" endtime="20220223 21:01:29.982"/>
</kw>
<kw name="Post Geek" library="GeeksRoute">
<arg>${token}</arg>
<arg>${geek}[geek_profile]</arg>
<kw name="Create Dictionary" library="BuiltIn">
<var>${headers}</var>
<arg>Authorization=${token}</arg>
<doc>Creates and returns a dictionary based on the given ``items``.</doc>
<msg timestamp="20220223 21:01:29.983" level="INFO">${headers} = {'Authorization': 'Bearer eyJhbGciOiJIUzI1NiIsInR5cCI6IkpXVCJ9.eyJpZCI6MzAxLCJpYXQiOjE2NDU2NjA4ODksImV4cCI6MTY0NjUyNDg4OX0.t2fBrxswif6UzUeXOvH7_Inm4QmzzrQ00_NRplDO6JY'}</msg>
<status status="PASS" starttime="20220223 21:01:29.982" endtime="20220223 21:01:29.983"/>
</kw>
<kw name="POST" library="RequestsLibrary">
<var>${response}</var>
<arg>${API_GEEKS}/geeks</arg>
<arg>json=${payload}</arg>
<arg>headers=${headers}</arg>
<arg>expected_status=any</arg>
<doc>Sends a POST request.</doc>
<msg timestamp="20220223 21:01:30.794" level="INFO">POST Request : url=https://getgeeks-geeks-carlosouzapsi.herokuapp.com/geeks 
 path_url=/geeks 
 headers={'User-Agent': 'python-requests/2.22.0', 'Accept-Encoding': 'gzip, deflate', 'Accept': '*/*', 'Connection': 'keep-alive', 'Authorization': 'Bearer eyJhbGciOiJIUzI1NiIsInR5cCI6IkpXVCJ9.eyJpZCI6MzAxLCJpYXQiOjE2NDU2NjA4ODksImV4cCI6MTY0NjUyNDg4OX0.t2fBrxswif6UzUeXOvH7_Inm4QmzzrQ00_NRplDO6JY', 'Content-Length': '318', 'Content-Type': 'application/json'} 
 body=b'{"whatsapp": "31999999999", "desc": "Instalado e fa\\u00e7o manuten\\u00e7\\u00e3o em qualquer tipo de impressora, matricial padr\\u00e3o, matricial fiscal, a jato, a cera, a laser e at\\u00e9 3D. Tamb\\u00e9m fa\\u00e7o remold de fitas coloridas para Epson LX300. ", "printer_repair": "Sim", "work": "Remoto", "cost": "120"}' 
 </msg>
<msg timestamp="20220223 21:01:30.794" level="INFO">POST Response : url=https://getgeeks-geeks-carlosouzapsi.herokuapp.com/geeks 
 status=201, reason=Created 
 headers={'Server': 'Cowboy', 'Connection': 'keep-alive', 'X-Powered-By': 'Express', 'Access-Control-Allow-Origin': '*', 'Date': 'Thu, 24 Feb 2022 00:01:30 GMT', 'Content-Length': '0', 'Via': '1.1 vegur'} 
 body=None 
 </msg>
<msg timestamp="20220223 21:01:30.794" level="INFO">${response} = &lt;Response [201]&gt;</msg>
<status status="PASS" starttime="20220223 21:01:29.983" endtime="20220223 21:01:30.794"/>
</kw>
<status status="PASS" starttime="20220223 21:01:29.982" endtime="20220223 21:01:30.795"/>
</kw>
<status status="PASS" starttime="20220223 21:01:28.589" endtime="20220223 21:01:30.795"/>
</iter>
<status status="PASS" starttime="20220223 21:01:24.327" endtime="20220223 21:01:30.795"/>
</for>
<kw name="Post User" library="UsersRoute">
<arg>${data}[user]</arg>
<kw name="POST" library="RequestsLibrary">
<var>${response}</var>
<arg>${API_USERS}/users</arg>
<arg>json=${payload}</arg>
<arg>expected_status=any</arg>
<doc>Sends a POST request.</doc>
<msg timestamp="20220223 21:01:31.471" level="INFO">POST Request : url=https://getgeeks-users-carlosouzapsi.herokuapp.com/users 
 path_url=/users 
 headers={'User-Agent': 'python-requests/2.22.0', 'Accept-Encoding': 'gzip, deflate', 'Accept': '*/*', 'Connection': 'keep-alive', 'Content-Length': '74', 'Content-Type': 'application/json'} 
 body=b'{"name": "Peter Quill", "email": "quill@marvel.com", "password": "pwd123"}' 
 </msg>
<msg timestamp="20220223 21:01:31.471" level="INFO">POST Response : url=https://getgeeks-users-carlosouzapsi.herokuapp.com/users 
 status=400, reason=Bad Request 
 headers={'Server': 'Cowboy', 'Connection': 'keep-alive', 'X-Powered-By': 'Express', 'Access-Control-Allow-Origin': '*', 'Content-Type': 'application/json; charset=utf-8', 'Content-Length': '31', 'Etag': 'W/"1f-lFUySNKwX3L5eGEwGcNcUoVKWhE"', 'Date': 'Thu, 24 Feb 2022 00:01:31 GMT', 'Via': '1.1 vegur'} 
 body={"error":"User already exists"} 
 </msg>
<msg timestamp="20220223 21:01:31.472" level="INFO">${response} = &lt;Response [400]&gt;</msg>
<status status="PASS" starttime="20220223 21:01:30.795" endtime="20220223 21:01:31.472"/>
</kw>
<status status="PASS" starttime="20220223 21:01:30.795" endtime="20220223 21:01:31.475"/>
</kw>
<kw name="Get Token" library="Helpers">
<var>${token}</var>
<arg>${data}[user]</arg>
<kw name="Create Dictionary" library="BuiltIn">
<var>${payload}</var>
<arg>email=${user}[email]</arg>
<arg>password=${user}[password]</arg>
<doc>Creates and returns a dictionary based on the given ``items``.</doc>
<msg timestamp="20220223 21:01:31.480" level="INFO">${payload} = {'email': 'quill@marvel.com', 'password': 'pwd123'}</msg>
<status status="PASS" starttime="20220223 21:01:31.478" endtime="20220223 21:01:31.480"/>
</kw>
<kw name="Post Session" library="SessionsRoute">
<var>${Response}</var>
<arg>${payload}</arg>
<kw name="POST" library="RequestsLibrary">
<var>${response}</var>
<arg>${API_USERS}/sessions</arg>
<arg>json=${payload}</arg>
<arg>expected_status=any</arg>
<doc>Sends a POST request.</doc>
<msg timestamp="20220223 21:01:32.810" level="INFO">POST Request : url=https://getgeeks-users-carlosouzapsi.herokuapp.com/sessions 
 path_url=/sessions 
 headers={'User-Agent': 'python-requests/2.22.0', 'Accept-Encoding': 'gzip, deflate', 'Accept': '*/*', 'Connection': 'keep-alive', 'Content-Length': '51', 'Content-Type': 'application/json'} 
 body=b'{"email": "quill@marvel.com", "password": "pwd123"}' 
 </msg>
<msg timestamp="20220223 21:01:32.810" level="INFO">POST Response : url=https://getgeeks-users-carlosouzapsi.herokuapp.com/sessions 
 status=200, reason=OK 
 headers={'Server': 'Cowboy', 'Connection': 'keep-alive', 'X-Powered-By': 'Express', 'Access-Control-Allow-Origin': '*', 'Content-Type': 'application/json; charset=utf-8', 'Content-Length': '362', 'Etag': 'W/"16a-QRmu3ubjJx1dkq3affOQ+tde3WE"', 'Date': 'Thu, 24 Feb 2022 00:01:32 GMT', 'Via': '1.1 vegur'} 
 body={"user":{"id":302,"email":"quill@marvel.com","password_hash":"$2b$08$DSxHch0jjW5EU/5PY3xaqOim57n5KOZ1MBAeeMY1dZukMYLm9hoGK","name":"Peter Quill","avatar":null,"whatsapp":null,"is_geek":false},"token":"eyJhbGciOiJIUzI1NiIsInR5cCI6IkpXVCJ9.eyJpZCI6MzAyLCJpYXQiOjE2NDU2NjA4OTIsImV4cCI6MTY0NjUyNDg5Mn0.fJvcAnSvXVgdPMsDvfDVH_F7h1ewSPGpEaCinXmswcw","expires_in":"10d"} 
 </msg>
<msg timestamp="20220223 21:01:32.810" level="INFO">${response} = &lt;Response [200]&gt;</msg>
<status status="PASS" starttime="20220223 21:01:31.482" endtime="20220223 21:01:32.811"/>
</kw>
<msg timestamp="20220223 21:01:32.813" level="INFO">${Response} = &lt;Response [200]&gt;</msg>
<status status="PASS" starttime="20220223 21:01:31.480" endtime="20220223 21:01:32.813"/>
</kw>
<kw name="Set Variable" library="BuiltIn">
<var>${result}</var>
<arg>${EMPTY}</arg>
<doc>Returns the given values which can then be assigned to a variables.</doc>
<msg timestamp="20220223 21:01:32.816" level="INFO">${result} = </msg>
<status status="PASS" starttime="20220223 21:01:32.814" endtime="20220223 21:01:32.816"/>
</kw>
<if>
<branch type="IF" condition="&quot;200&quot; in &quot;${response}&quot;">
<kw name="Set Variable" library="BuiltIn">
<var>${result}</var>
<arg>Bearer ${response.json()}[token]</arg>
<doc>Returns the given values which can then be assigned to a variables.</doc>
<msg timestamp="20220223 21:01:32.818" level="INFO">${result} = Bearer eyJhbGciOiJIUzI1NiIsInR5cCI6IkpXVCJ9.eyJpZCI6MzAyLCJpYXQiOjE2NDU2NjA4OTIsImV4cCI6MTY0NjUyNDg5Mn0.fJvcAnSvXVgdPMsDvfDVH_F7h1ewSPGpEaCinXmswcw</msg>
<status status="PASS" starttime="20220223 21:01:32.817" endtime="20220223 21:01:32.819"/>
</kw>
<status status="PASS" starttime="20220223 21:01:32.816" endtime="20220223 21:01:32.819"/>
</branch>
<status status="PASS" starttime="20220223 21:01:32.816" endtime="20220223 21:01:32.819"/>
</if>
<msg timestamp="20220223 21:01:32.819" level="INFO">${token} = Bearer eyJhbGciOiJIUzI1NiIsInR5cCI6IkpXVCJ9.eyJpZCI6MzAyLCJpYXQiOjE2NDU2NjA4OTIsImV4cCI6MTY0NjUyNDg5Mn0.fJvcAnSvXVgdPMsDvfDVH_F7h1ewSPGpEaCinXmswcw</msg>
<status status="PASS" starttime="20220223 21:01:31.475" endtime="20220223 21:01:32.819"/>
</kw>
<kw name="Get Geeks" library="GeeksRoute">
<var>${response}</var>
<arg>${token}</arg>
<kw name="Create Dictionary" library="BuiltIn">
<var>${headers}</var>
<arg>Authorization=${token}</arg>
<doc>Creates and returns a dictionary based on the given ``items``.</doc>
<msg timestamp="20220223 21:01:32.821" level="INFO">${headers} = {'Authorization': 'Bearer eyJhbGciOiJIUzI1NiIsInR5cCI6IkpXVCJ9.eyJpZCI6MzAyLCJpYXQiOjE2NDU2NjA4OTIsImV4cCI6MTY0NjUyNDg5Mn0.fJvcAnSvXVgdPMsDvfDVH_F7h1ewSPGpEaCinXmswcw'}</msg>
<status status="PASS" starttime="20220223 21:01:32.820" endtime="20220223 21:01:32.821"/>
</kw>
<kw name="GET" library="RequestsLibrary">
<var>${response}</var>
<arg>${API_GEEKS}/geeks</arg>
<arg>headers=${headers}</arg>
<arg>expected_status=any</arg>
<doc>Sends a GET request.</doc>
<msg timestamp="20220223 21:01:33.582" level="INFO">GET Request : url=https://getgeeks-geeks-carlosouzapsi.herokuapp.com/geeks 
 path_url=/geeks 
 headers={'User-Agent': 'python-requests/2.22.0', 'Accept-Encoding': 'gzip, deflate', 'Accept': '*/*', 'Connection': 'keep-alive', 'Authorization': 'Bearer eyJhbGciOiJIUzI1NiIsInR5cCI6IkpXVCJ9.eyJpZCI6MzAyLCJpYXQiOjE2NDU2NjA4OTIsImV4cCI6MTY0NjUyNDg5Mn0.fJvcAnSvXVgdPMsDvfDVH_F7h1ewSPGpEaCinXmswcw'} 
 body=None 
 </msg>
<msg timestamp="20220223 21:01:33.584" level="INFO">GET Response : url=https://getgeeks-geeks-carlosouzapsi.herokuapp.com/geeks 
 status=200, reason=OK 
 headers={'Server': 'Cowboy', 'Connection': 'keep-alive', 'X-Powered-By': 'Express', 'Access-Control-Allow-Origin': '*', 'Content-Type': 'application/json; charset=utf-8', 'Content-Length': '2089', 'Etag': 'W/"829-IgOYDibs7Ngh2aKJWh4Ch/3AzV8"', 'Date': 'Thu, 24 Feb 2022 00:01:33 GMT', 'Via': '1.1 vegur'} 
 body={"Geeks":[{"id":312,"desc":"Seu computador está lento? Reiniciando do nada? Talvez seja um vírus, ou algum hardware com defeito. Posso fazer a manutenção no seu PC, formando, reinstalando o SO, trocando algum componente físico e porque não remover o baidu ou qualquer outro malware.","printer_repair":"Sim","work":"Presencial","cost":"100.00","user_id":312,"email":"joao@qaninja.com.br","password_hash":"$2b$08$POM.dNAN0pP.LeseaM8yi.Zyrlfgeb.vnYxZPq7VGp/.eQub42i/6","name":"Joao Lucas","avatar":null,"whatsapp":"11999999999","is_geek":true},{"id":299,"desc":"Seu computador está lento? Reiniciando do nada? Talvez seja um vírus, ou algum hardware com defeito. Posso fazer a manutenção no seu PC, formando, reinstalando o SO, trocando algum componente físico e porque não remover o baidu ou qualquer outro malware.","printer_repair":"Não","work":"Presencial","cost":"100.00","user_id":299,"email":"riri@marvel.com","password_hash":"$2b$08$zd2A8BPyFju9GTfnr.xKCO/I/vF45i1Lv9ldPzECSRf3iJjBIOQ3C","name":"Riri Willians","avatar":null,"whatsapp":"11999999999","is_geek":true},{"id":300,"desc":"Instalo Distros Ubuntu, Debian, ElementaryOS, PopOS, Linux Mint, Kurumin, Mandrake, Connectiva, Fedora, RedHat, CentOS, Slackware, Gentoo, Archlinux, Kubuntu, Xubuntu, Suze, Mandriva, Edubuntu, KateOS, Sabayon Linux, Manjaro Linux, BigLinux, ZorinOS, Unit","printer_repair":"Não","work":"Ambos","cost":"110.00","user_id":300,"email":"zola@hidra.com","password_hash":"$2b$08$9l1/gn7CsdBAylcNSekoAez7up0w/Z4FCK0srDhBWgT6sBcJZqIri","name":"Arnim Zola","avatar":null,"whatsapp":"21999999999","is_geek":true},{"id":301,"desc":"Instalado e faço manutenção em qualquer tipo de impressora, matricial padrão, matricial fiscal, a jato, a cera, a laser e até 3D. Também faço remold de fitas coloridas para Epson LX300. ","printer_repair":"Sim","work":"Remoto","cost":"120.00","user_id":301,"email":"reed@fantastic4.com","password_hash":"$2b$08$pmlfygYHCatEQ9NrcCOxkO5A2NVTTffifF1Czuyp9j5CThbd4jeGy","name":"Reed Richards","avatar":null,"whatsapp":"31999999999","is_geek":true}],"Count":"4"} 
 </msg>
<msg timestamp="20220223 21:01:33.585" level="INFO">${response} = &lt;Response [200]&gt;</msg>
<status status="PASS" starttime="20220223 21:01:32.821" endtime="20220223 21:01:33.585"/>
</kw>
<msg timestamp="20220223 21:01:33.586" level="INFO">${response} = &lt;Response [200]&gt;</msg>
<status status="PASS" starttime="20220223 21:01:32.820" endtime="20220223 21:01:33.586"/>
</kw>
<kw name="Status Should Be" library="RequestsLibrary">
<arg>200</arg>
<arg>${response}</arg>
<doc>Fails if response status code is different than the expected.</doc>
<status status="PASS" starttime="20220223 21:01:33.587" endtime="20220223 21:01:33.587"/>
</kw>
<kw name="Get Length" library="BuiltIn">
<var>${total}</var>
<arg>${response.json()}[Geeks]</arg>
<doc>Returns and logs the length of the given item as an integer.</doc>
<msg timestamp="20220223 21:01:33.591" level="INFO">Length is 4</msg>
<msg timestamp="20220223 21:01:33.592" level="INFO">${total} = 4</msg>
<status status="PASS" starttime="20220223 21:01:33.588" endtime="20220223 21:01:33.592"/>
</kw>
<kw name="Should Be True" library="BuiltIn">
<arg>${total} &gt; 0</arg>
<doc>Fails if the given condition is not true.</doc>
<status status="PASS" starttime="20220223 21:01:33.592" endtime="20220223 21:01:33.594"/>
</kw>
<tag>temp</tag>
<status status="PASS" starttime="20220223 21:01:24.324" endtime="20220223 21:01:33.595"/>
</test>
<doc>Geek route test suite</doc>
<status status="PASS" starttime="20220223 21:01:15.001" endtime="20220223 21:01:33.599"/>
</suite>
<suite id="s1-s2" name="Sessions" source="/home/carlossouza/Documentos/cursos/GravidadeZERO/getgeeks/project/backend/tests/Sessions.robot">
<test id="s1-s2-t1" name="User Session">
<kw name="Factory User Session" library="Users">
<var>${payload}</var>
<arg>signup</arg>
<msg timestamp="20220223 21:01:33.636" level="INFO">${payload} = {'name': ('Kate Bishop',), 'email': ('kate@email.com',), 'password': 'pwd123'}</msg>
<status status="PASS" starttime="20220223 21:01:33.635" endtime="20220223 21:01:33.636"/>
</kw>
<kw name="Post User" library="UsersRoute">
<arg>${payload}</arg>
<kw name="POST" library="RequestsLibrary">
<var>${response}</var>
<arg>${API_USERS}/users</arg>
<arg>json=${payload}</arg>
<arg>expected_status=any</arg>
<doc>Sends a POST request.</doc>
<msg timestamp="20220223 21:01:34.868" level="INFO">POST Request : url=https://getgeeks-users-carlosouzapsi.herokuapp.com/users 
 path_url=/users 
 headers={'User-Agent': 'python-requests/2.22.0', 'Accept-Encoding': 'gzip, deflate', 'Accept': '*/*', 'Connection': 'keep-alive', 'Content-Length': '76', 'Content-Type': 'application/json'} 
 body=b'{"name": ["Kate Bishop"], "email": ["kate@email.com"], "password": "pwd123"}' 
 </msg>
<msg timestamp="20220223 21:01:34.869" level="INFO">POST Response : url=https://getgeeks-users-carlosouzapsi.herokuapp.com/users 
 status=400, reason=Bad Request 
 headers={'Server': 'Cowboy', 'Connection': 'keep-alive', 'X-Powered-By': 'Express', 'Access-Control-Allow-Origin': '*', 'Content-Type': 'application/json; charset=utf-8', 'Content-Length': '31', 'Etag': 'W/"1f-lFUySNKwX3L5eGEwGcNcUoVKWhE"', 'Date': 'Thu, 24 Feb 2022 00:01:34 GMT', 'Via': '1.1 vegur'} 
 body={"error":"User already exists"} 
 </msg>
<msg timestamp="20220223 21:01:34.869" level="INFO">${response} = &lt;Response [400]&gt;</msg>
<status status="PASS" starttime="20220223 21:01:33.638" endtime="20220223 21:01:34.870"/>
</kw>
<status status="PASS" starttime="20220223 21:01:33.637" endtime="20220223 21:01:34.871"/>
</kw>
<kw name="Factory User Session" library="Users">
<var>${payload}</var>
<arg>login</arg>
<msg timestamp="20220223 21:01:34.872" level="INFO">${payload} = {'email': ('kate@email.com',), 'password': 'pwd123'}</msg>
<status status="PASS" starttime="20220223 21:01:34.871" endtime="20220223 21:01:34.872"/>
</kw>
<kw name="Post Session" library="SessionsRoute">
<var>${response}</var>
<arg>${payload}</arg>
<kw name="POST" library="RequestsLibrary">
<var>${response}</var>
<arg>${API_USERS}/sessions</arg>
<arg>json=${payload}</arg>
<arg>expected_status=any</arg>
<doc>Sends a POST request.</doc>
<msg timestamp="20220223 21:01:35.612" level="INFO">POST Request : url=https://getgeeks-users-carlosouzapsi.herokuapp.com/sessions 
 path_url=/sessions 
 headers={'User-Agent': 'python-requests/2.22.0', 'Accept-Encoding': 'gzip, deflate', 'Accept': '*/*', 'Connection': 'keep-alive', 'Content-Length': '51', 'Content-Type': 'application/json'} 
 body=b'{"email": ["kate@email.com"], "password": "pwd123"}' 
 </msg>
<msg timestamp="20220223 21:01:35.612" level="INFO">POST Response : url=https://getgeeks-users-carlosouzapsi.herokuapp.com/sessions 
 status=200, reason=OK 
 headers={'Server': 'Cowboy', 'Connection': 'keep-alive', 'X-Powered-By': 'Express', 'Access-Control-Allow-Origin': '*', 'Content-Type': 'application/json; charset=utf-8', 'Content-Length': '372', 'Etag': 'W/"174-lBKBkx1WqVM10XHCmm5iHvICxPM"', 'Date': 'Thu, 24 Feb 2022 00:01:35 GMT', 'Via': '1.1 vegur'} 
 body={"user":{"id":304,"email":"{\"kate@email.com\"}","password_hash":"$2b$08$ylPESpfnIbicmgQpyUA2Ke4cU7YLcnRBmTq2ifhGpT6WmChVWEAHm","name":"{\"Kate Bishop\"}","avatar":null,"whatsapp":null,"is_geek":false},"token":"eyJhbGciOiJIUzI1NiIsInR5cCI6IkpXVCJ9.eyJpZCI6MzA0LCJpYXQiOjE2NDU2NjA4OTUsImV4cCI6MTY0NjUyNDg5NX0.UzZ3vgRgavTV2u2I9CVVnaV_Ch6ihGuZ12KmJ3F__T4","expires_in":"10d"} 
 </msg>
<msg timestamp="20220223 21:01:35.613" level="INFO">${response} = &lt;Response [200]&gt;</msg>
<status status="PASS" starttime="20220223 21:01:34.874" endtime="20220223 21:01:35.614"/>
</kw>
<msg timestamp="20220223 21:01:35.616" level="INFO">${response} = &lt;Response [200]&gt;</msg>
<status status="PASS" starttime="20220223 21:01:34.872" endtime="20220223 21:01:35.616"/>
</kw>
<kw name="Status Should Be" library="RequestsLibrary">
<arg>200</arg>
<arg>${response}</arg>
<doc>Fails if response status code is different than the expected.</doc>
<status status="PASS" starttime="20220223 21:01:35.616" endtime="20220223 21:01:35.617"/>
</kw>
<kw name="Get Length" library="BuiltIn">
<var>${size}</var>
<arg>${response.json()}[token]</arg>
<doc>Returns and logs the length of the given item as an integer.</doc>
<msg timestamp="20220223 21:01:35.619" level="INFO">Length is 140</msg>
<msg timestamp="20220223 21:01:35.620" level="INFO">${size} = 140</msg>
<status status="PASS" starttime="20220223 21:01:35.618" endtime="20220223 21:01:35.620"/>
</kw>
<kw name="Should Be True" library="BuiltIn">
<arg>${size} &gt; 0</arg>
<doc>Fails if the given condition is not true.</doc>
<status status="PASS" starttime="20220223 21:01:35.620" endtime="20220223 21:01:35.621"/>
</kw>
<kw name="Should Be Equal" library="BuiltIn">
<arg>10d</arg>
<arg>${response.json()}[expires_in]</arg>
<doc>Fails if the given objects are unequal.</doc>
<status status="PASS" starttime="20220223 21:01:35.621" endtime="20220223 21:01:35.624"/>
</kw>
<status status="PASS" starttime="20220223 21:01:33.633" endtime="20220223 21:01:35.625"/>
</test>
<test id="s1-s2-t2" name="Should not Get Token">
<kw name="Attempt POST Session">
<arg>${inv_pass}</arg>
<arg>401</arg>
<arg>Unauthorized</arg>
<kw name="Post Session" library="SessionsRoute">
<var>${response}</var>
<arg>${payload}</arg>
<kw name="POST" library="RequestsLibrary">
<var>${response}</var>
<arg>${API_USERS}/sessions</arg>
<arg>json=${payload}</arg>
<arg>expected_status=any</arg>
<doc>Sends a POST request.</doc>
<msg timestamp="20220223 21:01:36.351" level="INFO">POST Request : url=https://getgeeks-users-carlosouzapsi.herokuapp.com/sessions 
 path_url=/sessions 
 headers={'User-Agent': 'python-requests/2.22.0', 'Accept-Encoding': 'gzip, deflate', 'Accept': '*/*', 'Connection': 'keep-alive', 'Content-Length': '51', 'Content-Type': 'application/json'} 
 body=b'{"email": "kate@hotmail.com", "password": "abc123"}' 
 </msg>
<msg timestamp="20220223 21:01:36.351" level="INFO">POST Response : url=https://getgeeks-users-carlosouzapsi.herokuapp.com/sessions 
 status=401, reason=Unauthorized 
 headers={'Server': 'Cowboy', 'Connection': 'keep-alive', 'X-Powered-By': 'Express', 'Access-Control-Allow-Origin': '*', 'Content-Type': 'application/json; charset=utf-8', 'Content-Length': '24', 'Etag': 'W/"18-XPDV80vbMk4yY1/PADG4jYM4rSI"', 'Date': 'Thu, 24 Feb 2022 00:01:36 GMT', 'Via': '1.1 vegur'} 
 body={"error":"Unauthorized"} 
 </msg>
<msg timestamp="20220223 21:01:36.352" level="INFO">${response} = &lt;Response [401]&gt;</msg>
<status status="PASS" starttime="20220223 21:01:35.632" endtime="20220223 21:01:36.352"/>
</kw>
<msg timestamp="20220223 21:01:36.354" level="INFO">${response} = &lt;Response [401]&gt;</msg>
<status status="PASS" starttime="20220223 21:01:35.630" endtime="20220223 21:01:36.354"/>
</kw>
<kw name="Status Should Be" library="RequestsLibrary">
<arg>${status_code}</arg>
<arg>${response}</arg>
<doc>Fails if response status code is different than the expected.</doc>
<status status="PASS" starttime="20220223 21:01:36.354" endtime="20220223 21:01:36.355"/>
</kw>
<kw name="Should Be Equal" library="BuiltIn">
<arg>${error_message}</arg>
<arg>${response.json()}[error]</arg>
<doc>Fails if the given objects are unequal.</doc>
<status status="PASS" starttime="20220223 21:01:36.355" endtime="20220223 21:01:36.359"/>
</kw>
<status status="PASS" starttime="20220223 21:01:35.628" endtime="20220223 21:01:36.360"/>
</kw>
<kw name="Attempt POST Session">
<arg>${inv_email}</arg>
<arg>400</arg>
<arg>Incorrect email</arg>
<kw name="Post Session" library="SessionsRoute">
<var>${response}</var>
<arg>${payload}</arg>
<kw name="POST" library="RequestsLibrary">
<var>${response}</var>
<arg>${API_USERS}/sessions</arg>
<arg>json=${payload}</arg>
<arg>expected_status=any</arg>
<doc>Sends a POST request.</doc>
<msg timestamp="20220223 21:01:37.057" level="INFO">POST Request : url=https://getgeeks-users-carlosouzapsi.herokuapp.com/sessions 
 path_url=/sessions 
 headers={'User-Agent': 'python-requests/2.22.0', 'Accept-Encoding': 'gzip, deflate', 'Accept': '*/*', 'Connection': 'keep-alive', 'Content-Length': '46', 'Content-Type': 'application/json'} 
 body=b'{"email": "kate.com.br", "password": "abc123"}' 
 </msg>
<msg timestamp="20220223 21:01:37.057" level="INFO">POST Response : url=https://getgeeks-users-carlosouzapsi.herokuapp.com/sessions 
 status=400, reason=Bad Request 
 headers={'Server': 'Cowboy', 'Connection': 'keep-alive', 'X-Powered-By': 'Express', 'Access-Control-Allow-Origin': '*', 'Content-Type': 'application/json; charset=utf-8', 'Content-Length': '27', 'Etag': 'W/"1b-/TOfJuE8lwSWEXvBl7o6iRstTo0"', 'Date': 'Thu, 24 Feb 2022 00:01:36 GMT', 'Via': '1.1 vegur'} 
 body={"error":"Incorrect email"} 
 </msg>
<msg timestamp="20220223 21:01:37.058" level="INFO">${response} = &lt;Response [400]&gt;</msg>
<status status="PASS" starttime="20220223 21:01:36.367" endtime="20220223 21:01:37.058"/>
</kw>
<msg timestamp="20220223 21:01:37.059" level="INFO">${response} = &lt;Response [400]&gt;</msg>
<status status="PASS" starttime="20220223 21:01:36.363" endtime="20220223 21:01:37.059"/>
</kw>
<kw name="Status Should Be" library="RequestsLibrary">
<arg>${status_code}</arg>
<arg>${response}</arg>
<doc>Fails if response status code is different than the expected.</doc>
<status status="PASS" starttime="20220223 21:01:37.059" endtime="20220223 21:01:37.060"/>
</kw>
<kw name="Should Be Equal" library="BuiltIn">
<arg>${error_message}</arg>
<arg>${response.json()}[error]</arg>
<doc>Fails if the given objects are unequal.</doc>
<status status="PASS" starttime="20220223 21:01:37.060" endtime="20220223 21:01:37.063"/>
</kw>
<status status="PASS" starttime="20220223 21:01:36.361" endtime="20220223 21:01:37.063"/>
</kw>
<kw name="Attempt POST Session">
<arg>${email_404}</arg>
<arg>401</arg>
<arg>Unauthorized</arg>
<kw name="Post Session" library="SessionsRoute">
<var>${response}</var>
<arg>${payload}</arg>
<kw name="POST" library="RequestsLibrary">
<var>${response}</var>
<arg>${API_USERS}/sessions</arg>
<arg>json=${payload}</arg>
<arg>expected_status=any</arg>
<doc>Sends a POST request.</doc>
<msg timestamp="20220223 21:01:37.853" level="INFO">POST Request : url=https://getgeeks-users-carlosouzapsi.herokuapp.com/sessions 
 path_url=/sessions 
 headers={'User-Agent': 'python-requests/2.22.0', 'Accept-Encoding': 'gzip, deflate', 'Accept': '*/*', 'Connection': 'keep-alive', 'Content-Length': '47', 'Content-Type': 'application/json'} 
 body=b'{"email": "kate@404.com", "password": "abc123"}' 
 </msg>
<msg timestamp="20220223 21:01:37.853" level="INFO">POST Response : url=https://getgeeks-users-carlosouzapsi.herokuapp.com/sessions 
 status=401, reason=Unauthorized 
 headers={'Server': 'Cowboy', 'Connection': 'keep-alive', 'X-Powered-By': 'Express', 'Access-Control-Allow-Origin': '*', 'Content-Type': 'application/json; charset=utf-8', 'Content-Length': '24', 'Etag': 'W/"18-XPDV80vbMk4yY1/PADG4jYM4rSI"', 'Date': 'Thu, 24 Feb 2022 00:01:37 GMT', 'Via': '1.1 vegur'} 
 body={"error":"Unauthorized"} 
 </msg>
<msg timestamp="20220223 21:01:37.853" level="INFO">${response} = &lt;Response [401]&gt;</msg>
<status status="PASS" starttime="20220223 21:01:37.065" endtime="20220223 21:01:37.853"/>
</kw>
<msg timestamp="20220223 21:01:37.855" level="INFO">${response} = &lt;Response [401]&gt;</msg>
<status status="PASS" starttime="20220223 21:01:37.064" endtime="20220223 21:01:37.855"/>
</kw>
<kw name="Status Should Be" library="RequestsLibrary">
<arg>${status_code}</arg>
<arg>${response}</arg>
<doc>Fails if response status code is different than the expected.</doc>
<status status="PASS" starttime="20220223 21:01:37.855" endtime="20220223 21:01:37.856"/>
</kw>
<kw name="Should Be Equal" library="BuiltIn">
<arg>${error_message}</arg>
<arg>${response.json()}[error]</arg>
<doc>Fails if the given objects are unequal.</doc>
<status status="PASS" starttime="20220223 21:01:37.857" endtime="20220223 21:01:37.861"/>
</kw>
<status status="PASS" starttime="20220223 21:01:37.063" endtime="20220223 21:01:37.862"/>
</kw>
<kw name="Attempt POST Session">
<arg>${empty_email}</arg>
<arg>400</arg>
<arg>Required email</arg>
<kw name="Post Session" library="SessionsRoute">
<var>${response}</var>
<arg>${payload}</arg>
<kw name="POST" library="RequestsLibrary">
<var>${response}</var>
<arg>${API_USERS}/sessions</arg>
<arg>json=${payload}</arg>
<arg>expected_status=any</arg>
<doc>Sends a POST request.</doc>
<msg timestamp="20220223 21:01:38.656" level="INFO">POST Request : url=https://getgeeks-users-carlosouzapsi.herokuapp.com/sessions 
 path_url=/sessions 
 headers={'User-Agent': 'python-requests/2.22.0', 'Accept-Encoding': 'gzip, deflate', 'Accept': '*/*', 'Connection': 'keep-alive', 'Content-Length': '35', 'Content-Type': 'application/json'} 
 body=b'{"email": "", "password": "abc123"}' 
 </msg>
<msg timestamp="20220223 21:01:38.656" level="INFO">POST Response : url=https://getgeeks-users-carlosouzapsi.herokuapp.com/sessions 
 status=400, reason=Bad Request 
 headers={'Server': 'Cowboy', 'Connection': 'keep-alive', 'X-Powered-By': 'Express', 'Access-Control-Allow-Origin': '*', 'Content-Type': 'application/json; charset=utf-8', 'Content-Length': '26', 'Etag': 'W/"1a-ztWLEO5pP/4DOQYYgf8vh7rMmRI"', 'Date': 'Thu, 24 Feb 2022 00:01:38 GMT', 'Via': '1.1 vegur'} 
 body={"error":"Required email"} 
 </msg>
<msg timestamp="20220223 21:01:38.657" level="INFO">${response} = &lt;Response [400]&gt;</msg>
<status status="PASS" starttime="20220223 21:01:37.866" endtime="20220223 21:01:38.658"/>
</kw>
<msg timestamp="20220223 21:01:38.659" level="INFO">${response} = &lt;Response [400]&gt;</msg>
<status status="PASS" starttime="20220223 21:01:37.865" endtime="20220223 21:01:38.659"/>
</kw>
<kw name="Status Should Be" library="RequestsLibrary">
<arg>${status_code}</arg>
<arg>${response}</arg>
<doc>Fails if response status code is different than the expected.</doc>
<status status="PASS" starttime="20220223 21:01:38.660" endtime="20220223 21:01:38.661"/>
</kw>
<kw name="Should Be Equal" library="BuiltIn">
<arg>${error_message}</arg>
<arg>${response.json()}[error]</arg>
<doc>Fails if the given objects are unequal.</doc>
<status status="PASS" starttime="20220223 21:01:38.661" endtime="20220223 21:01:38.666"/>
</kw>
<status status="PASS" starttime="20220223 21:01:37.862" endtime="20220223 21:01:38.667"/>
</kw>
<kw name="Attempt POST Session">
<arg>${wo_email}</arg>
<arg>400</arg>
<arg>Required email</arg>
<kw name="Post Session" library="SessionsRoute">
<var>${response}</var>
<arg>${payload}</arg>
<kw name="POST" library="RequestsLibrary">
<var>${response}</var>
<arg>${API_USERS}/sessions</arg>
<arg>json=${payload}</arg>
<arg>expected_status=any</arg>
<doc>Sends a POST request.</doc>
<msg timestamp="20220223 21:01:39.328" level="INFO">POST Request : url=https://getgeeks-users-carlosouzapsi.herokuapp.com/sessions 
 path_url=/sessions 
 headers={'User-Agent': 'python-requests/2.22.0', 'Accept-Encoding': 'gzip, deflate', 'Accept': '*/*', 'Connection': 'keep-alive', 'Content-Length': '22', 'Content-Type': 'application/json'} 
 body=b'{"password": "abc123"}' 
 </msg>
<msg timestamp="20220223 21:01:39.328" level="INFO">POST Response : url=https://getgeeks-users-carlosouzapsi.herokuapp.com/sessions 
 status=400, reason=Bad Request 
 headers={'Server': 'Cowboy', 'Connection': 'keep-alive', 'X-Powered-By': 'Express', 'Access-Control-Allow-Origin': '*', 'Content-Type': 'application/json; charset=utf-8', 'Content-Length': '26', 'Etag': 'W/"1a-ztWLEO5pP/4DOQYYgf8vh7rMmRI"', 'Date': 'Thu, 24 Feb 2022 00:01:39 GMT', 'Via': '1.1 vegur'} 
 body={"error":"Required email"} 
 </msg>
<msg timestamp="20220223 21:01:39.328" level="INFO">${response} = &lt;Response [400]&gt;</msg>
<status status="PASS" starttime="20220223 21:01:38.675" endtime="20220223 21:01:39.329"/>
</kw>
<msg timestamp="20220223 21:01:39.329" level="INFO">${response} = &lt;Response [400]&gt;</msg>
<status status="PASS" starttime="20220223 21:01:38.672" endtime="20220223 21:01:39.329"/>
</kw>
<kw name="Status Should Be" library="RequestsLibrary">
<arg>${status_code}</arg>
<arg>${response}</arg>
<doc>Fails if response status code is different than the expected.</doc>
<status status="PASS" starttime="20220223 21:01:39.330" endtime="20220223 21:01:39.330"/>
</kw>
<kw name="Should Be Equal" library="BuiltIn">
<arg>${error_message}</arg>
<arg>${response.json()}[error]</arg>
<doc>Fails if the given objects are unequal.</doc>
<status status="PASS" starttime="20220223 21:01:39.330" endtime="20220223 21:01:39.332"/>
</kw>
<status status="PASS" starttime="20220223 21:01:38.669" endtime="20220223 21:01:39.332"/>
</kw>
<kw name="Attempt POST Session">
<arg>${empty_pass}</arg>
<arg>400</arg>
<arg>Required pass</arg>
<kw name="Post Session" library="SessionsRoute">
<var>${response}</var>
<arg>${payload}</arg>
<kw name="POST" library="RequestsLibrary">
<var>${response}</var>
<arg>${API_USERS}/sessions</arg>
<arg>json=${payload}</arg>
<arg>expected_status=any</arg>
<doc>Sends a POST request.</doc>
<msg timestamp="20220223 21:01:40.219" level="INFO">POST Request : url=https://getgeeks-users-carlosouzapsi.herokuapp.com/sessions 
 path_url=/sessions 
 headers={'User-Agent': 'python-requests/2.22.0', 'Accept-Encoding': 'gzip, deflate', 'Accept': '*/*', 'Connection': 'keep-alive', 'Content-Length': '45', 'Content-Type': 'application/json'} 
 body=b'{"email": "kate@hotmail.com", "password": ""}' 
 </msg>
<msg timestamp="20220223 21:01:40.220" level="INFO">POST Response : url=https://getgeeks-users-carlosouzapsi.herokuapp.com/sessions 
 status=400, reason=Bad Request 
 headers={'Server': 'Cowboy', 'Connection': 'keep-alive', 'X-Powered-By': 'Express', 'Access-Control-Allow-Origin': '*', 'Content-Type': 'application/json; charset=utf-8', 'Content-Length': '25', 'Etag': 'W/"19-XQPKZGB2rC+TLudFQKbwFLPwbR0"', 'Date': 'Thu, 24 Feb 2022 00:01:40 GMT', 'Via': '1.1 vegur'} 
 body={"error":"Required pass"} 
 </msg>
<msg timestamp="20220223 21:01:40.221" level="INFO">${response} = &lt;Response [400]&gt;</msg>
<status status="PASS" starttime="20220223 21:01:39.333" endtime="20220223 21:01:40.221"/>
</kw>
<msg timestamp="20220223 21:01:40.222" level="INFO">${response} = &lt;Response [400]&gt;</msg>
<status status="PASS" starttime="20220223 21:01:39.332" endtime="20220223 21:01:40.222"/>
</kw>
<kw name="Status Should Be" library="RequestsLibrary">
<arg>${status_code}</arg>
<arg>${response}</arg>
<doc>Fails if response status code is different than the expected.</doc>
<status status="PASS" starttime="20220223 21:01:40.222" endtime="20220223 21:01:40.223"/>
</kw>
<kw name="Should Be Equal" library="BuiltIn">
<arg>${error_message}</arg>
<arg>${response.json()}[error]</arg>
<doc>Fails if the given objects are unequal.</doc>
<status status="PASS" starttime="20220223 21:01:40.224" endtime="20220223 21:01:40.226"/>
</kw>
<status status="PASS" starttime="20220223 21:01:39.332" endtime="20220223 21:01:40.227"/>
</kw>
<kw name="Attempt POST Session">
<arg>${wo_pass}</arg>
<arg>400</arg>
<arg>Required pass</arg>
<kw name="Post Session" library="SessionsRoute">
<var>${response}</var>
<arg>${payload}</arg>
<kw name="POST" library="RequestsLibrary">
<var>${response}</var>
<arg>${API_USERS}/sessions</arg>
<arg>json=${payload}</arg>
<arg>expected_status=any</arg>
<doc>Sends a POST request.</doc>
<msg timestamp="20220223 21:01:40.933" level="INFO">POST Request : url=https://getgeeks-users-carlosouzapsi.herokuapp.com/sessions 
 path_url=/sessions 
 headers={'User-Agent': 'python-requests/2.22.0', 'Accept-Encoding': 'gzip, deflate', 'Accept': '*/*', 'Connection': 'keep-alive', 'Content-Length': '29', 'Content-Type': 'application/json'} 
 body=b'{"email": "kate@hotmail.com"}' 
 </msg>
<msg timestamp="20220223 21:01:40.933" level="INFO">POST Response : url=https://getgeeks-users-carlosouzapsi.herokuapp.com/sessions 
 status=400, reason=Bad Request 
 headers={'Server': 'Cowboy', 'Connection': 'keep-alive', 'X-Powered-By': 'Express', 'Access-Control-Allow-Origin': '*', 'Content-Type': 'application/json; charset=utf-8', 'Content-Length': '25', 'Etag': 'W/"19-XQPKZGB2rC+TLudFQKbwFLPwbR0"', 'Date': 'Thu, 24 Feb 2022 00:01:40 GMT', 'Via': '1.1 vegur'} 
 body={"error":"Required pass"} 
 </msg>
<msg timestamp="20220223 21:01:40.935" level="INFO">${response} = &lt;Response [400]&gt;</msg>
<status status="PASS" starttime="20220223 21:01:40.230" endtime="20220223 21:01:40.935"/>
</kw>
<msg timestamp="20220223 21:01:40.936" level="INFO">${response} = &lt;Response [400]&gt;</msg>
<status status="PASS" starttime="20220223 21:01:40.229" endtime="20220223 21:01:40.936"/>
</kw>
[...]
 </msg>
<msg timestamp="20220223 21:01:46.865" level="INFO">${response} = &lt;Response [200]&gt;</msg>
<status status="PASS" starttime="20220223 21:01:46.164" endtime="20220223 21:01:46.865"/>
</kw>
<msg timestamp="20220223 21:01:46.865" level="INFO">${Response} = &lt;Response [200]&gt;</msg>
<status status="PASS" starttime="20220223 21:01:46.162" endtime="20220223 21:01:46.866"/>
</kw>
<kw name="Set Variable" library="BuiltIn">
<var>${result}</var>
<arg>${EMPTY}</arg>
<doc>Returns the given values which can then be assigned to a variables.</doc>
<msg timestamp="20220223 21:01:46.868" level="INFO">${result} = </msg>
<status status="PASS" starttime="20220223 21:01:46.866" endtime="20220223 21:01:46.868"/>
</kw>
<if>
<branch type="IF" condition="&quot;200&quot; in &quot;${response}&quot;">
<kw name="Set Variable" library="BuiltIn">
<var>${result}</var>
<arg>Bearer ${response.json()}[token]</arg>
<doc>Returns the given values which can then be assigned to a variables.</doc>
<msg timestamp="20220223 21:01:46.870" level="INFO">${result} = Bearer eyJhbGciOiJIUzI1NiIsInR5cCI6IkpXVCJ9.eyJpZCI6MzE0LCJpYXQiOjE2NDU2NjA5MDYsImV4cCI6MTY0NjUyNDkwNn0.B6Gi75cnux0FKNb2Z7nsusi5h5DM-uRPA_j_NjdJDBo</msg>
<status status="PASS" starttime="20220223 21:01:46.869" endtime="20220223 21:01:46.870"/>
</kw>
<status status="PASS" starttime="20220223 21:01:46.868" endtime="20220223 21:01:46.871"/>
</branch>
<status status="PASS" starttime="20220223 21:01:46.868" endtime="20220223 21:01:46.871"/>
</if>
<msg timestamp="20220223 21:01:46.871" level="INFO">${token} = Bearer eyJhbGciOiJIUzI1NiIsInR5cCI6IkpXVCJ9.eyJpZCI6MzE0LCJpYXQiOjE2NDU2NjA5MDYsImV4cCI6MTY0NjUyNDkwNn0.B6Gi75cnux0FKNb2Z7nsusi5h5DM-uRPA_j_NjdJDBo</msg>
<status status="PASS" starttime="20220223 21:01:46.157" endtime="20220223 21:01:46.871"/>
</kw>
<kw name="Delete User" library="UsersRoute">
<var>${response}</var>
<arg>${token}</arg>
<kw name="Create Dictionary" library="BuiltIn">
<var>${headers}</var>
<arg>Authorization=${token}</arg>
<doc>Creates and returns a dictionary based on the given ``items``.</doc>
<msg timestamp="20220223 21:01:46.874" level="INFO">${headers} = {'Authorization': 'Bearer eyJhbGciOiJIUzI1NiIsInR5cCI6IkpXVCJ9.eyJpZCI6MzE0LCJpYXQiOjE2NDU2NjA5MDYsImV4cCI6MTY0NjUyNDkwNn0.B6Gi75cnux0FKNb2Z7nsusi5h5DM-uRPA_j_NjdJDBo'}</msg>
<status status="PASS" starttime="20220223 21:01:46.873" endtime="20220223 21:01:46.874"/>
</kw>
<kw name="DELETE" library="RequestsLibrary">
<var>${response}</var>
<arg>${API_USERS}/users</arg>
<arg>headers=${headers}</arg>
<arg>expected_status=any</arg>
<doc>Sends a DELETE request.</doc>
<msg timestamp="20220223 21:01:47.545" level="INFO">DELETE Request : url=https://getgeeks-users-carlosouzapsi.herokuapp.com/users 
 path_url=/users 
 headers={'User-Agent': 'python-requests/2.22.0', 'Accept-Encoding': 'gzip, deflate', 'Accept': '*/*', 'Connection': 'keep-alive', 'Authorization': 'Bearer eyJhbGciOiJIUzI1NiIsInR5cCI6IkpXVCJ9.eyJpZCI6MzE0LCJpYXQiOjE2NDU2NjA5MDYsImV4cCI6MTY0NjUyNDkwNn0.B6Gi75cnux0FKNb2Z7nsusi5h5DM-uRPA_j_NjdJDBo', 'Content-Length': '0'} 
 body=None 
 </msg>
<msg timestamp="20220223 21:01:47.545" level="INFO">DELETE Response : url=https://getgeeks-users-carlosouzapsi.herokuapp.com/users 
 status=204, reason=No Content 
 headers={'Server': 'Cowboy', 'Content-Length': '0', 'Connection': 'keep-alive', 'X-Powered-By': 'Express', 'Access-Control-Allow-Origin': '*', 'Date': 'Thu, 24 Feb 2022 00:01:47 GMT', 'Via': '1.1 vegur'} 
 body=None 
 </msg>
<msg timestamp="20220223 21:01:47.546" level="INFO">${response} = &lt;Response [204]&gt;</msg>
<status status="PASS" starttime="20220223 21:01:46.874" endtime="20220223 21:01:47.546"/>
</kw>
<msg timestamp="20220223 21:01:47.547" level="INFO">${response} = &lt;Response [204]&gt;</msg>
<status status="PASS" starttime="20220223 21:01:46.872" endtime="20220223 21:01:47.547"/>
</kw>
<kw name="Status Should Be" library="RequestsLibrary">
<arg>204</arg>
<arg>${response}</arg>
<doc>Fails if response status code is different than the expected.</doc>
<status status="PASS" starttime="20220223 21:01:47.548" endtime="20220223 21:01:47.549"/>
</kw>
<kw name="Get User" library="UsersRoute">
<var>${response}</var>
<arg>${token}</arg>
<kw name="Create Dictionary" library="BuiltIn">
<var>${headers}</var>
<arg>Authorization=${token}</arg>
<doc>Creates and returns a dictionary based on the given ``items``.</doc>
<msg timestamp="20220223 21:01:47.551" level="INFO">${headers} = {'Authorization': 'Bearer eyJhbGciOiJIUzI1NiIsInR5cCI6IkpXVCJ9.eyJpZCI6MzE0LCJpYXQiOjE2NDU2NjA5MDYsImV4cCI6MTY0NjUyNDkwNn0.B6Gi75cnux0FKNb2Z7nsusi5h5DM-uRPA_j_NjdJDBo'}</msg>
<status status="PASS" starttime="20220223 21:01:47.550" endtime="20220223 21:01:47.551"/>
</kw>
<kw name="GET" library="RequestsLibrary">
<var>${response}</var>
<arg>${API_USERS}/users</arg>
<arg>headers=${headers}</arg>
<arg>expected_status=any</arg>
<doc>Sends a GET request.</doc>
<msg timestamp="20220223 21:01:48.238" level="INFO">GET Request : url=https://getgeeks-users-carlosouzapsi.herokuapp.com/users 
 path_url=/users 
 headers={'User-Agent': 'python-requests/2.22.0', 'Accept-Encoding': 'gzip, deflate', 'Accept': '*/*', 'Connection': 'keep-alive', 'Authorization': 'Bearer eyJhbGciOiJIUzI1NiIsInR5cCI6IkpXVCJ9.eyJpZCI6MzE0LCJpYXQiOjE2NDU2NjA5MDYsImV4cCI6MTY0NjUyNDkwNn0.B6Gi75cnux0FKNb2Z7nsusi5h5DM-uRPA_j_NjdJDBo'} 
 body=None 
 </msg>
<msg timestamp="20220223 21:01:48.238" level="INFO">GET Response : url=https://getgeeks-users-carlosouzapsi.herokuapp.com/users 
 status=404, reason=Not Found 
 headers={'Server': 'Cowboy', 'Connection': 'keep-alive', 'X-Powered-By': 'Express', 'Access-Control-Allow-Origin': '*', 'Date': 'Thu, 24 Feb 2022 00:01:48 GMT', 'Content-Length': '0', 'Via': '1.1 vegur'} 
 body=None 
 </msg>
<msg timestamp="20220223 21:01:48.239" level="INFO">${response} = &lt;Response [404]&gt;</msg>
<status status="PASS" starttime="20220223 21:01:47.551" endtime="20220223 21:01:48.239"/>
</kw>
<msg timestamp="20220223 21:01:48.240" level="INFO">${response} = &lt;Response [404]&gt;</msg>
<status status="PASS" starttime="20220223 21:01:47.549" endtime="20220223 21:01:48.240"/>
</kw>
<kw name="Status Should Be" library="RequestsLibrary">
<arg>404</arg>
<arg>${response}</arg>
<doc>Fails if response status code is different than the expected.</doc>
<status status="PASS" starttime="20220223 21:01:48.241" endtime="20220223 21:01:48.242"/>
</kw>
<status status="PASS" starttime="20220223 21:01:45.355" endtime="20220223 21:01:48.243"/>
</test>
<test id="s1-s3-t4" name="Update a user">
<kw name="Factory Update User" library="Users">
<var>${user}</var>
<msg timestamp="20220223 21:01:48.247" level="INFO">${user} = {'before': {'name': 'Souza Carlos', 'email': 'carlos.souza@gmail.com', 'password': 'pwd123'}, 'after': {'name': 'Carlos Otávio de Souza', 'email': 'carlos.souza@gmail.com', 'whatsapp': '48991105916', ...</msg>
<status status="PASS" starttime="20220223 21:01:48.247" endtime="20220223 21:01:48.247"/>
</kw>
<kw name="Post User" library="UsersRoute">
<arg>${user}[before]</arg>
<kw name="POST" library="RequestsLibrary">
<var>${response}</var>
<arg>${API_USERS}/users</arg>
<arg>json=${payload}</arg>
<arg>expected_status=any</arg>
<doc>Sends a POST request.</doc>
<msg timestamp="20220223 21:01:48.970" level="INFO">POST Request : url=https://getgeeks-users-carlosouzapsi.herokuapp.com/users 
 path_url=/users 
 headers={'User-Agent': 'python-requests/2.22.0', 'Accept-Encoding': 'gzip, deflate', 'Accept': '*/*', 'Connection': 'keep-alive', 'Content-Length': '81', 'Content-Type': 'application/json'} 
 body=b'{"name": "Souza Carlos", "email": "carlos.souza@gmail.com", "password": "pwd123"}' 
 </msg>
<msg timestamp="20220223 21:01:48.971" level="INFO">POST Response : url=https://getgeeks-users-carlosouzapsi.herokuapp.com/users 
 status=400, reason=Bad Request 
 headers={'Server': 'Cowboy', 'Connection': 'keep-alive', 'X-Powered-By': 'Express', 'Access-Control-Allow-Origin': '*', 'Content-Type': 'application/json; charset=utf-8', 'Content-Length': '31', 'Etag': 'W/"1f-lFUySNKwX3L5eGEwGcNcUoVKWhE"', 'Date': 'Thu, 24 Feb 2022 00:01:48 GMT', 'Via': '1.1 vegur'} 
 body={"error":"User already exists"} 
 </msg>
<msg timestamp="20220223 21:01:48.971" level="INFO">${response} = &lt;Response [400]&gt;</msg>
<status status="PASS" starttime="20220223 21:01:48.250" endtime="20220223 21:01:48.971"/>
</kw>
<status status="PASS" starttime="20220223 21:01:48.248" endtime="20220223 21:01:48.972"/>
</kw>
<kw name="Get Token" library="Helpers">
<var>${token}</var>
<arg>${user}[before]</arg>
<kw name="Create Dictionary" library="BuiltIn">
<var>${payload}</var>
<arg>email=${user}[email]</arg>
<arg>password=${user}[password]</arg>
<doc>Creates and returns a dictionary based on the given ``items``.</doc>
<msg timestamp="20220223 21:01:48.976" level="INFO">${payload} = {'email': 'carlos.souza@gmail.com', 'password': 'pwd123'}</msg>
<status status="PASS" starttime="20220223 21:01:48.974" endtime="20220223 21:01:48.976"/>
</kw>
<kw name="Post Session" library="SessionsRoute">
<var>${Response}</var>
<arg>${payload}</arg>
<kw name="POST" library="RequestsLibrary">
<var>${response}</var>
<arg>${API_USERS}/sessions</arg>
<arg>json=${payload}</arg>
<arg>expected_status=any</arg>
<doc>Sends a POST request.</doc>
<msg timestamp="20220223 21:01:49.655" level="INFO">POST Request : url=https://getgeeks-users-carlosouzapsi.herokuapp.com/sessions 
 path_url=/sessions 
 headers={'User-Agent': 'python-requests/2.22.0', 'Accept-Encoding': 'gzip, deflate', 'Accept': '*/*', 'Connection': 'keep-alive', 'Content-Length': '57', 'Content-Type': 'application/json'} 
 body=b'{"email": "carlos.souza@gmail.com", "password": "pwd123"}' 
 </msg>
<msg timestamp="20220223 21:01:49.656" level="INFO">POST Response : url=https://getgeeks-users-carlosouzapsi.herokuapp.com/sessions 
 status=200, reason=OK 
 headers={'Server': 'Cowboy', 'Connection': 'keep-alive', 'X-Powered-By': 'Express', 'Access-Control-Allow-Origin': '*', 'Content-Type': 'application/json; charset=utf-8', 'Content-Length': '493', 'Etag': 'W/"1ed-2UNTshObb6FU9PZXHQNqm8pufuk"', 'Date': 'Thu, 24 Feb 2022 00:01:49 GMT', 'Via': '1.1 vegur'} 
 body={"user":{"id":308,"email":"carlos.souza@gmail.com","password_hash":"$2b$08$AahxN20EF6vFb2UMtIuG5.EyUh19W9Dgdry8W6xRXqdUv2J0p/8Xi","name":"Carlos Otávio de Souza","avatar":"https://asset.vg247.com/yae_miko_leak.jpg/BROK/resize/1920x1920%3E/format/jpg/quality/80/yae_miko_leak.jpg","whatsapp":"48991105916","is_geek":false},"token":"eyJhbGciOiJIUzI1NiIsInR5cCI6IkpXVCJ9.eyJpZCI6MzA4LCJpYXQiOjE2NDU2NjA5MDksImV4cCI6MTY0NjUyNDkwOX0.NoBaH7lMMnmjQ8zJq6AwlDuXwNXfF3pukaoJc0Ux8sE","expires_in":"10d"} 
 </msg>
<msg timestamp="20220223 21:01:49.657" level="INFO">${response} = &lt;Response [200]&gt;</msg>
<status status="PASS" starttime="20220223 21:01:48.978" endtime="20220223 21:01:49.657"/>
</kw>
<msg timestamp="20220223 21:01:49.658" level="INFO">${Response} = &lt;Response [200]&gt;</msg>
<status status="PASS" starttime="20220223 21:01:48.977" endtime="20220223 21:01:49.658"/>
</kw>
<kw name="Set Variable" library="BuiltIn">
<var>${result}</var>
<arg>${EMPTY}</arg>
<doc>Returns the given values which can then be assigned to a variables.</doc>
<msg timestamp="20220223 21:01:49.662" level="INFO">${result} = </msg>
<status status="PASS" starttime="20220223 21:01:49.659" endtime="20220223 21:01:49.663"/>
</kw>
<if>
<branch type="IF" condition="&quot;200&quot; in &quot;${response}&quot;">
<kw name="Set Variable" library="BuiltIn">
<var>${result}</var>
<arg>Bearer ${response.json()}[token]</arg>
<doc>Returns the given values which can then be assigned to a variables.</doc>
<msg timestamp="20220223 21:01:49.667" level="INFO">${result} = Bearer eyJhbGciOiJIUzI1NiIsInR5cCI6IkpXVCJ9.eyJpZCI6MzA4LCJpYXQiOjE2NDU2NjA5MDksImV4cCI6MTY0NjUyNDkwOX0.NoBaH7lMMnmjQ8zJq6AwlDuXwNXfF3pukaoJc0Ux8sE</msg>
<status status="PASS" starttime="20220223 21:01:49.664" endtime="20220223 21:01:49.667"/>
</kw>
<status status="PASS" starttime="20220223 21:01:49.664" endtime="20220223 21:01:49.668"/>
</branch>
<status status="PASS" starttime="20220223 21:01:49.663" endtime="20220223 21:01:49.668"/>
</if>
<msg timestamp="20220223 21:01:49.669" level="INFO">${token} = Bearer eyJhbGciOiJIUzI1NiIsInR5cCI6IkpXVCJ9.eyJpZCI6MzA4LCJpYXQiOjE2NDU2NjA5MDksImV4cCI6MTY0NjUyNDkwOX0.NoBaH7lMMnmjQ8zJq6AwlDuXwNXfF3pukaoJc0Ux8sE</msg>
<status status="PASS" starttime="20220223 21:01:48.973" endtime="20220223 21:01:49.669"/>
</kw>
<kw name="Put User" library="UsersRoute">
<var>${response}</var>
<arg>${token}</arg>
<arg>${user}[after]</arg>
<kw name="Create Dictionary" library="BuiltIn">
<var>${headers}</var>
<arg>Authorization=${token}</arg>
<doc>Creates and returns a dictionary based on the given ``items``.</doc>
<msg timestamp="20220223 21:01:49.677" level="INFO">${headers} = {'Authorization': 'Bearer eyJhbGciOiJIUzI1NiIsInR5cCI6IkpXVCJ9.eyJpZCI6MzA4LCJpYXQiOjE2NDU2NjA5MDksImV4cCI6MTY0NjUyNDkwOX0.NoBaH7lMMnmjQ8zJq6AwlDuXwNXfF3pukaoJc0Ux8sE'}</msg>
<status status="PASS" starttime="20220223 21:01:49.675" endtime="20220223 21:01:49.677"/>
</kw>
<kw name="PUT" library="RequestsLibrary">
<var>${response}</var>
<arg>${API_USERS}/users</arg>
<arg>json=${payload}</arg>
<arg>expected_status=any</arg>
<arg>headers=${headers}</arg>
<doc>Sends a PUT request.</doc>
<msg timestamp="20220223 21:01:50.349" level="INFO">PUT Request : url=https://getgeeks-users-carlosouzapsi.herokuapp.com/users 
 path_url=/users 
 headers={'User-Agent': 'python-requests/2.22.0', 'Accept-Encoding': 'gzip, deflate', 'Accept': '*/*', 'Connection': 'keep-alive', 'Authorization': 'Bearer eyJhbGciOiJIUzI1NiIsInR5cCI6IkpXVCJ9.eyJpZCI6MzA4LCJpYXQiOjE2NDU2NjA5MDksImV4cCI6MTY0NjUyNDkwOX0.NoBaH7lMMnmjQ8zJq6AwlDuXwNXfF3pukaoJc0Ux8sE', 'Content-Length': '221', 'Content-Type': 'application/json'} 
 body=b'{"name": "Carlos Ot\\u00e1vio de Souza", "email": "carlos.souza@gmail.com", "whatsapp": "48991105916", "avatar": "https://asset.vg247.com/yae_miko_leak.jpg/BROK/resize/1920x1920%3E/format/jpg/quality/80/yae_miko_leak.jpg"}' 
 </msg>
<msg timestamp="20220223 21:01:50.351" level="INFO">PUT Response : url=https://getgeeks-users-carlosouzapsi.herokuapp.com/users 
 status=200, reason=OK 
 headers={'Server': 'Cowboy', 'Connection': 'keep-alive', 'X-Powered-By': 'Express', 'Access-Control-Allow-Origin': '*', 'Date': 'Thu, 24 Feb 2022 00:01:50 GMT', 'Content-Length': '0', 'Via': '1.1 vegur'} 
 body=None 
 </msg>
<msg timestamp="20220223 21:01:50.351" level="INFO">${response} = &lt;Response [200]&gt;</msg>
<status status="PASS" starttime="20220223 21:01:49.678" endtime="20220223 21:01:50.352"/>
</kw>
<msg timestamp="20220223 21:01:50.353" level="INFO">${response} = &lt;Response [200]&gt;</msg>
<status status="PASS" starttime="20220223 21:01:49.670" endtime="20220223 21:01:50.353"/>
</kw>
<kw name="Status Should Be" library="RequestsLibrary">
<arg>200</arg>
<arg>${response}</arg>
<doc>Fails if response status code is different than the expected.</doc>
<status status="PASS" starttime="20220223 21:01:50.354" endtime="20220223 21:01:50.355"/>
</kw>
<kw name="Get User" library="UsersRoute">
<var>${response}</var>
<arg>${token}</arg>
<kw name="Create Dictionary" library="BuiltIn">
<var>${headers}</var>
<arg>Authorization=${token}</arg>
<doc>Creates and returns a dictionary based on the given ``items``.</doc>
<msg timestamp="20220223 21:01:50.359" level="INFO">${headers} = {'Authorization': 'Bearer eyJhbGciOiJIUzI1NiIsInR5cCI6IkpXVCJ9.eyJpZCI6MzA4LCJpYXQiOjE2NDU2NjA5MDksImV4cCI6MTY0NjUyNDkwOX0.NoBaH7lMMnmjQ8zJq6AwlDuXwNXfF3pukaoJc0Ux8sE'}</msg>
<status status="PASS" starttime="20220223 21:01:50.357" endtime="20220223 21:01:50.360"/>
</kw>
<kw name="GET" library="RequestsLibrary">
<var>${response}</var>
<arg>${API_USERS}/users</arg>
<arg>headers=${headers}</arg>
<arg>expected_status=any</arg>
<doc>Sends a GET request.</doc>
<msg timestamp="20220223 21:01:51.130" level="INFO">GET Request : url=https://getgeeks-users-carlosouzapsi.herokuapp.com/users 
 path_url=/users 
 headers={'User-Agent': 'python-requests/2.22.0', 'Accept-Encoding': 'gzip, deflate', 'Accept': '*/*', 'Connection': 'keep-alive', 'Authorization': 'Bearer eyJhbGciOiJIUzI1NiIsInR5cCI6IkpXVCJ9.eyJpZCI6MzA4LCJpYXQiOjE2NDU2NjA5MDksImV4cCI6MTY0NjUyNDkwOX0.NoBaH7lMMnmjQ8zJq6AwlDuXwNXfF3pukaoJc0Ux8sE'} 
 body=None 
 </msg>
<msg timestamp="20220223 21:01:51.131" level="INFO">GET Response : url=https://getgeeks-users-carlosouzapsi.herokuapp.com/users 
 status=200, reason=OK 
 headers={'Server': 'Cowboy', 'Connection': 'keep-alive', 'X-Powered-By': 'Express', 'Access-Control-Allow-Origin': '*', 'Content-Type': 'application/json; charset=utf-8', 'Content-Length': '314', 'Etag': 'W/"13a-ZJmJZ914D4jKW0qDGPt3cnzVzd4"', 'Date': 'Thu, 24 Feb 2022 00:01:51 GMT', 'Via': '1.1 vegur'} 
 body={"id":308,"email":"carlos.souza@gmail.com","password_hash":"$2b$08$AahxN20EF6vFb2UMtIuG5.EyUh19W9Dgdry8W6xRXqdUv2J0p/8Xi","name":"Carlos Otávio de Souza","avatar":"https://asset.vg247.com/yae_miko_leak.jpg/BROK/resize/1920x1920%3E/format/jpg/quality/80/yae_miko_leak.jpg","whatsapp":"48991105916","is_geek":false} 
 </msg>
<msg timestamp="20220223 21:01:51.132" level="INFO">${response} = &lt;Response [200]&gt;</msg>
<status status="PASS" starttime="20220223 21:01:50.360" endtime="20220223 21:01:51.133"/>
</kw>
<msg timestamp="20220223 21:01:51.134" level="INFO">${response} = &lt;Response [200]&gt;</msg>
<status status="PASS" starttime="20220223 21:01:50.356" endtime="20220223 21:01:51.134"/>
</kw>
<kw name="Should Be Equal As Strings" library="BuiltIn">
<arg>${user}[after][name]</arg>
<arg>${response.json()}[name]</arg>
<doc>Fails if objects are unequal after converting them to strings.</doc>
<status status="PASS" starttime="20220223 21:01:51.135" endtime="20220223 21:01:51.144"/>
</kw>
<kw name="Should Be Equal As Strings" library="BuiltIn">
<arg>${user}[after][email]</arg>
<arg>${response.json()}[email]</arg>
<doc>Fails if objects are unequal after converting them to strings.</doc>
<status status="PASS" starttime="20220223 21:01:51.146" endtime="20220223 21:01:51.149"/>
</kw>
<kw name="Should Be Equal As Strings" library="BuiltIn">
<arg>${user}[after][whatsapp]</arg>
<arg>${response.json()}[whatsapp]</arg>
<doc>Fails if objects are unequal after converting them to strings.</doc>
<status status="PASS" starttime="20220223 21:01:51.151" endtime="20220223 21:01:51.154"/>
</kw>
<kw name="Should Be Equal As Strings" library="BuiltIn">
<arg>${user}[after][avatar]</arg>
<arg>${response.json()}[avatar]</arg>
<doc>Fails if objects are unequal after converting them to strings.</doc>
<status status="PASS" starttime="20220223 21:01:51.155" endtime="20220223 21:01:51.159"/>
</kw>
<kw name="Should Be Equal As Strings" library="BuiltIn">
<arg>False</arg>
<arg>${response.json()}[is_geek]</arg>
<doc>Fails if objects are unequal after converting them to strings.</doc>
<msg timestamp="20220223 21:01:51.164" level="INFO">Argument types are:
&lt;type 'unicode'&gt;
&lt;class 'bool'&gt;</msg>
<status status="PASS" starttime="20220223 21:01:51.160" endtime="20220223 21:01:51.165"/>
</kw>
<status status="PASS" starttime="20220223 21:01:48.245" endtime="20220223 21:01:51.166"/>
</test>
<doc>Users route test suite</doc>
<status status="PASS" starttime="20220223 21:01:40.957" endtime="20220223 21:01:51.168"/>
</suite>
<status status="PASS" starttime="20220223 21:01:14.911" endtime="20220223 21:01:51.177"/>
</suite>
<statistics>
<total>
<stat pass="8" fail="0" skip="0">All Tests</stat>
</total>
<tag>
<stat pass="1" fail="0" skip="0">temp</stat>
</tag>
<suite>
<stat pass="8" fail="0" skip="0" id="s1" name="Tests">Tests</stat>
<stat pass="2" fail="0" skip="0" id="s1-s1" name="Geeks">Tests.Geeks</stat>
<stat pass="2" fail="0" skip="0" id="s1-s2" name="Sessions">Tests.Sessions</stat>
<stat pass="4" fail="0" skip="0" id="s1-s3" name="Users">Tests.Users</stat>
</suite>
</statistics>
<errors>
</errors>
</robot>
