<?xml version="1.0" encoding="UTF-8"?>
<robot generator="Robot 4.1.3 (Python 3.8.10 on linux)" generated="20220302 13:04:28.568" rpa="false" schemaversion="2">
<suite id="s1" name="Tests" source="/home/carlossouza/Documentos/cursos/GravidadeZERO/getgeeks/project/backend/tests">
<suite id="s1-s1" name="Geeks" source="/home/carlossouza/Documentos/cursos/GravidadeZERO/getgeeks/project/backend/tests/Geeks.robot">
<test id="s1-s1-t1" name="Be a geek">
<kw name="Factory Be Geek" library="Users">
<var>${user}</var>
<msg timestamp="20220302 13:04:28.706" level="INFO">${user} = {'name': 'Joao Lucas', 'email': 'joao@qaninja.com.br', 'password': 'pwd123', 'geek_profile': {'whatsapp': '11999999999', 'desc': 'Seu computador está lento? Reiniciando do nada? Talvez seja um vírus, ...</msg>
<status status="PASS" starttime="20220302 13:04:28.706" endtime="20220302 13:04:28.706"/>
</kw>
<kw name="Remove User" library="Helpers">
<arg>${user}</arg>
<kw name="Get Token" library="Helpers">
<var>${token}</var>
<arg>${user}</arg>
<kw name="Create Dictionary" library="BuiltIn">
<var>${payload}</var>
<arg>email=${user}[email]</arg>
<arg>password=${user}[password]</arg>
<doc>Creates and returns a dictionary based on the given ``items``.</doc>
<msg timestamp="20220302 13:04:28.708" level="INFO">${payload} = {'email': 'joao@qaninja.com.br', 'password': 'pwd123'}</msg>
<status status="PASS" starttime="20220302 13:04:28.708" endtime="20220302 13:04:28.708"/>
</kw>
<kw name="Post Session" library="SessionsRoute">
<var>${Response}</var>
<arg>${payload}</arg>
<kw name="POST" library="RequestsLibrary">
<var>${response}</var>
<arg>${API_USERS}/sessions</arg>
<arg>json=${payload}</arg>
<arg>expected_status=any</arg>
<doc>Sends a POST request.</doc>
<msg timestamp="20220302 13:04:29.564" level="INFO">POST Request : url=https://getgeeks-users-carlosouzapsi.herokuapp.com/sessions 
 path_url=/sessions 
 headers={'User-Agent': 'python-requests/2.22.0', 'Accept-Encoding': 'gzip, deflate', 'Accept': '*/*', 'Connection': 'keep-alive', 'Content-Length': '54', 'Content-Type': 'application/json'} 
 body=b'{"email": "joao@qaninja.com.br", "password": "pwd123"}' 
 </msg>
<msg timestamp="20220302 13:04:29.564" level="INFO">POST Response : url=https://getgeeks-users-carlosouzapsi.herokuapp.com/sessions 
 status=200, reason=OK 
 headers={'Server': 'Cowboy', 'Connection': 'keep-alive', 'X-Powered-By': 'Express', 'Access-Control-Allow-Origin': '*', 'Content-Type': 'application/json; charset=utf-8', 'Content-Length': '372', 'Etag': 'W/"174-h1gqjR6QgrPHTP4qFYELsg4PcZ4"', 'Date': 'Wed, 02 Mar 2022 16:04:29 GMT', 'Via': '1.1 vegur'} 
 body={"user":{"id":321,"email":"joao@qaninja.com.br","password_hash":"$2b$08$YGjAs60sCsNZl/DIvwpC6e8Z6wB8Kz6LtcJvqZK/9ACDBktVuCSIS","name":"Joao Lucas","avatar":null,"whatsapp":"11999999999","is_geek":true},"token":"eyJhbGciOiJIUzI1NiIsInR5cCI6IkpXVCJ9.eyJpZCI6MzIxLCJpYXQiOjE2NDYyMzcwNjksImV4cCI6MTY0NzEwMTA2OX0.mk7EzHLxdZ94zChZDs2Jux8JfB3syhU_NzM_v4TrwHA","expires_in":"10d"} 
 </msg>
<msg timestamp="20220302 13:04:29.565" level="INFO">${response} = &lt;Response [200]&gt;</msg>
<status status="PASS" starttime="20220302 13:04:28.709" endtime="20220302 13:04:29.565"/>
</kw>
<msg timestamp="20220302 13:04:29.566" level="INFO">${Response} = &lt;Response [200]&gt;</msg>
<status status="PASS" starttime="20220302 13:04:28.709" endtime="20220302 13:04:29.566"/>
</kw>
<kw name="Set Variable" library="BuiltIn">
<var>${result}</var>
<arg>${EMPTY}</arg>
<doc>Returns the given values which can then be assigned to a variables.</doc>
<msg timestamp="20220302 13:04:29.567" level="INFO">${result} = </msg>
<status status="PASS" starttime="20220302 13:04:29.566" endtime="20220302 13:04:29.567"/>
</kw>
<if>
<branch type="IF" condition="&quot;200&quot; in &quot;${response}&quot;">
<kw name="Set Variable" library="BuiltIn">
<var>${result}</var>
<arg>Bearer ${response.json()}[token]</arg>
<doc>Returns the given values which can then be assigned to a variables.</doc>
<msg timestamp="20220302 13:04:29.569" level="INFO">${result} = Bearer eyJhbGciOiJIUzI1NiIsInR5cCI6IkpXVCJ9.eyJpZCI6MzIxLCJpYXQiOjE2NDYyMzcwNjksImV4cCI6MTY0NzEwMTA2OX0.mk7EzHLxdZ94zChZDs2Jux8JfB3syhU_NzM_v4TrwHA</msg>
<status status="PASS" starttime="20220302 13:04:29.568" endtime="20220302 13:04:29.569"/>
</kw>
<status status="PASS" starttime="20220302 13:04:29.567" endtime="20220302 13:04:29.569"/>
</branch>
<status status="PASS" starttime="20220302 13:04:29.567" endtime="20220302 13:04:29.569"/>
</if>
<msg timestamp="20220302 13:04:29.569" level="INFO">${token} = Bearer eyJhbGciOiJIUzI1NiIsInR5cCI6IkpXVCJ9.eyJpZCI6MzIxLCJpYXQiOjE2NDYyMzcwNjksImV4cCI6MTY0NzEwMTA2OX0.mk7EzHLxdZ94zChZDs2Jux8JfB3syhU_NzM_v4TrwHA</msg>
<status status="PASS" starttime="20220302 13:04:28.707" endtime="20220302 13:04:29.569"/>
</kw>
<if>
<branch type="IF" condition="&quot;${token}&quot;">
<kw name="Delete User" library="UsersRoute">
<arg>${token}</arg>
<kw name="Create Dictionary" library="BuiltIn">
<var>${headers}</var>
<arg>Authorization=${token}</arg>
<doc>Creates and returns a dictionary based on the given ``items``.</doc>
<msg timestamp="20220302 13:04:29.572" level="INFO">${headers} = {'Authorization': 'Bearer eyJhbGciOiJIUzI1NiIsInR5cCI6IkpXVCJ9.eyJpZCI6MzIxLCJpYXQiOjE2NDYyMzcwNjksImV4cCI6MTY0NzEwMTA2OX0.mk7EzHLxdZ94zChZDs2Jux8JfB3syhU_NzM_v4TrwHA'}</msg>
<status status="PASS" starttime="20220302 13:04:29.570" endtime="20220302 13:04:29.572"/>
</kw>
<kw name="DELETE" library="RequestsLibrary">
<var>${response}</var>
<arg>${API_USERS}/users</arg>
<arg>headers=${headers}</arg>
<arg>expected_status=any</arg>
<doc>Sends a DELETE request.</doc>
<msg timestamp="20220302 13:04:30.287" level="INFO">DELETE Request : url=https://getgeeks-users-carlosouzapsi.herokuapp.com/users 
 path_url=/users 
 headers={'User-Agent': 'python-requests/2.22.0', 'Accept-Encoding': 'gzip, deflate', 'Accept': '*/*', 'Connection': 'keep-alive', 'Authorization': 'Bearer eyJhbGciOiJIUzI1NiIsInR5cCI6IkpXVCJ9.eyJpZCI6MzIxLCJpYXQiOjE2NDYyMzcwNjksImV4cCI6MTY0NzEwMTA2OX0.mk7EzHLxdZ94zChZDs2Jux8JfB3syhU_NzM_v4TrwHA', 'Content-Length': '0'} 
 body=None 
 </msg>
<msg timestamp="20220302 13:04:30.288" level="INFO">DELETE Response : url=https://getgeeks-users-carlosouzapsi.herokuapp.com/users 
 status=204, reason=No Content 
 headers={'Server': 'Cowboy', 'Content-Length': '0', 'Connection': 'keep-alive', 'X-Powered-By': 'Express', 'Access-Control-Allow-Origin': '*', 'Date': 'Wed, 02 Mar 2022 16:04:30 GMT', 'Via': '1.1 vegur'} 
 body=None 
 </msg>
<msg timestamp="20220302 13:04:30.288" level="INFO">${response} = &lt;Response [204]&gt;</msg>
<status status="PASS" starttime="20220302 13:04:29.572" endtime="20220302 13:04:30.289"/>
</kw>
<status status="PASS" starttime="20220302 13:04:29.570" endtime="20220302 13:04:30.289"/>
</kw>
<status status="PASS" starttime="20220302 13:04:29.570" endtime="20220302 13:04:30.289"/>
</branch>
<status status="PASS" starttime="20220302 13:04:29.569" endtime="20220302 13:04:30.289"/>
</if>
<status status="PASS" starttime="20220302 13:04:28.706" endtime="20220302 13:04:30.289"/>
</kw>
<kw name="Post User" library="UsersRoute">
<arg>${user}</arg>
<kw name="POST" library="RequestsLibrary">
<var>${response}</var>
<arg>${API_USERS}/users</arg>
<arg>json=${payload}</arg>
<arg>expected_status=any</arg>
<doc>Sends a POST request.</doc>
<msg timestamp="20220302 13:04:31.015" level="INFO">POST Request : url=https://getgeeks-users-carlosouzapsi.herokuapp.com/users 
 path_url=/users 
 headers={'User-Agent': 'python-requests/2.22.0', 'Accept-Encoding': 'gzip, deflate', 'Accept': '*/*', 'Connection': 'keep-alive', 'Content-Length': '482', 'Content-Type': 'application/json'} 
 body=b'{"name": "Joao Lucas", "email": "joao@qaninja.com.br", "password": "pwd123", "geek_profile": {"whatsapp": "11999999999", "desc": "Seu computador est\\u00e1 lento? Reiniciando do nada? Talvez seja um v\\u00edrus, ou algum hardware com defeito. Posso fazer a manuten\\u00e7\\u00e3o no seu PC, formando, reinstalando o SO, trocando algum componente f\\u00edsico e porque n\\u00e3o remover o baidu ou qualquer outro malware.", "printer_repair": "Sim", "work": "Presencial", "cost": "100.00"}}' 
 </msg>
<msg timestamp="20220302 13:04:31.016" level="INFO">POST Response : url=https://getgeeks-users-carlosouzapsi.herokuapp.com/users 
 status=201, reason=Created 
 headers={'Server': 'Cowboy', 'Connection': 'keep-alive', 'X-Powered-By': 'Express', 'Access-Control-Allow-Origin': '*', 'Content-Type': 'application/json; charset=utf-8', 'Content-Length': '10', 'Etag': 'W/"a-M/6+hzUY6DKN6LaISL4eg0/3IcE"', 'Date': 'Wed, 02 Mar 2022 16:04:30 GMT', 'Via': '1.1 vegur'} 
 body={"id":324} 
 </msg>
<msg timestamp="20220302 13:04:31.016" level="INFO">${response} = &lt;Response [201]&gt;</msg>
<status status="PASS" starttime="20220302 13:04:30.290" endtime="20220302 13:04:31.016"/>
</kw>
<status status="PASS" starttime="20220302 13:04:30.290" endtime="20220302 13:04:31.017"/>
</kw>
<kw name="Get Token" library="Helpers">
<var>${token}</var>
<arg>${user}</arg>
<kw name="Create Dictionary" library="BuiltIn">
<var>${payload}</var>
<arg>email=${user}[email]</arg>
<arg>password=${user}[password]</arg>
<doc>Creates and returns a dictionary based on the given ``items``.</doc>
<msg timestamp="20220302 13:04:31.019" level="INFO">${payload} = {'email': 'joao@qaninja.com.br', 'password': 'pwd123'}</msg>
<status status="PASS" starttime="20220302 13:04:31.018" endtime="20220302 13:04:31.019"/>
</kw>
<kw name="Post Session" library="SessionsRoute">
<var>${Response}</var>
<arg>${payload}</arg>
<kw name="POST" library="RequestsLibrary">
<var>${response}</var>
<arg>${API_USERS}/sessions</arg>
<arg>json=${payload}</arg>
<arg>expected_status=any</arg>
<doc>Sends a POST request.</doc>
<msg timestamp="20220302 13:04:31.800" level="INFO">POST Request : url=https://getgeeks-users-carlosouzapsi.herokuapp.com/sessions 
 path_url=/sessions 
 headers={'User-Agent': 'python-requests/2.22.0', 'Accept-Encoding': 'gzip, deflate', 'Accept': '*/*', 'Connection': 'keep-alive', 'Content-Length': '54', 'Content-Type': 'application/json'} 
 body=b'{"email": "joao@qaninja.com.br", "password": "pwd123"}' 
 </msg>
<msg timestamp="20220302 13:04:31.801" level="INFO">POST Response : url=https://getgeeks-users-carlosouzapsi.herokuapp.com/sessions 
 status=200, reason=OK 
 headers={'Server': 'Cowboy', 'Connection': 'keep-alive', 'X-Powered-By': 'Express', 'Access-Control-Allow-Origin': '*', 'Content-Type': 'application/json; charset=utf-8', 'Content-Length': '364', 'Etag': 'W/"16c-R5DbV01vxUSd6l4loivOt6fDkA8"', 'Date': 'Wed, 02 Mar 2022 16:04:31 GMT', 'Via': '1.1 vegur'} 
 body={"user":{"id":324,"email":"joao@qaninja.com.br","password_hash":"$2b$08$TcQMijvFR0ABXAM4Y7PS0ORvdPxsILWOkHZ/w92.TXtKnZKAiz/0u","name":"Joao Lucas","avatar":null,"whatsapp":null,"is_geek":false},"token":"eyJhbGciOiJIUzI1NiIsInR5cCI6IkpXVCJ9.eyJpZCI6MzI0LCJpYXQiOjE2NDYyMzcwNzEsImV4cCI6MTY0NzEwMTA3MX0.0mAxfLrgsxO47RUgDJYoTiHfpZaOOmHNpb-UTlBhvhM","expires_in":"10d"} 
 </msg>
<msg timestamp="20220302 13:04:31.802" level="INFO">${response} = &lt;Response [200]&gt;</msg>
<status status="PASS" starttime="20220302 13:04:31.020" endtime="20220302 13:04:31.802"/>
</kw>
<msg timestamp="20220302 13:04:31.805" level="INFO">${Response} = &lt;Response [200]&gt;</msg>
<status status="PASS" starttime="20220302 13:04:31.020" endtime="20220302 13:04:31.805"/>
</kw>
<kw name="Set Variable" library="BuiltIn">
<var>${result}</var>
<arg>${EMPTY}</arg>
<doc>Returns the given values which can then be assigned to a variables.</doc>
<msg timestamp="20220302 13:04:31.813" level="INFO">${result} = </msg>
<status status="PASS" starttime="20220302 13:04:31.806" endtime="20220302 13:04:31.813"/>
</kw>
<if>
<branch type="IF" condition="&quot;200&quot; in &quot;${response}&quot;">
<kw name="Set Variable" library="BuiltIn">
<var>${result}</var>
<arg>Bearer ${response.json()}[token]</arg>
<doc>Returns the given values which can then be assigned to a variables.</doc>
<msg timestamp="20220302 13:04:31.821" level="INFO">${result} = Bearer eyJhbGciOiJIUzI1NiIsInR5cCI6IkpXVCJ9.eyJpZCI6MzI0LCJpYXQiOjE2NDYyMzcwNzEsImV4cCI6MTY0NzEwMTA3MX0.0mAxfLrgsxO47RUgDJYoTiHfpZaOOmHNpb-UTlBhvhM</msg>
<status status="PASS" starttime="20220302 13:04:31.817" endtime="20220302 13:04:31.821"/>
</kw>
<status status="PASS" starttime="20220302 13:04:31.817" endtime="20220302 13:04:31.822"/>
</branch>
<status status="PASS" starttime="20220302 13:04:31.814" endtime="20220302 13:04:31.822"/>
</if>
<msg timestamp="20220302 13:04:31.823" level="INFO">${token} = Bearer eyJhbGciOiJIUzI1NiIsInR5cCI6IkpXVCJ9.eyJpZCI6MzI0LCJpYXQiOjE2NDYyMzcwNzEsImV4cCI6MTY0NzEwMTA3MX0.0mAxfLrgsxO47RUgDJYoTiHfpZaOOmHNpb-UTlBhvhM</msg>
<status status="PASS" starttime="20220302 13:04:31.017" endtime="20220302 13:04:31.823"/>
</kw>
<kw name="Post Geek" library="GeeksRoute">
<var>${response}</var>
<arg>${token}</arg>
<arg>${user}[geek_profile]</arg>
<kw name="Create Dictionary" library="BuiltIn">
<var>${headers}</var>
<arg>Authorization=${token}</arg>
<doc>Creates and returns a dictionary based on the given ``items``.</doc>
<msg timestamp="20220302 13:04:31.832" level="INFO">${headers} = {'Authorization': 'Bearer eyJhbGciOiJIUzI1NiIsInR5cCI6IkpXVCJ9.eyJpZCI6MzI0LCJpYXQiOjE2NDYyMzcwNzEsImV4cCI6MTY0NzEwMTA3MX0.0mAxfLrgsxO47RUgDJYoTiHfpZaOOmHNpb-UTlBhvhM'}</msg>
<status status="PASS" starttime="20220302 13:04:31.830" endtime="20220302 13:04:31.832"/>
</kw>
<kw name="POST" library="RequestsLibrary">
<var>${response}</var>
<arg>${API_GEEKS}/geeks</arg>
<arg>json=${payload}</arg>
<arg>headers=${headers}</arg>
<arg>expected_status=any</arg>
<doc>Sends a POST request.</doc>
<msg timestamp="20220302 13:04:32.861" level="INFO">POST Request : url=https://getgeeks-geeks-carlosouzapsi.herokuapp.com/geeks 
 path_url=/geeks 
 headers={'User-Agent': 'python-requests/2.22.0', 'Accept-Encoding': 'gzip, deflate', 'Accept': '*/*', 'Connection': 'keep-alive', 'Authorization': 'Bearer eyJhbGciOiJIUzI1NiIsInR5cCI6IkpXVCJ9.eyJpZCI6MzI0LCJpYXQiOjE2NDYyMzcwNzEsImV4cCI6MTY0NzEwMTA3MX0.0mAxfLrgsxO47RUgDJYoTiHfpZaOOmHNpb-UTlBhvhM', 'Content-Length': '388', 'Content-Type': 'application/json'} 
 body=b'{"whatsapp": "11999999999", "desc": "Seu computador est\\u00e1 lento? Reiniciando do nada? Talvez seja um v\\u00edrus, ou algum hardware com defeito. Posso fazer a manuten\\u00e7\\u00e3o no seu PC, formando, reinstalando o SO, trocando algum componente f\\u00edsico e porque n\\u00e3o remover o baidu ou qualquer outro malware.", "printer_repair": "Sim", "work": "Presencial", "cost": "100.00"}' 
 </msg>
<msg timestamp="20220302 13:04:32.862" level="INFO">POST Response : url=https://getgeeks-geeks-carlosouzapsi.herokuapp.com/geeks 
 status=201, reason=Created 
 headers={'Server': 'Cowboy', 'Connection': 'keep-alive', 'X-Powered-By': 'Express', 'Access-Control-Allow-Origin': '*', 'Date': 'Wed, 02 Mar 2022 16:04:32 GMT', 'Content-Length': '0', 'Via': '1.1 vegur'} 
 body=None 
 </msg>
<msg timestamp="20220302 13:04:32.862" level="INFO">${response} = &lt;Response [201]&gt;</msg>
<status status="PASS" starttime="20220302 13:04:31.833" endtime="20220302 13:04:32.862"/>
</kw>
<msg timestamp="20220302 13:04:32.862" level="INFO">${response} = &lt;Response [201]&gt;</msg>
<status status="PASS" starttime="20220302 13:04:31.825" endtime="20220302 13:04:32.862"/>
</kw>
<kw name="Status Should Be" library="RequestsLibrary">
<arg>201</arg>
<arg>${response}</arg>
<doc>Fails if response status code is different than the expected.</doc>
<status status="PASS" starttime="20220302 13:04:32.863" endtime="20220302 13:04:32.863"/>
</kw>
<kw name="Get User" library="UsersRoute">
<var>${response}</var>
<arg>${token}</arg>
<kw name="Create Dictionary" library="BuiltIn">
<var>${headers}</var>
<arg>Authorization=${token}</arg>
<doc>Creates and returns a dictionary based on the given ``items``.</doc>
<msg timestamp="20220302 13:04:32.864" level="INFO">${headers} = {'Authorization': 'Bearer eyJhbGciOiJIUzI1NiIsInR5cCI6IkpXVCJ9.eyJpZCI6MzI0LCJpYXQiOjE2NDYyMzcwNzEsImV4cCI6MTY0NzEwMTA3MX0.0mAxfLrgsxO47RUgDJYoTiHfpZaOOmHNpb-UTlBhvhM'}</msg>
<status status="PASS" starttime="20220302 13:04:32.864" endtime="20220302 13:04:32.864"/>
</kw>
<kw name="GET" library="RequestsLibrary">
<var>${response}</var>
<arg>${API_USERS}/users</arg>
<arg>headers=${headers}</arg>
<arg>expected_status=any</arg>
<doc>Sends a GET request.</doc>
<msg timestamp="20220302 13:04:33.537" level="INFO">GET Request : url=https://getgeeks-users-carlosouzapsi.herokuapp.com/users 
 path_url=/users 
 headers={'User-Agent': 'python-requests/2.22.0', 'Accept-Encoding': 'gzip, deflate', 'Accept': '*/*', 'Connection': 'keep-alive', 'Authorization': 'Bearer eyJhbGciOiJIUzI1NiIsInR5cCI6IkpXVCJ9.eyJpZCI6MzI0LCJpYXQiOjE2NDYyMzcwNzEsImV4cCI6MTY0NzEwMTA3MX0.0mAxfLrgsxO47RUgDJYoTiHfpZaOOmHNpb-UTlBhvhM'} 
 body=None 
 </msg>
<msg timestamp="20220302 13:04:33.537" level="INFO">GET Response : url=https://getgeeks-users-carlosouzapsi.herokuapp.com/users 
 status=200, reason=OK 
 headers={'Server': 'Cowboy', 'Connection': 'keep-alive', 'X-Powered-By': 'Express', 'Access-Control-Allow-Origin': '*', 'Content-Type': 'application/json; charset=utf-8', 'Content-Length': '535', 'Etag': 'W/"217-X1aGluB+DJ3T8imK/N2mImzG2iY"', 'Date': 'Wed, 02 Mar 2022 16:04:33 GMT', 'Via': '1.1 vegur'} 
 body={"id":62,"email":"joao@qaninja.com.br","password_hash":"$2b$08$TcQMijvFR0ABXAM4Y7PS0ORvdPxsILWOkHZ/w92.TXtKnZKAiz/0u","name":"Joao Lucas","avatar":null,"whatsapp":"11999999999","is_geek":true,"desc":"Seu computador está lento? Reiniciando do nada? Talvez seja um vírus, ou algum hardware com defeito. Posso fazer a manutenção no seu PC, formando, reinstalando o SO, trocando algum componente físico e porque não remover o baidu ou qualquer outro malware.","printer_repair":"Sim","work":"Presencial","cost":"100.00","user_id":324} 
 </msg>
<msg timestamp="20220302 13:04:33.538" level="INFO">${response} = &lt;Response [200]&gt;</msg>
<status status="PASS" starttime="20220302 13:04:32.864" endtime="20220302 13:04:33.538"/>
</kw>
<msg timestamp="20220302 13:04:33.538" level="INFO">${response} = &lt;Response [200]&gt;</msg>
<status status="PASS" starttime="20220302 13:04:32.863" endtime="20220302 13:04:33.538"/>
</kw>
<kw name="Should Be Equal As Strings" library="BuiltIn">
<arg>${user}[name]</arg>
<arg>${response.json()}[name]</arg>
<doc>Fails if objects are unequal after converting them to strings.</doc>
<status status="PASS" starttime="20220302 13:04:33.538" endtime="20220302 13:04:33.539"/>
</kw>
<kw name="Should Be Equal As Strings" library="BuiltIn">
<arg>${user}[email]</arg>
<arg>${response.json()}[email]</arg>
<doc>Fails if objects are unequal after converting them to strings.</doc>
<status status="PASS" starttime="20220302 13:04:33.539" endtime="20220302 13:04:33.540"/>
</kw>
<kw name="Should Be Equal As Strings" library="BuiltIn">
<arg>${user}[geek_profile][whatsapp]</arg>
<arg>${response.json()}[whatsapp]</arg>
<doc>Fails if objects are unequal after converting them to strings.</doc>
<status status="PASS" starttime="20220302 13:04:33.540" endtime="20220302 13:04:33.541"/>
</kw>
<kw name="Should Be Equal As Strings" library="BuiltIn">
<arg>${user}[geek_profile][desc]</arg>
<arg>${response.json()}[desc]</arg>
<doc>Fails if objects are unequal after converting them to strings.</doc>
<status status="PASS" starttime="20220302 13:04:33.541" endtime="20220302 13:04:33.542"/>
</kw>
<kw name="Convert To Number" library="BuiltIn">
<var>${expected_float}</var>
<arg>${user}[geek_profile][cost]</arg>
<doc>Converts the given item to a floating point number.</doc>
<msg timestamp="20220302 13:04:33.543" level="INFO">${expected_float} = 100.0</msg>
<status status="PASS" starttime="20220302 13:04:33.542" endtime="20220302 13:04:33.543"/>
</kw>
<kw name="Convert To Number" library="BuiltIn">
<var>${got_float}</var>
<arg>${response.json()}[cost]</arg>
<doc>Converts the given item to a floating point number.</doc>
<msg timestamp="20220302 13:04:33.543" level="INFO">${got_float} = 100.0</msg>
<status status="PASS" starttime="20220302 13:04:33.543" endtime="20220302 13:04:33.543"/>
</kw>
<kw name="Should Be Equal As Strings" library="BuiltIn">
<arg>${expected_float}</arg>
<arg>${got_float}</arg>
<doc>Fails if objects are unequal after converting them to strings.</doc>
<status status="PASS" starttime="20220302 13:04:33.544" endtime="20220302 13:04:33.544"/>
</kw>
<kw name="Should Be Equal As Strings" library="BuiltIn">
<arg>${user}[geek_profile][cost]</arg>
<arg>${response.json()}[cost]</arg>
<doc>Fails if objects are unequal after converting them to strings.</doc>
<status status="PASS" starttime="20220302 13:04:33.544" endtime="20220302 13:04:33.545"/>
</kw>
<kw name="Should Be Equal As Strings" library="BuiltIn">
<arg>${user}[geek_profile][printer_repair]</arg>
<arg>${response.json()}[printer_repair]</arg>
<doc>Fails if objects are unequal after converting them to strings.</doc>
<status status="PASS" starttime="20220302 13:04:33.545" endtime="20220302 13:04:33.546"/>
</kw>
<kw name="Should Be Equal As Strings" library="BuiltIn">
<arg>${user}[geek_profile][work]</arg>
<arg>${response.json()}[work]</arg>
<doc>Fails if objects are unequal after converting them to strings.</doc>
<status status="PASS" starttime="20220302 13:04:33.546" endtime="20220302 13:04:33.547"/>
</kw>
<kw name="Should Be Equal As Strings" library="BuiltIn">
<arg>None</arg>
<arg>${response.json()}[avatar]</arg>
<doc>Fails if objects are unequal after converting them to strings.</doc>
<msg timestamp="20220302 13:04:33.548" level="INFO">Argument types are:
&lt;type 'unicode'&gt;
&lt;class 'NoneType'&gt;</msg>
<status status="PASS" starttime="20220302 13:04:33.547" endtime="20220302 13:04:33.548"/>
</kw>
<kw name="Should Be Equal As Strings" library="BuiltIn">
<arg>True</arg>
<arg>${response.json()}[is_geek]</arg>
<doc>Fails if objects are unequal after converting them to strings.</doc>
<msg timestamp="20220302 13:04:33.550" level="INFO">Argument types are:
&lt;type 'unicode'&gt;
&lt;class 'bool'&gt;</msg>
<status status="PASS" starttime="20220302 13:04:33.548" endtime="20220302 13:04:33.550"/>
</kw>
<status status="PASS" starttime="20220302 13:04:28.705" endtime="20220302 13:04:33.550"/>
</test>
<test id="s1-s1-t2" name="Get Geek List">
<kw name="Factory Search For Geeks" library="Users">
<var>${data}</var>
<msg timestamp="20220302 13:04:33.551" level="INFO">${data} = {'user': {'name': 'Peter Quill', 'email': 'quill@marvel.com', 'password': 'pwd123'}, 'geeks': [{'name': 'Riri Willians', 'email': 'riri@marvel.com', 'password': 'pwd123', 'geek_profile': {'whatsapp': ...</msg>
<status status="PASS" starttime="20220302 13:04:33.551" endtime="20220302 13:04:33.551"/>
</kw>
<for flavor="IN">
<var>${geek}</var>
<value>@{data}[geeks]</value>
<iter>
<var name="${geek}">{'name': 'Riri Willians', 'email': 'riri@marvel.com', 'password': 'pwd123', 'geek_profile': {'whatsapp': '11999999999', 'desc': 'Seu computador está lento? Reiniciando do nada? Talvez seja um vírus, o...</var>
<kw name="Post User" library="UsersRoute">
<arg>${geek}</arg>
<kw name="POST" library="RequestsLibrary">
<var>${response}</var>
<arg>${API_USERS}/users</arg>
<arg>json=${payload}</arg>
<arg>expected_status=any</arg>
<doc>Sends a POST request.</doc>
<msg timestamp="20220302 13:04:34.204" level="INFO">POST Request : url=https://getgeeks-users-carlosouzapsi.herokuapp.com/users 
 path_url=/users 
 headers={'User-Agent': 'python-requests/2.22.0', 'Accept-Encoding': 'gzip, deflate', 'Accept': '*/*', 'Connection': 'keep-alive', 'Content-Length': '483', 'Content-Type': 'application/json'} 
 body=b'{"name": "Riri Willians", "email": "riri@marvel.com", "password": "pwd123", "geek_profile": {"whatsapp": "11999999999", "desc": "Seu computador est\\u00e1 lento? Reiniciando do nada? Talvez seja um v\\u00edrus, ou algum hardware com defeito. Posso fazer a manuten\\u00e7\\u00e3o no seu PC, formando, reinstalando o SO, trocando algum componente f\\u00edsico e porque n\\u00e3o remover o baidu ou qualquer outro malware.", "printer_repair": "N\\u00e3o", "work": "Presencial", "cost": "100"}}' 
 </msg>
<msg timestamp="20220302 13:04:34.205" level="INFO">POST Response : url=https://getgeeks-users-carlosouzapsi.herokuapp.com/users 
 status=400, reason=Bad Request 
 headers={'Server': 'Cowboy', 'Connection': 'keep-alive', 'X-Powered-By': 'Express', 'Access-Control-Allow-Origin': '*', 'Content-Type': 'application/json; charset=utf-8', 'Content-Length': '31', 'Etag': 'W/"1f-lFUySNKwX3L5eGEwGcNcUoVKWhE"', 'Date': 'Wed, 02 Mar 2022 16:04:34 GMT', 'Via': '1.1 vegur'} 
 body={"error":"User already exists"} 
 </msg>
<msg timestamp="20220302 13:04:34.205" level="INFO">${response} = &lt;Response [400]&gt;</msg>
<status status="PASS" starttime="20220302 13:04:33.553" endtime="20220302 13:04:34.205"/>
</kw>
<status status="PASS" starttime="20220302 13:04:33.552" endtime="20220302 13:04:34.205"/>
</kw>
<kw name="Get Token" library="Helpers">
<var>${token}</var>
<arg>${geek}</arg>
<kw name="Create Dictionary" library="BuiltIn">
<var>${payload}</var>
<arg>email=${user}[email]</arg>
<arg>password=${user}[password]</arg>
<doc>Creates and returns a dictionary based on the given ``items``.</doc>
<msg timestamp="20220302 13:04:34.208" level="INFO">${payload} = {'email': 'riri@marvel.com', 'password': 'pwd123'}</msg>
<status status="PASS" starttime="20220302 13:04:34.206" endtime="20220302 13:04:34.208"/>
</kw>
<kw name="Post Session" library="SessionsRoute">
<var>${Response}</var>
<arg>${payload}</arg>
<kw name="POST" library="RequestsLibrary">
<var>${response}</var>
<arg>${API_USERS}/sessions</arg>
<arg>json=${payload}</arg>
<arg>expected_status=any</arg>
<doc>Sends a POST request.</doc>
<msg timestamp="20220302 13:04:34.991" level="INFO">POST Request : url=https://getgeeks-users-carlosouzapsi.herokuapp.com/sessions 
 path_url=/sessions 
 headers={'User-Agent': 'python-requests/2.22.0', 'Accept-Encoding': 'gzip, deflate', 'Accept': '*/*', 'Connection': 'keep-alive', 'Content-Length': '50', 'Content-Type': 'application/json'} 
 body=b'{"email": "riri@marvel.com", "password": "pwd123"}' 
 </msg>
<msg timestamp="20220302 13:04:34.991" level="INFO">POST Response : url=https://getgeeks-users-carlosouzapsi.herokuapp.com/sessions 
 status=200, reason=OK 
 headers={'Server': 'Cowboy', 'Connection': 'keep-alive', 'X-Powered-By': 'Express', 'Access-Control-Allow-Origin': '*', 'Content-Type': 'application/json; charset=utf-8', 'Content-Length': '371', 'Etag': 'W/"173-u4ZQokC2fBScqdeFUzWrg4a0vGE"', 'Date': 'Wed, 02 Mar 2022 16:04:34 GMT', 'Via': '1.1 vegur'} 
 body={"user":{"id":299,"email":"riri@marvel.com","password_hash":"$2b$08$zd2A8BPyFju9GTfnr.xKCO/I/vF45i1Lv9ldPzECSRf3iJjBIOQ3C","name":"Riri Willians","avatar":null,"whatsapp":"11999999999","is_geek":true},"token":"eyJhbGciOiJIUzI1NiIsInR5cCI6IkpXVCJ9.eyJpZCI6Mjk5LCJpYXQiOjE2NDYyMzcwNzQsImV4cCI6MTY0NzEwMTA3NH0.QOxzuL6Xr0Z1ijmXp-txFwJlp0zlHtngxgx-o_fTfDc","expires_in":"10d"} 
 </msg>
<msg timestamp="20220302 13:04:34.991" level="INFO">${response} = &lt;Response [200]&gt;</msg>
<status status="PASS" starttime="20220302 13:04:34.208" endtime="20220302 13:04:34.991"/>
</kw>
<msg timestamp="20220302 13:04:34.992" level="INFO">${Response} = &lt;Response [200]&gt;</msg>
<status status="PASS" starttime="20220302 13:04:34.208" endtime="20220302 13:04:34.992"/>
</kw>
<kw name="Set Variable" library="BuiltIn">
<var>${result}</var>
<arg>${EMPTY}</arg>
<doc>Returns the given values which can then be assigned to a variables.</doc>
<msg timestamp="20220302 13:04:34.993" level="INFO">${result} = </msg>
<status status="PASS" starttime="20220302 13:04:34.992" endtime="20220302 13:04:34.993"/>
</kw>
<if>
<branch type="IF" condition="&quot;200&quot; in &quot;${response}&quot;">
<kw name="Set Variable" library="BuiltIn">
<var>${result}</var>
<arg>Bearer ${response.json()}[token]</arg>
<doc>Returns the given values which can then be assigned to a variables.</doc>
<msg timestamp="20220302 13:04:34.995" level="INFO">${result} = Bearer eyJhbGciOiJIUzI1NiIsInR5cCI6IkpXVCJ9.eyJpZCI6Mjk5LCJpYXQiOjE2NDYyMzcwNzQsImV4cCI6MTY0NzEwMTA3NH0.QOxzuL6Xr0Z1ijmXp-txFwJlp0zlHtngxgx-o_fTfDc</msg>
<status status="PASS" starttime="20220302 13:04:34.994" endtime="20220302 13:04:34.995"/>
</kw>
<status status="PASS" starttime="20220302 13:04:34.993" endtime="20220302 13:04:34.995"/>
</branch>
<status status="PASS" starttime="20220302 13:04:34.993" endtime="20220302 13:04:34.995"/>
</if>
<msg timestamp="20220302 13:04:34.995" level="INFO">${token} = Bearer eyJhbGciOiJIUzI1NiIsInR5cCI6IkpXVCJ9.eyJpZCI6Mjk5LCJpYXQiOjE2NDYyMzcwNzQsImV4cCI6MTY0NzEwMTA3NH0.QOxzuL6Xr0Z1ijmXp-txFwJlp0zlHtngxgx-o_fTfDc</msg>
<status status="PASS" starttime="20220302 13:04:34.206" endtime="20220302 13:04:34.995"/>
</kw>
<kw name="Post Geek" library="GeeksRoute">
<arg>${token}</arg>
<arg>${geek}[geek_profile]</arg>
<kw name="Create Dictionary" library="BuiltIn">
<var>${headers}</var>
<arg>Authorization=${token}</arg>
<doc>Creates and returns a dictionary based on the given ``items``.</doc>
<msg timestamp="20220302 13:04:34.997" level="INFO">${headers} = {'Authorization': 'Bearer eyJhbGciOiJIUzI1NiIsInR5cCI6IkpXVCJ9.eyJpZCI6Mjk5LCJpYXQiOjE2NDYyMzcwNzQsImV4cCI6MTY0NzEwMTA3NH0.QOxzuL6Xr0Z1ijmXp-txFwJlp0zlHtngxgx-o_fTfDc'}</msg>
<status status="PASS" starttime="20220302 13:04:34.996" endtime="20220302 13:04:34.997"/>
</kw>
<kw name="POST" library="RequestsLibrary">
<var>${response}</var>
<arg>${API_GEEKS}/geeks</arg>
<arg>json=${payload}</arg>
<arg>headers=${headers}</arg>
<arg>expected_status=any</arg>
<doc>Sends a POST request.</doc>
<msg timestamp="20220302 13:04:35.687" level="INFO">POST Request : url=https://getgeeks-geeks-carlosouzapsi.herokuapp.com/geeks 
 path_url=/geeks 
 headers={'User-Agent': 'python-requests/2.22.0', 'Accept-Encoding': 'gzip, deflate', 'Accept': '*/*', 'Connection': 'keep-alive', 'Authorization': 'Bearer eyJhbGciOiJIUzI1NiIsInR5cCI6IkpXVCJ9.eyJpZCI6Mjk5LCJpYXQiOjE2NDYyMzcwNzQsImV4cCI6MTY0NzEwMTA3NH0.QOxzuL6Xr0Z1ijmXp-txFwJlp0zlHtngxgx-o_fTfDc', 'Content-Length': '390', 'Content-Type': 'application/json'} 
 body=b'{"whatsapp": "11999999999", "desc": "Seu computador est\\u00e1 lento? Reiniciando do nada? Talvez seja um v\\u00edrus, ou algum hardware com defeito. Posso fazer a manuten\\u00e7\\u00e3o no seu PC, formando, reinstalando o SO, trocando algum componente f\\u00edsico e porque n\\u00e3o remover o baidu ou qualquer outro malware.", "printer_repair": "N\\u00e3o", "work": "Presencial", "cost": "100"}' 
 </msg>
<msg timestamp="20220302 13:04:35.688" level="INFO">POST Response : url=https://getgeeks-geeks-carlosouzapsi.herokuapp.com/geeks 
 status=201, reason=Created 
 headers={'Server': 'Cowboy', 'Connection': 'keep-alive', 'X-Powered-By': 'Express', 'Access-Control-Allow-Origin': '*', 'Date': 'Wed, 02 Mar 2022 16:04:35 GMT', 'Content-Length': '0', 'Via': '1.1 vegur'} 
 body=None 
 </msg>
<msg timestamp="20220302 13:04:35.688" level="INFO">${response} = &lt;Response [201]&gt;</msg>
<status status="PASS" starttime="20220302 13:04:34.997" endtime="20220302 13:04:35.688"/>
</kw>
<status status="PASS" starttime="20220302 13:04:34.996" endtime="20220302 13:04:35.689"/>
</kw>
<status status="PASS" starttime="20220302 13:04:33.552" endtime="20220302 13:04:35.689"/>
</iter>
<iter>
<var name="${geek}">{'name': 'Arnim Zola', 'email': 'zola@hidra.com', 'password': 'pwd123', 'geek_profile': {'whatsapp': '21999999999', 'desc': 'Instalo Distros Ubuntu, Debian, ElementaryOS, PopOS, Linux Mint, Kurumin, M...</var>
<kw name="Post User" library="UsersRoute">
<arg>${geek}</arg>
<kw name="POST" library="RequestsLibrary">
<var>${response}</var>
<arg>${API_USERS}/users</arg>
<arg>json=${payload}</arg>
<arg>expected_status=any</arg>
<doc>Sends a POST request.</doc>
<msg timestamp="20220302 13:04:36.340" level="INFO">POST Request : url=https://getgeeks-users-carlosouzapsi.herokuapp.com/users 
 path_url=/users 
 headers={'User-Agent': 'python-requests/2.22.0', 'Accept-Encoding': 'gzip, deflate', 'Accept': '*/*', 'Connection': 'keep-alive', 'Content-Length': '445', 'Content-Type': 'application/json'} 
 body=b'{"name": "Arnim Zola", "email": "zola@hidra.com", "password": "pwd123", "geek_profile": {"whatsapp": "21999999999", "desc": "Instalo Distros Ubuntu, Debian, ElementaryOS, PopOS, Linux Mint, Kurumin, Mandrake, Connectiva, Fedora, RedHat, CentOS, Slackware, Gentoo, Archlinux, Kubuntu, Xubuntu, Suze, Mandriva, Edubuntu, KateOS, Sabayon Linux, Manjaro Linux, BigLinux, ZorinOS, Unit", "printer_repair": "N\\u00e3o", "work": "Ambos", "cost": "110"}}' 
 </msg>
<msg timestamp="20220302 13:04:36.341" level="INFO">POST Response : url=https://getgeeks-users-carlosouzapsi.herokuapp.com/users 
 status=400, reason=Bad Request 
 headers={'Server': 'Cowboy', 'Connection': 'keep-alive', 'X-Powered-By': 'Express', 'Access-Control-Allow-Origin': '*', 'Content-Type': 'application/json; charset=utf-8', 'Content-Length': '31', 'Etag': 'W/"1f-lFUySNKwX3L5eGEwGcNcUoVKWhE"', 'Date': 'Wed, 02 Mar 2022 16:04:36 GMT', 'Via': '1.1 vegur'} 
 body={"error":"User already exists"} 
 </msg>
<msg timestamp="20220302 13:04:36.341" level="INFO">${response} = &lt;Response [400]&gt;</msg>
<status status="PASS" starttime="20220302 13:04:35.690" endtime="20220302 13:04:36.341"/>
</kw>
<status status="PASS" starttime="20220302 13:04:35.690" endtime="20220302 13:04:36.341"/>
</kw>
<kw name="Get Token" library="Helpers">
<var>${token}</var>
<arg>${geek}</arg>
<kw name="Create Dictionary" library="BuiltIn">
<var>${payload}</var>
<arg>email=${user}[email]</arg>
<arg>password=${user}[password]</arg>
<doc>Creates and returns a dictionary based on the given ``items``.</doc>
<msg timestamp="20220302 13:04:36.343" level="INFO">${payload} = {'email': 'zola@hidra.com', 'password': 'pwd123'}</msg>
<status status="PASS" starttime="20220302 13:04:36.342" endtime="20220302 13:04:36.343"/>
</kw>
<kw name="Post Session" library="SessionsRoute">
<var>${Response}</var>
<arg>${payload}</arg>
<kw name="POST" library="RequestsLibrary">
<var>${response}</var>
<arg>${API_USERS}/sessions</arg>
<arg>json=${payload}</arg>
<arg>expected_status=any</arg>
<doc>Sends a POST request.</doc>
<msg timestamp="20220302 13:04:37.042" level="INFO">POST Request : url=https://getgeeks-users-carlosouzapsi.herokuapp.com/sessions 
 path_url=/sessions 
 headers={'User-Agent': 'python-requests/2.22.0', 'Accept-Encoding': 'gzip, deflate', 'Accept': '*/*', 'Connection': 'keep-alive', 'Content-Length': '49', 'Content-Type': 'application/json'} 
 body=b'{"email": "zola@hidra.com", "password": "pwd123"}' 
 </msg>
<msg timestamp="20220302 13:04:37.042" level="INFO">POST Response : url=https://getgeeks-users-carlosouzapsi.herokuapp.com/sessions 
 status=200, reason=OK 
 headers={'Server': 'Cowboy', 'Connection': 'keep-alive', 'X-Powered-By': 'Express', 'Access-Control-Allow-Origin': '*', 'Content-Type': 'application/json; charset=utf-8', 'Content-Length': '367', 'Etag': 'W/"16f-8R0LmB7HeiAHUTdLuhRg7NlxOyI"', 'Date': 'Wed, 02 Mar 2022 16:04:36 GMT', 'Via': '1.1 vegur'} 
 body={"user":{"id":300,"email":"zola@hidra.com","password_hash":"$2b$08$9l1/gn7CsdBAylcNSekoAez7up0w/Z4FCK0srDhBWgT6sBcJZqIri","name":"Arnim Zola","avatar":null,"whatsapp":"21999999999","is_geek":true},"token":"eyJhbGciOiJIUzI1NiIsInR5cCI6IkpXVCJ9.eyJpZCI6MzAwLCJpYXQiOjE2NDYyMzcwNzYsImV4cCI6MTY0NzEwMTA3Nn0.C8xLvPX2xIQqEBR6ZFxtwih0ZgKo-EB-8kk334Gu-SA","expires_in":"10d"} 
 </msg>
<msg timestamp="20220302 13:04:37.042" level="INFO">${response} = &lt;Response [200]&gt;</msg>
<status status="PASS" starttime="20220302 13:04:36.344" endtime="20220302 13:04:37.042"/>
</kw>
<msg timestamp="20220302 13:04:37.043" level="INFO">${Response} = &lt;Response [200]&gt;</msg>
<status status="PASS" starttime="20220302 13:04:36.343" endtime="20220302 13:04:37.043"/>
</kw>
<kw name="Set Variable" library="BuiltIn">
<var>${result}</var>
<arg>${EMPTY}</arg>
<doc>Returns the given values which can then be assigned to a variables.</doc>
<msg timestamp="20220302 13:04:37.044" level="INFO">${result} = </msg>
<status status="PASS" starttime="20220302 13:04:37.043" endtime="20220302 13:04:37.044"/>
</kw>
<if>
<branch type="IF" condition="&quot;200&quot; in &quot;${response}&quot;">
<kw name="Set Variable" library="BuiltIn">
<var>${result}</var>
<arg>Bearer ${response.json()}[token]</arg>
<doc>Returns the given values which can then be assigned to a variables.</doc>
<msg timestamp="20220302 13:04:37.046" level="INFO">${result} = Bearer eyJhbGciOiJIUzI1NiIsInR5cCI6IkpXVCJ9.eyJpZCI6MzAwLCJpYXQiOjE2NDYyMzcwNzYsImV4cCI6MTY0NzEwMTA3Nn0.C8xLvPX2xIQqEBR6ZFxtwih0ZgKo-EB-8kk334Gu-SA</msg>
<status status="PASS" starttime="20220302 13:04:37.045" endtime="20220302 13:04:37.046"/>
</kw>
<status status="PASS" starttime="20220302 13:04:37.045" endtime="20220302 13:04:37.046"/>
</branch>
<status status="PASS" starttime="20220302 13:04:37.045" endtime="20220302 13:04:37.046"/>
</if>
<msg timestamp="20220302 13:04:37.046" level="INFO">${token} = Bearer eyJhbGciOiJIUzI1NiIsInR5cCI6IkpXVCJ9.eyJpZCI6MzAwLCJpYXQiOjE2NDYyMzcwNzYsImV4cCI6MTY0NzEwMTA3Nn0.C8xLvPX2xIQqEBR6ZFxtwih0ZgKo-EB-8kk334Gu-SA</msg>
<status status="PASS" starttime="20220302 13:04:36.342" endtime="20220302 13:04:37.046"/>
</kw>
<kw name="Post Geek" library="GeeksRoute">
<arg>${token}</arg>
<arg>${geek}[geek_profile]</arg>
<kw name="Create Dictionary" library="BuiltIn">
<var>${headers}</var>
<arg>Authorization=${token}</arg>
<doc>Creates and returns a dictionary based on the given ``items``.</doc>
<msg timestamp="20220302 13:04:37.048" level="INFO">${headers} = {'Authorization': 'Bearer eyJhbGciOiJIUzI1NiIsInR5cCI6IkpXVCJ9.eyJpZCI6MzAwLCJpYXQiOjE2NDYyMzcwNzYsImV4cCI6MTY0NzEwMTA3Nn0.C8xLvPX2xIQqEBR6ZFxtwih0ZgKo-EB-8kk334Gu-SA'}</msg>
<status status="PASS" starttime="20220302 13:04:37.047" endtime="20220302 13:04:37.048"/>
</kw>
<kw name="POST" library="RequestsLibrary">
<var>${response}</var>
<arg>${API_GEEKS}/geeks</arg>
<arg>json=${payload}</arg>
<arg>headers=${headers}</arg>
<arg>expected_status=any</arg>
<doc>Sends a POST request.</doc>
<msg timestamp="20220302 13:04:37.753" level="INFO">POST Request : url=https://getgeeks-geeks-carlosouzapsi.herokuapp.com/geeks 
 path_url=/geeks 
 headers={'User-Agent': 'python-requests/2.22.0', 'Accept-Encoding': 'gzip, deflate', 'Accept': '*/*', 'Connection': 'keep-alive', 'Authorization': 'Bearer eyJhbGciOiJIUzI1NiIsInR5cCI6IkpXVCJ9.eyJpZCI6MzAwLCJpYXQiOjE2NDYyMzcwNzYsImV4cCI6MTY0NzEwMTA3Nn0.C8xLvPX2xIQqEBR6ZFxtwih0ZgKo-EB-8kk334Gu-SA', 'Content-Length': '356', 'Content-Type': 'application/json'} 
 body=b'{"whatsapp": "21999999999", "desc": "Instalo Distros Ubuntu, Debian, ElementaryOS, PopOS, Linux Mint, Kurumin, Mandrake, Connectiva, Fedora, RedHat, CentOS, Slackware, Gentoo, Archlinux, Kubuntu, Xubuntu, Suze, Mandriva, Edubuntu, KateOS, Sabayon Linux, Manjaro Linux, BigLinux, ZorinOS, Unit", "printer_repair": "N\\u00e3o", "work": "Ambos", "cost": "110"}' 
 </msg>
<msg timestamp="20220302 13:04:37.753" level="INFO">POST Response : url=https://getgeeks-geeks-carlosouzapsi.herokuapp.com/geeks 
 status=201, reason=Created 
 headers={'Server': 'Cowboy', 'Connection': 'keep-alive', 'X-Powered-By': 'Express', 'Access-Control-Allow-Origin': '*', 'Date': 'Wed, 02 Mar 2022 16:04:37 GMT', 'Content-Length': '0', 'Via': '1.1 vegur'} 
 body=None 
 </msg>
<msg timestamp="20220302 13:04:37.754" level="INFO">${response} = &lt;Response [201]&gt;</msg>
<status status="PASS" starttime="20220302 13:04:37.048" endtime="20220302 13:04:37.754"/>
</kw>
<status status="PASS" starttime="20220302 13:04:37.046" endtime="20220302 13:04:37.754"/>
</kw>
<status status="PASS" starttime="20220302 13:04:35.689" endtime="20220302 13:04:37.754"/>
</iter>
<iter>
<var name="${geek}">{'name': 'Reed Richards', 'email': 'reed@fantastic4.com', 'password': 'pwd123', 'geek_profile': {'whatsapp': '31999999999', 'desc': 'Instalado e faço manutenção em qualquer tipo de impressora, matrici...</var>
<kw name="Post User" library="UsersRoute">
<arg>${geek}</arg>
<kw name="POST" library="RequestsLibrary">
<var>${response}</var>
<arg>${API_USERS}/users</arg>
<arg>json=${payload}</arg>
<arg>expected_status=any</arg>
<doc>Sends a POST request.</doc>
<msg timestamp="20220302 13:04:38.432" level="INFO">POST Request : url=https://getgeeks-users-carlosouzapsi.herokuapp.com/users 
 path_url=/users 
 headers={'User-Agent': 'python-requests/2.22.0', 'Accept-Encoding': 'gzip, deflate', 'Accept': '*/*', 'Connection': 'keep-alive', 'Content-Length': '415', 'Content-Type': 'application/json'} 
 body=b'{"name": "Reed Richards", "email": "reed@fantastic4.com", "password": "pwd123", "geek_profile": {"whatsapp": "31999999999", "desc": "Instalado e fa\\u00e7o manuten\\u00e7\\u00e3o em qualquer tipo de impressora, matricial padr\\u00e3o, matricial fiscal, a jato, a cera, a laser e at\\u00e9 3D. Tamb\\u00e9m fa\\u00e7o remold de fitas coloridas para Epson LX300. ", "printer_repair": "Sim", "work": "Remoto", "cost": "120"}}' 
 </msg>
<msg timestamp="20220302 13:04:38.433" level="INFO">POST Response : url=https://getgeeks-users-carlosouzapsi.herokuapp.com/users 
 status=400, reason=Bad Request 
 headers={'Server': 'Cowboy', 'Connection': 'keep-alive', 'X-Powered-By': 'Express', 'Access-Control-Allow-Origin': '*', 'Content-Type': 'application/json; charset=utf-8', 'Content-Length': '31', 'Etag': 'W/"1f-lFUySNKwX3L5eGEwGcNcUoVKWhE"', 'Date': 'Wed, 02 Mar 2022 16:04:38 GMT', 'Via': '1.1 vegur'} 
 body={"error":"User already exists"} 
 </msg>
<msg timestamp="20220302 13:04:38.433" level="INFO">${response} = &lt;Response [400]&gt;</msg>
<status status="PASS" starttime="20220302 13:04:37.755" endtime="20220302 13:04:38.433"/>
</kw>
<status status="PASS" starttime="20220302 13:04:37.755" endtime="20220302 13:04:38.435"/>
</kw>
<kw name="Get Token" library="Helpers">
<var>${token}</var>
<arg>${geek}</arg>
<kw name="Create Dictionary" library="BuiltIn">
<var>${payload}</var>
<arg>email=${user}[email]</arg>
<arg>password=${user}[password]</arg>
<doc>Creates and returns a dictionary based on the given ``items``.</doc>
<msg timestamp="20220302 13:04:38.439" level="INFO">${payload} = {'email': 'reed@fantastic4.com', 'password': 'pwd123'}</msg>
<status status="PASS" starttime="20220302 13:04:38.437" endtime="20220302 13:04:38.439"/>
</kw>
<kw name="Post Session" library="SessionsRoute">
<var>${Response}</var>
<arg>${payload}</arg>
<kw name="POST" library="RequestsLibrary">
<var>${response}</var>
<arg>${API_USERS}/sessions</arg>
<arg>json=${payload}</arg>
<arg>expected_status=any</arg>
<doc>Sends a POST request.</doc>
<msg timestamp="20220302 13:04:39.200" level="INFO">POST Request : url=https://getgeeks-users-carlosouzapsi.herokuapp.com/sessions 
 path_url=/sessions 
 headers={'User-Agent': 'python-requests/2.22.0', 'Accept-Encoding': 'gzip, deflate', 'Accept': '*/*', 'Connection': 'keep-alive', 'Content-Length': '54', 'Content-Type': 'application/json'} 
 body=b'{"email": "reed@fantastic4.com", "password": "pwd123"}' 
 </msg>
<msg timestamp="20220302 13:04:39.201" level="INFO">POST Response : url=https://getgeeks-users-carlosouzapsi.herokuapp.com/sessions 
 status=200, reason=OK 
 headers={'Server': 'Cowboy', 'Connection': 'keep-alive', 'X-Powered-By': 'Express', 'Access-Control-Allow-Origin': '*', 'Content-Type': 'application/json; charset=utf-8', 'Content-Length': '375', 'Etag': 'W/"177-2bnBHt1ofGGKChI8W7stf3irFlw"', 'Date': 'Wed, 02 Mar 2022 16:04:39 GMT', 'Via': '1.1 vegur'} 
 body={"user":{"id":301,"email":"reed@fantastic4.com","password_hash":"$2b$08$pmlfygYHCatEQ9NrcCOxkO5A2NVTTffifF1Czuyp9j5CThbd4jeGy","name":"Reed Richards","avatar":null,"whatsapp":"31999999999","is_geek":true},"token":"eyJhbGciOiJIUzI1NiIsInR5cCI6IkpXVCJ9.eyJpZCI6MzAxLCJpYXQiOjE2NDYyMzcwNzksImV4cCI6MTY0NzEwMTA3OX0.-TXvUkLEQ6ITiaForhHvS6yg-6hIeDTWqu6l70owGaA","expires_in":"10d"} 
 </msg>
<msg timestamp="20220302 13:04:39.201" level="INFO">${response} = &lt;Response [200]&gt;</msg>
<status status="PASS" starttime="20220302 13:04:38.440" endtime="20220302 13:04:39.201"/>
</kw>
<msg timestamp="20220302 13:04:39.203" level="INFO">${Response} = &lt;Response [200]&gt;</msg>
<status status="PASS" starttime="20220302 13:04:38.439" endtime="20220302 13:04:39.203"/>
</kw>
<kw name="Set Variable" library="BuiltIn">
<var>${result}</var>
<arg>${EMPTY}</arg>
<doc>Returns the given values which can then be assigned to a variables.</doc>
<msg timestamp="20220302 13:04:39.206" level="INFO">${result} = </msg>
<status status="PASS" starttime="20220302 13:04:39.204" endtime="20220302 13:04:39.207"/>
</kw>
<if>
<branch type="IF" condition="&quot;200&quot; in &quot;${response}&quot;">
<kw name="Set Variable" library="BuiltIn">
<var>${result}</var>
<arg>Bearer ${response.json()}[token]</arg>
<doc>Returns the given values which can then be assigned to a variables.</doc>
<msg timestamp="20220302 13:04:39.211" level="INFO">${result} = Bearer eyJhbGciOiJIUzI1NiIsInR5cCI6IkpXVCJ9.eyJpZCI6MzAxLCJpYXQiOjE2NDYyMzcwNzksImV4cCI6MTY0NzEwMTA3OX0.-TXvUkLEQ6ITiaForhHvS6yg-6hIeDTWqu6l70owGaA</msg>
<status status="PASS" starttime="20220302 13:04:39.208" endtime="20220302 13:04:39.211"/>
</kw>
<status status="PASS" starttime="20220302 13:04:39.207" endtime="20220302 13:04:39.211"/>
</branch>
<status status="PASS" starttime="20220302 13:04:39.207" endtime="20220302 13:04:39.211"/>
</if>
<msg timestamp="20220302 13:04:39.212" level="INFO">${token} = Bearer eyJhbGciOiJIUzI1NiIsInR5cCI6IkpXVCJ9.eyJpZCI6MzAxLCJpYXQiOjE2NDYyMzcwNzksImV4cCI6MTY0NzEwMTA3OX0.-TXvUkLEQ6ITiaForhHvS6yg-6hIeDTWqu6l70owGaA</msg>
<status status="PASS" starttime="20220302 13:04:38.435" endtime="20220302 13:04:39.212"/>
</kw>
<kw name="Post Geek" library="GeeksRoute">
<arg>${token}</arg>
<arg>${geek}[geek_profile]</arg>
<kw name="Create Dictionary" library="BuiltIn">
<var>${headers}</var>
<arg>Authorization=${token}</arg>
<doc>Creates and returns a dictionary based on the given ``items``.</doc>
<msg timestamp="20220302 13:04:39.215" level="INFO">${headers} = {'Authorization': 'Bearer eyJhbGciOiJIUzI1NiIsInR5cCI6IkpXVCJ9.eyJpZCI6MzAxLCJpYXQiOjE2NDYyMzcwNzksImV4cCI6MTY0NzEwMTA3OX0.-TXvUkLEQ6ITiaForhHvS6yg-6hIeDTWqu6l70owGaA'}</msg>
<status status="PASS" starttime="20220302 13:04:39.214" endtime="20220302 13:04:39.215"/>
</kw>
<kw name="POST" library="RequestsLibrary">
<var>${response}</var>
<arg>${API_GEEKS}/geeks</arg>
<arg>json=${payload}</arg>
<arg>headers=${headers}</arg>
<arg>expected_status=any</arg>
<doc>Sends a POST request.</doc>
<msg timestamp="20220302 13:04:39.894" level="INFO">POST Request : url=https://getgeeks-geeks-carlosouzapsi.herokuapp.com/geeks 
 path_url=/geeks 
 headers={'User-Agent': 'python-requests/2.22.0', 'Accept-Encoding': 'gzip, deflate', 'Accept': '*/*', 'Connection': 'keep-alive', 'Authorization': 'Bearer eyJhbGciOiJIUzI1NiIsInR5cCI6IkpXVCJ9.eyJpZCI6MzAxLCJpYXQiOjE2NDYyMzcwNzksImV4cCI6MTY0NzEwMTA3OX0.-TXvUkLEQ6ITiaForhHvS6yg-6hIeDTWqu6l70owGaA', 'Content-Length': '318', 'Content-Type': 'application/json'} 
 body=b'{"whatsapp": "31999999999", "desc": "Instalado e fa\\u00e7o manuten\\u00e7\\u00e3o em qualquer tipo de impressora, matricial padr\\u00e3o, matricial fiscal, a jato, a cera, a laser e at\\u00e9 3D. Tamb\\u00e9m fa\\u00e7o remold de fitas coloridas para Epson LX300. ", "printer_repair": "Sim", "work": "Remoto", "cost": "120"}' 
 </msg>
<msg timestamp="20220302 13:04:39.894" level="INFO">POST Response : url=https://getgeeks-geeks-carlosouzapsi.herokuapp.com/geeks 
 status=201, reason=Created 
 headers={'Server': 'Cowboy', 'Connection': 'keep-alive', 'X-Powered-By': 'Express', 'Access-Control-Allow-Origin': '*', 'Date': 'Wed, 02 Mar 2022 16:04:39 GMT', 'Content-Length': '0', 'Via': '1.1 vegur'} 
 body=None 
 </msg>
<msg timestamp="20220302 13:04:39.895" level="INFO">${response} = &lt;Response [201]&gt;</msg>
<status status="PASS" starttime="20220302 13:04:39.216" endtime="20220302 13:04:39.895"/>
</kw>
<status status="PASS" starttime="20220302 13:04:39.212" endtime="20220302 13:04:39.896"/>
</kw>
<status status="PASS" starttime="20220302 13:04:37.754" endtime="20220302 13:04:39.896"/>
</iter>
<status status="PASS" starttime="20220302 13:04:33.551" endtime="20220302 13:04:39.896"/>
</for>
<kw name="Post User" library="UsersRoute">
<arg>${data}[user]</arg>
<kw name="POST" library="RequestsLibrary">
<var>${response}</var>
<arg>${API_USERS}/users</arg>
<arg>json=${payload}</arg>
<arg>expected_status=any</arg>
<doc>Sends a POST request.</doc>
<msg timestamp="20220302 13:04:40.583" level="INFO">POST Request : url=https://getgeeks-users-carlosouzapsi.herokuapp.com/users 
 path_url=/users 
 headers={'User-Agent': 'python-requests/2.22.0', 'Accept-Encoding': 'gzip, deflate', 'Accept': '*/*', 'Connection': 'keep-alive', 'Content-Length': '74', 'Content-Type': 'application/json'} 
 body=b'{"name": "Peter Quill", "email": "quill@marvel.com", "password": "pwd123"}' 
 </msg>
<msg timestamp="20220302 13:04:40.583" level="INFO">POST Response : url=https://getgeeks-users-carlosouzapsi.herokuapp.com/users 
 status=400, reason=Bad Request 
 headers={'Server': 'Cowboy', 'Connection': 'keep-alive', 'X-Powered-By': 'Express', 'Access-Control-Allow-Origin': '*', 'Content-Type': 'application/json; charset=utf-8', 'Content-Length': '31', 'Etag': 'W/"1f-lFUySNKwX3L5eGEwGcNcUoVKWhE"', 'Date': 'Wed, 02 Mar 2022 16:04:40 GMT', 'Via': '1.1 vegur'} 
 body={"error":"User already exists"} 
 </msg>
<msg timestamp="20220302 13:04:40.584" level="INFO">${response} = &lt;Response [400]&gt;</msg>
<status status="PASS" starttime="20220302 13:04:39.898" endtime="20220302 13:04:40.584"/>
</kw>
<status status="PASS" starttime="20220302 13:04:39.897" endtime="20220302 13:04:40.585"/>
</kw>
<kw name="Get Token" library="Helpers">
<var>${token}</var>
<arg>${data}[user]</arg>
<kw name="Create Dictionary" library="BuiltIn">
<var>${payload}</var>
<arg>email=${user}[email]</arg>
<arg>password=${user}[password]</arg>
<doc>Creates and returns a dictionary based on the given ``items``.</doc>
<msg timestamp="20220302 13:04:40.588" level="INFO">${payload} = {'email': 'quill@marvel.com', 'password': 'pwd123'}</msg>
<status status="PASS" starttime="20220302 13:04:40.587" endtime="20220302 13:04:40.588"/>
</kw>
<kw name="Post Session" library="SessionsRoute">
<var>${Response}</var>
<arg>${payload}</arg>
<kw name="POST" library="RequestsLibrary">
<var>${response}</var>
<arg>${API_USERS}/sessions</arg>
<arg>json=${payload}</arg>
<arg>expected_status=any</arg>
<doc>Sends a POST request.</doc>
<msg timestamp="20220302 13:04:41.294" level="INFO">POST Request : url=https://getgeeks-users-carlosouzapsi.herokuapp.com/sessions 
 path_url=/sessions 
 headers={'User-Agent': 'python-requests/2.22.0', 'Accept-Encoding': 'gzip, deflate', 'Accept': '*/*', 'Connection': 'keep-alive', 'Content-Length': '51', 'Content-Type': 'application/json'} 
 body=b'{"email": "quill@marvel.com", "password": "pwd123"}' 
 </msg>
<msg timestamp="20220302 13:04:41.295" level="INFO">POST Response : url=https://getgeeks-users-carlosouzapsi.herokuapp.com/sessions 
 status=200, reason=OK 
 headers={'Server': 'Cowboy', 'Connection': 'keep-alive', 'X-Powered-By': 'Express', 'Access-Control-Allow-Origin': '*', 'Content-Type': 'application/json; charset=utf-8', 'Content-Length': '362', 'Etag': 'W/"16a-bolLQY9rFUDY7MqzuIHodzk6mcQ"', 'Date': 'Wed, 02 Mar 2022 16:04:41 GMT', 'Via': '1.1 vegur'} 
 body={"user":{"id":302,"email":"quill@marvel.com","password_hash":"$2b$08$DSxHch0jjW5EU/5PY3xaqOim57n5KOZ1MBAeeMY1dZukMYLm9hoGK","name":"Peter Quill","avatar":null,"whatsapp":null,"is_geek":false},"token":"eyJhbGciOiJIUzI1NiIsInR5cCI6IkpXVCJ9.eyJpZCI6MzAyLCJpYXQiOjE2NDYyMzcwODEsImV4cCI6MTY0NzEwMTA4MX0.cSGLn17qSo6PO36vq7B1hFElu1dLapsiVq9hn7b2438","expires_in":"10d"} 
 </msg>
<msg timestamp="20220302 13:04:41.295" level="INFO">${response} = &lt;Response [200]&gt;</msg>
<status status="PASS" starttime="20220302 13:04:40.589" endtime="20220302 13:04:41.296"/>
</kw>
<msg timestamp="20220302 13:04:41.297" level="INFO">${Response} = &lt;Response [200]&gt;</msg>
<status status="PASS" starttime="20220302 13:04:40.588" endtime="20220302 13:04:41.297"/>
</kw>
<kw name="Set Variable" library="BuiltIn">
<var>${result}</var>
<arg>${EMPTY}</arg>
<doc>Returns the given values which can then be assigned to a variables.</doc>
<msg timestamp="20220302 13:04:41.301" level="INFO">${result} = </msg>
<status status="PASS" starttime="20220302 13:04:41.298" endtime="20220302 13:04:41.301"/>
</kw>
<if>
<branch type="IF" condition="&quot;200&quot; in &quot;${response}&quot;">
<kw name="Set Variable" library="BuiltIn">
<var>${result}</var>
<arg>Bearer ${response.json()}[token]</arg>
<doc>Returns the given values which can then be assigned to a variables.</doc>
<msg timestamp="20220302 13:04:41.306" level="INFO">${result} = Bearer eyJhbGciOiJIUzI1NiIsInR5cCI6IkpXVCJ9.eyJpZCI6MzAyLCJpYXQiOjE2NDYyMzcwODEsImV4cCI6MTY0NzEwMTA4MX0.cSGLn17qSo6PO36vq7B1hFElu1dLapsiVq9hn7b2438</msg>
<status status="PASS" starttime="20220302 13:04:41.303" endtime="20220302 13:04:41.306"/>
</kw>
<status status="PASS" starttime="20220302 13:04:41.302" endtime="20220302 13:04:41.306"/>
</branch>
<status status="PASS" starttime="20220302 13:04:41.302" endtime="20220302 13:04:41.306"/>
</if>
<msg timestamp="20220302 13:04:41.307" level="INFO">${token} = Bearer eyJhbGciOiJIUzI1NiIsInR5cCI6IkpXVCJ9.eyJpZCI6MzAyLCJpYXQiOjE2NDYyMzcwODEsImV4cCI6MTY0NzEwMTA4MX0.cSGLn17qSo6PO36vq7B1hFElu1dLapsiVq9hn7b2438</msg>
<status status="PASS" starttime="20220302 13:04:40.586" endtime="20220302 13:04:41.307"/>
</kw>
<kw name="Get Geeks" library="GeeksRoute">
<var>${response}</var>
<arg>${token}</arg>
<kw name="Create Dictionary" library="BuiltIn">
<var>${headers}</var>
<arg>Authorization=${token}</arg>
<doc>Creates and returns a dictionary based on the given ``items``.</doc>
<msg timestamp="20220302 13:04:41.311" level="INFO">${headers} = {'Authorization': 'Bearer eyJhbGciOiJIUzI1NiIsInR5cCI6IkpXVCJ9.eyJpZCI6MzAyLCJpYXQiOjE2NDYyMzcwODEsImV4cCI6MTY0NzEwMTA4MX0.cSGLn17qSo6PO36vq7B1hFElu1dLapsiVq9hn7b2438'}</msg>
<status status="PASS" starttime="20220302 13:04:41.309" endtime="20220302 13:04:41.311"/>
</kw>
<kw name="GET" library="RequestsLibrary">
<var>${response}</var>
<arg>${API_GEEKS}/geeks</arg>
<arg>headers=${headers}</arg>
<arg>expected_status=any</arg>
<doc>Sends a GET request.</doc>
<msg timestamp="20220302 13:04:42.152" level="INFO">GET Request : url=https://getgeeks-geeks-carlosouzapsi.herokuapp.com/geeks 
 path_url=/geeks 
 headers={'User-Agent': 'python-requests/2.22.0', 'Accept-Encoding': 'gzip, deflate', 'Accept': '*/*', 'Connection': 'keep-alive', 'Authorization': 'Bearer eyJhbGciOiJIUzI1NiIsInR5cCI6IkpXVCJ9.eyJpZCI6MzAyLCJpYXQiOjE2NDYyMzcwODEsImV4cCI6MTY0NzEwMTA4MX0.cSGLn17qSo6PO36vq7B1hFElu1dLapsiVq9hn7b2438'} 
 body=None 
 </msg>
<msg timestamp="20220302 13:04:42.154" level="INFO">GET Response : url=https://getgeeks-geeks-carlosouzapsi.herokuapp.com/geeks 
 status=200, reason=OK 
 headers={'Server': 'Cowboy', 'Connection': 'keep-alive', 'X-Powered-By': 'Express', 'Access-Control-Allow-Origin': '*', 'Content-Type': 'application/json; charset=utf-8', 'Content-Length': '2089', 'Etag': 'W/"829-jsotywAS1QWSAH32e9e/OAwbw4E"', 'Date': 'Wed, 02 Mar 2022 16:04:42 GMT', 'Via': '1.1 vegur'} 
 body={"Geeks":[{"id":324,"desc":"Seu computador está lento? Reiniciando do nada? Talvez seja um vírus, ou algum hardware com defeito. Posso fazer a manutenção no seu PC, formando, reinstalando o SO, trocando algum componente físico e porque não remover o baidu ou qualquer outro malware.","printer_repair":"Sim","work":"Presencial","cost":"100.00","user_id":324,"email":"joao@qaninja.com.br","password_hash":"$2b$08$TcQMijvFR0ABXAM4Y7PS0ORvdPxsILWOkHZ/w92.TXtKnZKAiz/0u","name":"Joao Lucas","avatar":null,"whatsapp":"11999999999","is_geek":true},{"id":299,"desc":"Seu computador está lento? Reiniciando do nada? Talvez seja um vírus, ou algum hardware com defeito. Posso fazer a manutenção no seu PC, formando, reinstalando o SO, trocando algum componente físico e porque não remover o baidu ou qualquer outro malware.","printer_repair":"Não","work":"Presencial","cost":"100.00","user_id":299,"email":"riri@marvel.com","password_hash":"$2b$08$zd2A8BPyFju9GTfnr.xKCO/I/vF45i1Lv9ldPzECSRf3iJjBIOQ3C","name":"Riri Willians","avatar":null,"whatsapp":"11999999999","is_geek":true},{"id":300,"desc":"Instalo Distros Ubuntu, Debian, ElementaryOS, PopOS, Linux Mint, Kurumin, Mandrake, Connectiva, Fedora, RedHat, CentOS, Slackware, Gentoo, Archlinux, Kubuntu, Xubuntu, Suze, Mandriva, Edubuntu, KateOS, Sabayon Linux, Manjaro Linux, BigLinux, ZorinOS, Unit","printer_repair":"Não","work":"Ambos","cost":"110.00","user_id":300,"email":"zola@hidra.com","password_hash":"$2b$08$9l1/gn7CsdBAylcNSekoAez7up0w/Z4FCK0srDhBWgT6sBcJZqIri","name":"Arnim Zola","avatar":null,"whatsapp":"21999999999","is_geek":true},{"id":301,"desc":"Instalado e faço manutenção em qualquer tipo de impressora, matricial padrão, matricial fiscal, a jato, a cera, a laser e até 3D. Também faço remold de fitas coloridas para Epson LX300. ","printer_repair":"Sim","work":"Remoto","cost":"120.00","user_id":301,"email":"reed@fantastic4.com","password_hash":"$2b$08$pmlfygYHCatEQ9NrcCOxkO5A2NVTTffifF1Czuyp9j5CThbd4jeGy","name":"Reed Richards","avatar":null,"whatsapp":"31999999999","is_geek":true}],"Count":"4"} 
 </msg>
<msg timestamp="20220302 13:04:42.155" level="INFO">${response} = &lt;Response [200]&gt;</msg>
<status status="PASS" starttime="20220302 13:04:41.311" endtime="20220302 13:04:42.156"/>
</kw>
<msg timestamp="20220302 13:04:42.157" level="INFO">${response} = &lt;Response [200]&gt;</msg>
<status status="PASS" starttime="20220302 13:04:41.308" endtime="20220302 13:04:42.157"/>
</kw>
<kw name="Status Should Be" library="RequestsLibrary">
<arg>200</arg>
<arg>${response}</arg>
<doc>Fails if response status code is different than the expected.</doc>
<status status="PASS" starttime="20220302 13:04:42.158" endtime="20220302 13:04:42.159"/>
</kw>
<kw name="Get Length" library="BuiltIn">
<var>${total}</var>
<arg>${response.json()}[Geeks]</arg>
<doc>Returns and logs the length of the given item as an integer.</doc>
<msg timestamp="20220302 13:04:42.161" level="INFO">Length is 4</msg>
<msg timestamp="20220302 13:04:42.161" level="INFO">${total} = 4</msg>
<status status="PASS" starttime="20220302 13:04:42.159" endtime="20220302 13:04:42.161"/>
</kw>
<kw name="Should Be True" library="BuiltIn">
<arg>${total} &gt; 0</arg>
<doc>Fails if the given condition is not true.</doc>
<status status="PASS" starttime="20220302 13:04:42.161" endtime="20220302 13:04:42.162"/>
</kw>
<tag>temp</tag>
<status status="PASS" starttime="20220302 13:04:33.550" endtime="20220302 13:04:42.162"/>
</test>
<doc>Geek route test suite</doc>
<status status="PASS" starttime="20220302 13:04:28.590" endtime="20220302 13:04:42.164"/>
</suite>
<suite id="s1-s2" name="Sessions" source="/home/carlossouza/Documentos/cursos/GravidadeZERO/getgeeks/project/backend/tests/Sessions.robot">
<test id="s1-s2-t1" name="User Session">
<kw name="Factory User Session" library="Users">
<var>${payload}</var>
<arg>signup</arg>
<msg timestamp="20220302 13:04:42.185" level="INFO">${payload} = {'name': ('Kate Bishop',), 'email': ('kate@email.com',), 'password': 'pwd123'}</msg>
<status status="PASS" starttime="20220302 13:04:42.184" endtime="20220302 13:04:42.185"/>
</kw>
<kw name="Post User" library="UsersRoute">
<arg>${payload}</arg>
<kw name="POST" library="RequestsLibrary">
<var>${response}</var>
<arg>${API_USERS}/users</arg>
<arg>json=${payload}</arg>
<arg>expected_status=any</arg>
<doc>Sends a POST request.</doc>
<msg timestamp="20220302 13:04:42.900" level="INFO">POST Request : url=https://getgeeks-users-carlosouzapsi.herokuapp.com/users 
 path_url=/users 
 headers={'User-Agent': 'python-requests/2.22.0', 'Accept-Encoding': 'gzip, deflate', 'Accept': '*/*', 'Connection': 'keep-alive', 'Content-Length': '76', 'Content-Type': 'application/json'} 
 body=b'{"name": ["Kate Bishop"], "email": ["kate@email.com"], "password": "pwd123"}' 
 </msg>
<msg timestamp="20220302 13:04:42.900" level="INFO">POST Response : url=https://getgeeks-users-carlosouzapsi.herokuapp.com/users 
 status=400, reason=Bad Request 
 headers={'Server': 'Cowboy', 'Connection': 'keep-alive', 'X-Powered-By': 'Express', 'Access-Control-Allow-Origin': '*', 'Content-Type': 'application/json; charset=utf-8', 'Content-Length': '31', 'Etag': 'W/"1f-lFUySNKwX3L5eGEwGcNcUoVKWhE"', 'Date': 'Wed, 02 Mar 2022 16:04:42 GMT', 'Via': '1.1 vegur'} 
 body={"error":"User already exists"} 
 </msg>
<msg timestamp="20220302 13:04:42.901" level="INFO">${response} = &lt;Response [400]&gt;</msg>
<status status="PASS" starttime="20220302 13:04:42.187" endtime="20220302 13:04:42.901"/>
</kw>
<status status="PASS" starttime="20220302 13:04:42.186" endtime="20220302 13:04:42.903"/>
</kw>
<kw name="Factory User Session" library="Users">
<var>${payload}</var>
<arg>login</arg>
<msg timestamp="20220302 13:04:42.904" level="INFO">${payload} = {'email': ('kate@email.com',), 'password': 'pwd123'}</msg>
<status status="PASS" starttime="20220302 13:04:42.903" endtime="20220302 13:04:42.904"/>
</kw>
<kw name="Post Session" library="SessionsRoute">
<var>${response}</var>
<arg>${payload}</arg>
<kw name="POST" library="RequestsLibrary">
<var>${response}</var>
<arg>${API_USERS}/sessions</arg>
<arg>json=${payload}</arg>
<arg>expected_status=any</arg>
<doc>Sends a POST request.</doc>
<msg timestamp="20220302 13:04:43.579" level="INFO">POST Request : url=https://getgeeks-users-carlosouzapsi.herokuapp.com/sessions 
 path_url=/sessions 
 headers={'User-Agent': 'python-requests/2.22.0', 'Accept-Encoding': 'gzip, deflate', 'Accept': '*/*', 'Connection': 'keep-alive', 'Content-Length': '51', 'Content-Type': 'application/json'} 
 body=b'{"email": ["kate@email.com"], "password": "pwd123"}' 
 </msg>
<msg timestamp="20220302 13:04:43.579" level="INFO">POST Response : url=https://getgeeks-users-carlosouzapsi.herokuapp.com/sessions 
 status=200, reason=OK 
 headers={'Server': 'Cowboy', 'Connection': 'keep-alive', 'X-Powered-By': 'Express', 'Access-Control-Allow-Origin': '*', 'Content-Type': 'application/json; charset=utf-8', 'Content-Length': '372', 'Etag': 'W/"174-h1Ouk8+uLOaNAN82W5HdskCCBSk"', 'Date': 'Wed, 02 Mar 2022 16:04:43 GMT', 'Via': '1.1 vegur'} 
 body={"user":{"id":304,"email":"{\"kate@email.com\"}","password_hash":"$2b$08$ylPESpfnIbicmgQpyUA2Ke4cU7YLcnRBmTq2ifhGpT6WmChVWEAHm","name":"{\"Kate Bishop\"}","avatar":null,"whatsapp":null,"is_geek":false},"token":"eyJhbGciOiJIUzI1NiIsInR5cCI6IkpXVCJ9.eyJpZCI6MzA0LCJpYXQiOjE2NDYyMzcwODMsImV4cCI6MTY0NzEwMTA4M30.hzHydlffGzcQQXT34XMZSGM5qvIENQbsQ6pO3vWkpNQ","expires_in":"10d"} 
 </msg>
<msg timestamp="20220302 13:04:43.579" level="INFO">${response} = &lt;Response [200]&gt;</msg>
<status status="PASS" starttime="20220302 13:04:42.907" endtime="20220302 13:04:43.580"/>
</kw>
<msg timestamp="20220302 13:04:43.581" level="INFO">${response} = &lt;Response [200]&gt;</msg>
<status status="PASS" starttime="20220302 13:04:42.905" endtime="20220302 13:04:43.581"/>
</kw>
<kw name="Status Should Be" library="RequestsLibrary">
<arg>200</arg>
<arg>${response}</arg>
<doc>Fails if response status code is different than the expected.</doc>
<status status="PASS" starttime="20220302 13:04:43.582" endtime="20220302 13:04:43.583"/>
</kw>
<kw name="Get Length" library="BuiltIn">
<var>${size}</var>
<arg>${response.json()}[token]</arg>
<doc>Returns and logs the length of the given item as an integer.</doc>
<msg timestamp="20220302 13:04:43.587" level="INFO">Length is 140</msg>
<msg timestamp="20220302 13:04:43.587" level="INFO">${size} = 140</msg>
<status status="PASS" starttime="20220302 13:04:43.584" endtime="20220302 13:04:43.587"/>
</kw>
<kw name="Should Be True" library="BuiltIn">
<arg>${size} &gt; 0</arg>
<doc>Fails if the given condition is not true.</doc>
<status status="PASS" starttime="20220302 13:04:43.588" endtime="20220302 13:04:43.589"/>
</kw>
<kw name="Should Be Equal" library="BuiltIn">
<arg>10d</arg>
<arg>${response.json()}[expires_in]</arg>
<doc>Fails if the given objects are unequal.</doc>
<status status="PASS" starttime="20220302 13:04:43.589" endtime="20220302 13:04:43.592"/>
</kw>
<status status="PASS" starttime="20220302 13:04:42.183" endtime="20220302 13:04:43.593"/>
</test>
<test id="s1-s2-t2" name="Should not Get Token">
<kw name="Attempt POST Session">
<arg>${inv_pass}</arg>
<arg>401</arg>
<arg>Unauthorized</arg>
<kw name="Post Session" library="SessionsRoute">
<var>${response}</var>
<arg>${payload}</arg>
<kw name="POST" library="RequestsLibrary">
<var>${response}</var>
<arg>${API_USERS}/sessions</arg>
<arg>json=${payload}</arg>
<arg>expected_status=any</arg>
<doc>Sends a POST request.</doc>
<msg timestamp="20220302 13:04:44.261" level="INFO">POST Request : url=https://getgeeks-users-carlosouzapsi.herokuapp.com/sessions 
 path_url=/sessions 
 headers={'User-Agent': 'python-requests/2.22.0', 'Accept-Encoding': 'gzip, deflate', 'Accept': '*/*', 'Connection': 'keep-alive', 'Content-Length': '51', 'Content-Type': 'application/json'} 
 body=b'{"email": "kate@hotmail.com", "password": "abc123"}' 
 </msg>
<msg timestamp="20220302 13:04:44.261" level="INFO">POST Response : url=https://getgeeks-users-carlosouzapsi.herokuapp.com/sessions 
 status=401, reason=Unauthorized 
 headers={'Server': 'Cowboy', 'Connection': 'keep-alive', 'X-Powered-By': 'Express', 'Access-Control-Allow-Origin': '*', 'Content-Type': 'application/json; charset=utf-8', 'Content-Length': '24', 'Etag': 'W/"18-XPDV80vbMk4yY1/PADG4jYM4rSI"', 'Date': 'Wed, 02 Mar 2022 16:04:44 GMT', 'Via': '1.1 vegur'} 
 body={"error":"Unauthorized"} 
 </msg>
<msg timestamp="20220302 13:04:44.261" level="INFO">${response} = &lt;Response [401]&gt;</msg>
<status status="PASS" starttime="20220302 13:04:43.598" endtime="20220302 13:04:44.261"/>
</kw>
<msg timestamp="20220302 13:04:44.262" level="INFO">${response} = &lt;Response [401]&gt;</msg>
<status status="PASS" starttime="20220302 13:04:43.597" endtime="20220302 13:04:44.263"/>
</kw>
<kw name="Status Should Be" library="RequestsLibrary">
<arg>${status_code}</arg>
<arg>${response}</arg>
<doc>Fails if response status code is different than the expected.</doc>
<status status="PASS" starttime="20220302 13:04:44.263" endtime="20220302 13:04:44.264"/>
</kw>
<kw name="Should Be Equal" library="BuiltIn">
<arg>${error_message}</arg>
<arg>${response.json()}[error]</arg>
<doc>Fails if the given objects are unequal.</doc>
<status status="PASS" starttime="20220302 13:04:44.264" endtime="20220302 13:04:44.267"/>
</kw>
<status status="PASS" starttime="20220302 13:04:43.596" endtime="20220302 13:04:44.267"/>
</kw>
<kw name="Attempt POST Session">
<arg>${inv_email}</arg>
<arg>400</arg>
<arg>Incorrect email</arg>
<kw name="Post Session" library="SessionsRoute">
<var>${response}</var>
<arg>${payload}</arg>
<kw name="POST" library="RequestsLibrary">
<var>${response}</var>
<arg>${API_USERS}/sessions</arg>
<arg>json=${payload}</arg>
<arg>expected_status=any</arg>
<doc>Sends a POST request.</doc>
<msg timestamp="20220302 13:04:44.966" level="INFO">POST Request : url=https://getgeeks-users-carlosouzapsi.herokuapp.com/sessions 
 path_url=/sessions 
 headers={'User-Agent': 'python-requests/2.22.0', 'Accept-Encoding': 'gzip, deflate', 'Accept': '*/*', 'Connection': 'keep-alive', 'Content-Length': '46', 'Content-Type': 'application/json'} 
 body=b'{"email": "kate.com.br", "password": "abc123"}' 
 </msg>
<msg timestamp="20220302 13:04:44.967" level="INFO">POST Response : url=https://getgeeks-users-carlosouzapsi.herokuapp.com/sessions 
 status=400, reason=Bad Request 
 headers={'Server': 'Cowboy', 'Connection': 'keep-alive', 'X-Powered-By': 'Express', 'Access-Control-Allow-Origin': '*', 'Content-Type': 'application/json; charset=utf-8', 'Content-Length': '27', 'Etag': 'W/"1b-/TOfJuE8lwSWEXvBl7o6iRstTo0"', 'Date': 'Wed, 02 Mar 2022 16:04:44 GMT', 'Via': '1.1 vegur'} 
 body={"error":"Incorrect email"} 
 </msg>
<msg timestamp="20220302 13:04:44.967" level="INFO">${response} = &lt;Response [400]&gt;</msg>
<status status="PASS" starttime="20220302 13:04:44.271" endtime="20220302 13:04:44.967"/>
</kw>
<msg timestamp="20220302 13:04:44.969" level="INFO">${response} = &lt;Response [400]&gt;</msg>
<status status="PASS" starttime="20220302 13:04:44.270" endtime="20220302 13:04:44.969"/>
</kw>
<kw name="Status Should Be" library="RequestsLibrary">
<arg>${status_code}</arg>
<arg>${response}</arg>
<doc>Fails if response status code is different than the expected.</doc>
<status status="PASS" starttime="20220302 13:04:44.970" endtime="20220302 13:04:44.971"/>
</kw>
<kw name="Should Be Equal" library="BuiltIn">
<arg>${error_message}</arg>
<arg>${response.json()}[error]</arg>
<doc>Fails if the given objects are unequal.</doc>
<status status="PASS" starttime="20220302 13:04:44.972" endtime="20220302 13:04:44.976"/>
</kw>
<status status="PASS" starttime="20220302 13:04:44.268" endtime="20220302 13:04:44.976"/>
</kw>
<kw name="Attempt POST Session">
<arg>${email_404}</arg>
<arg>401</arg>
<arg>Unauthorized</arg>
<kw name="Post Session" library="SessionsRoute">
<var>${response}</var>
<arg>${payload}</arg>
<kw name="POST" library="RequestsLibrary">
<var>${response}</var>
<arg>${API_USERS}/sessions</arg>
<arg>json=${payload}</arg>
<arg>expected_status=any</arg>
<doc>Sends a POST request.</doc>
<msg timestamp="20220302 13:04:45.621" level="INFO">POST Request : url=https://getgeeks-users-carlosouzapsi.herokuapp.com/sessions 
 path_url=/sessions 
 headers={'User-Agent': 'python-requests/2.22.0', 'Accept-Encoding': 'gzip, deflate', 'Accept': '*/*', 'Connection': 'keep-alive', 'Content-Length': '47', 'Content-Type': 'application/json'} 
 body=b'{"email": "kate@404.com", "password": "abc123"}' 
 </msg>
<msg timestamp="20220302 13:04:45.622" level="INFO">POST Response : url=https://getgeeks-users-carlosouzapsi.herokuapp.com/sessions 
 status=401, reason=Unauthorized 
 headers={'Server': 'Cowboy', 'Connection': 'keep-alive', 'X-Powered-By': 'Express', 'Access-Control-Allow-Origin': '*', 'Content-Type': 'application/json; charset=utf-8', 'Content-Length': '24', 'Etag': 'W/"18-XPDV80vbMk4yY1/PADG4jYM4rSI"', 'Date': 'Wed, 02 Mar 2022 16:04:45 GMT', 'Via': '1.1 vegur'} 
 body={"error":"Unauthorized"} 
 </msg>
<msg timestamp="20220302 13:04:45.622" level="INFO">${response} = &lt;Response [401]&gt;</msg>
<status status="PASS" starttime="20220302 13:04:44.980" endtime="20220302 13:04:45.622"/>
</kw>
<msg timestamp="20220302 13:04:45.623" level="INFO">${response} = &lt;Response [401]&gt;</msg>
<status status="PASS" starttime="20220302 13:04:44.979" endtime="20220302 13:04:45.624"/>
</kw>
<kw name="Status Should Be" library="RequestsLibrary">
<arg>${status_code}</arg>
<arg>${response}</arg>
<doc>Fails if response status code is different than the expected.</doc>
<status status="PASS" starttime="20220302 13:04:45.624" endtime="20220302 13:04:45.625"/>
</kw>
<kw name="Should Be Equal" library="BuiltIn">
<arg>${error_message}</arg>
<arg>${response.json()}[error]</arg>
<doc>Fails if the given objects are unequal.</doc>
<status status="PASS" starttime="20220302 13:04:45.625" endtime="20220302 13:04:45.627"/>
</kw>
<status status="PASS" starttime="20220302 13:04:44.977" endtime="20220302 13:04:45.627"/>
</kw>
<kw name="Attempt POST Session">
<arg>${empty_email}</arg>
<arg>400</arg>
<arg>Required email</arg>
<kw name="Post Session" library="SessionsRoute">
<var>${response}</var>
<arg>${payload}</arg>
<kw name="POST" library="RequestsLibrary">
<var>${response}</var>
<arg>${API_USERS}/sessions</arg>
<arg>json=${payload}</arg>
<arg>expected_status=any</arg>
<doc>Sends a POST request.</doc>
<msg timestamp="20220302 13:04:46.268" level="INFO">POST Request : url=https://getgeeks-users-carlosouzapsi.herokuapp.com/sessions 
 path_url=/sessions 
 headers={'User-Agent': 'python-requests/2.22.0', 'Accept-Encoding': 'gzip, deflate', 'Accept': '*/*', 'Connection': 'keep-alive', 'Content-Length': '35', 'Content-Type': 'application/json'} 
 body=b'{"email": "", "password": "abc123"}' 
 </msg>
<msg timestamp="20220302 13:04:46.269" level="INFO">POST Response : url=https://getgeeks-users-carlosouzapsi.herokuapp.com/sessions 
 status=400, reason=Bad Request 
 headers={'Server': 'Cowboy', 'Connection': 'keep-alive', 'X-Powered-By': 'Express', 'Access-Control-Allow-Origin': '*', 'Content-Type': 'application/json; charset=utf-8', 'Content-Length': '26', 'Etag': 'W/"1a-ztWLEO5pP/4DOQYYgf8vh7rMmRI"', 'Date': 'Wed, 02 Mar 2022 16:04:46 GMT', 'Via': '1.1 vegur'} 
 body={"error":"Required email"} 
 </msg>
<msg timestamp="20220302 13:04:46.269" level="INFO">${response} = &lt;Response [400]&gt;</msg>
<status status="PASS" starttime="20220302 13:04:45.630" endtime="20220302 13:04:46.269"/>
</kw>
<msg timestamp="20220302 13:04:46.272" level="INFO">${response} = &lt;Response [400]&gt;</msg>
<status status="PASS" starttime="20220302 13:04:45.629" endtime="20220302 13:04:46.272"/>
</kw>
<kw name="Status Should Be" library="RequestsLibrary">
<arg>${status_code}</arg>
<arg>${response}</arg>
<doc>Fails if response status code is different than the expected.</doc>
<status status="PASS" starttime="20220302 13:04:46.272" endtime="20220302 13:04:46.274"/>
</kw>
<kw name="Should Be Equal" library="BuiltIn">
<arg>${error_message}</arg>
<arg>${response.json()}[error]</arg>
<doc>Fails if the given objects are unequal.</doc>
<status status="PASS" starttime="20220302 13:04:46.275" endtime="20220302 13:04:46.278"/>
</kw>
<status status="PASS" starttime="20220302 13:04:45.628" endtime="20220302 13:04:46.279"/>
</kw>
<kw name="Attempt POST Session">
<arg>${wo_email}</arg>
<arg>400</arg>
<arg>Required email</arg>
<kw name="Post Session" library="SessionsRoute">
<var>${response}</var>
<arg>${payload}</arg>
<kw name="POST" library="RequestsLibrary">
<var>${response}</var>
<arg>${API_USERS}/sessions</arg>
<arg>json=${payload}</arg>
<arg>expected_status=any</arg>
<doc>Sends a POST request.</doc>
<msg timestamp="20220302 13:04:46.923" level="INFO">POST Request : url=https://getgeeks-users-carlosouzapsi.herokuapp.com/sessions 
 path_url=/sessions 
 headers={'User-Agent': 'python-requests/2.22.0', 'Accept-Encoding': 'gzip, deflate', 'Accept': '*/*', 'Connection': 'keep-alive', 'Content-Length': '22', 'Content-Type': 'application/json'} 
 body=b'{"password": "abc123"}' 
 </msg>
<msg timestamp="20220302 13:04:46.923" level="INFO">POST Response : url=https://getgeeks-users-carlosouzapsi.herokuapp.com/sessions 
 status=400, reason=Bad Request 
 headers={'Server': 'Cowboy', 'Connection': 'keep-alive', 'X-Powered-By': 'Express', 'Access-Control-Allow-Origin': '*', 'Content-Type': 'application/json; charset=utf-8', 'Content-Length': '26', 'Etag': 'W/"1a-ztWLEO5pP/4DOQYYgf8vh7rMmRI"', 'Date': 'Wed, 02 Mar 2022 16:04:46 GMT', 'Via': '1.1 vegur'} 
 body={"error":"Required email"} 
 </msg>
<msg timestamp="20220302 13:04:46.924" level="INFO">${response} = &lt;Response [400]&gt;</msg>
<status status="PASS" starttime="20220302 13:04:46.283" endtime="20220302 13:04:46.924"/>
</kw>
<msg timestamp="20220302 13:04:46.925" level="INFO">${response} = &lt;Response [400]&gt;</msg>
<status status="PASS" starttime="20220302 13:04:46.281" endtime="20220302 13:04:46.925"/>
</kw>
<kw name="Status Should Be" library="RequestsLibrary">
<arg>${status_code}</arg>
<arg>${response}</arg>
<doc>Fails if response status code is different than the expected.</doc>
<status status="PASS" starttime="20220302 13:04:46.925" endtime="20220302 13:04:46.926"/>
</kw>
<kw name="Should Be Equal" library="BuiltIn">
<arg>${error_message}</arg>
<arg>${response.json()}[error]</arg>
<doc>Fails if the given objects are unequal.</doc>
<status status="PASS" starttime="20220302 13:04:46.926" endtime="20220302 13:04:46.928"/>
</kw>
<status status="PASS" starttime="20220302 13:04:46.280" endtime="20220302 13:04:46.928"/>
</kw>
<kw name="Attempt POST Session">
<arg>${empty_pass}</arg>
<arg>400</arg>
<arg>Required pass</arg>
<kw name="Post Session" library="SessionsRoute">
<var>${response}</var>
<arg>${payload}</arg>
<kw name="POST" library="RequestsLibrary">
<var>${response}</var>
<arg>${API_USERS}/sessions</arg>
<arg>json=${payload}</arg>
<arg>expected_status=any</arg>
<doc>Sends a POST request.</doc>
<msg timestamp="20220302 13:04:47.603" level="INFO">POST Request : url=https://getgeeks-users-carlosouzapsi.herokuapp.com/sessions 
 path_url=/sessions 
 headers={'User-Agent': 'python-requests/2.22.0', 'Accept-Encoding': 'gzip, deflate', 'Accept': '*/*', 'Connection': 'keep-alive', 'Content-Length': '45', 'Content-Type': 'application/json'} 
 body=b'{"email": "kate@hotmail.com", "password": ""}' 
 </msg>
<msg timestamp="20220302 13:04:47.604" level="INFO">POST Response : url=https://getgeeks-users-carlosouzapsi.herokuapp.com/sessions 
 status=400, reason=Bad Request 
 headers={'Server': 'Cowboy', 'Connection': 'keep-alive', 'X-Powered-By': 'Express', 'Access-Control-Allow-Origin': '*', 'Content-Type': 'application/json; charset=utf-8', 'Content-Length': '25', 'Etag': 'W/"19-XQPKZGB2rC+TLudFQKbwFLPwbR0"', 'Date': 'Wed, 02 Mar 2022 16:04:47 GMT', 'Via': '1.1 vegur'} 
 body={"error":"Required pass"} 
 </msg>
<msg timestamp="20220302 13:04:47.605" level="INFO">${response} = &lt;Response [400]&gt;</msg>
<status status="PASS" starttime="20220302 13:04:46.930" endtime="20220302 13:04:47.605"/>
</kw>
<msg timestamp="20220302 13:04:47.606" level="INFO">${response} = &lt;Response [400]&gt;</msg>
<status status="PASS" starttime="20220302 13:04:46.930" endtime="20220302 13:04:47.606"/>
</kw>
<kw name="Status Should Be" library="RequestsLibrary">
<arg>${status_code}</arg>
<arg>${response}</arg>
<doc>Fails if response status code is different than the expected.</doc>
<status status="PASS" starttime="20220302 13:04:47.607" endtime="20220302 13:04:47.609"/>
</kw>
<kw name="Should Be Equal" library="BuiltIn">
<arg>${error_message}</arg>
<arg>${response.json()}[error]</arg>
<doc>Fails if the given objects are unequal.</doc>
<status status="PASS" starttime="20220302 13:04:47.609" endtime="20220302 13:04:47.613"/>
</kw>
<status status="PASS" starttime="20220302 13:04:46.929" endtime="20220302 13:04:47.613"/>
</kw>
<kw name="Attempt POST Session">
<arg>${wo_pass}</arg>
<arg>400</arg>
<arg>Required pass</arg>
<kw name="Post Session" library="SessionsRoute">
<var>${response}</var>
<arg>${payload}</arg>
<kw name="POST" library="RequestsLibrary">
<var>${response}</var>
<arg>${API_USERS}/sessions</arg>
<arg>json=${payload}</arg>
<arg>expected_status=any</arg>
<doc>Sends a POST request.</doc>
<msg timestamp="20220302 13:04:48.262" level="INFO">POST Request : url=https://getgeeks-users-carlosouzapsi.herokuapp.com/sessions 
 path_url=/sessions 
 headers={'User-Agent': 'python-requests/2.22.0', 'Accept-Encoding': 'gzip, deflate', 'Accept': '*/*', 'Connection': 'keep-alive', 'Content-Length': '29', 'Content-Type': 'application/json'} 
 body=b'{"email": "kate@hotmail.com"}' 
 </msg>
<msg timestamp="20220302 13:04:48.262" level="INFO">POST Response : url=https://getgeeks-users-carlosouzapsi.herokuapp.com/sessions 
 status=400, reason=Bad Request 
 headers={'Server': 'Cowboy', 'Connection': 'keep-alive', 'X-Powered-By': 'Express', 'Access-Control-Allow-Origin': '*', 'Content-Type': 'application/json; charset=utf-8', 'Content-Length': '25', 'Etag': 'W/"19-XQPKZGB2rC+TLudFQKbwFLPwbR0"', 'Date': 'Wed, 02 Mar 2022 16:04:48 GMT', 'Via': '1.1 vegur'} 
 body={"error":"Required pass"} 
 </msg>
<msg timestamp="20220302 13:04:48.263" level="INFO">${response} = &lt;Response [400]&gt;</msg>
<status status="PASS" starttime="20220302 13:04:47.617" endtime="20220302 13:04:48.263"/>
</kw>
<msg timestamp="20220302 13:04:48.263" level="INFO">${response} = &lt;Response [400]&gt;</msg>
<status status="PASS" starttime="20220302 13:04:47.616" endtime="20220302 13:04:48.263"/>
</kw>
[...]
 </msg>
<msg timestamp="20220302 13:04:54.230" level="INFO">${response} = &lt;Response [200]&gt;</msg>
<status status="PASS" starttime="20220302 13:04:53.510" endtime="20220302 13:04:54.230"/>
</kw>
<msg timestamp="20220302 13:04:54.230" level="INFO">${Response} = &lt;Response [200]&gt;</msg>
<status status="PASS" starttime="20220302 13:04:53.509" endtime="20220302 13:04:54.230"/>
</kw>
<kw name="Set Variable" library="BuiltIn">
<var>${result}</var>
<arg>${EMPTY}</arg>
<doc>Returns the given values which can then be assigned to a variables.</doc>
<msg timestamp="20220302 13:04:54.232" level="INFO">${result} = </msg>
<status status="PASS" starttime="20220302 13:04:54.231" endtime="20220302 13:04:54.232"/>
</kw>
<if>
<branch type="IF" condition="&quot;200&quot; in &quot;${response}&quot;">
<kw name="Set Variable" library="BuiltIn">
<var>${result}</var>
<arg>Bearer ${response.json()}[token]</arg>
<doc>Returns the given values which can then be assigned to a variables.</doc>
<msg timestamp="20220302 13:04:54.233" level="INFO">${result} = Bearer eyJhbGciOiJIUzI1NiIsInR5cCI6IkpXVCJ9.eyJpZCI6MzI2LCJpYXQiOjE2NDYyMzcwOTQsImV4cCI6MTY0NzEwMTA5NH0.vcMb3rymEDBvrGwlA6OJrLBrJY0KoH_OaBqz7xAB9Z0</msg>
<status status="PASS" starttime="20220302 13:04:54.232" endtime="20220302 13:04:54.233"/>
</kw>
<status status="PASS" starttime="20220302 13:04:54.232" endtime="20220302 13:04:54.233"/>
</branch>
<status status="PASS" starttime="20220302 13:04:54.232" endtime="20220302 13:04:54.233"/>
</if>
<msg timestamp="20220302 13:04:54.234" level="INFO">${token} = Bearer eyJhbGciOiJIUzI1NiIsInR5cCI6IkpXVCJ9.eyJpZCI6MzI2LCJpYXQiOjE2NDYyMzcwOTQsImV4cCI6MTY0NzEwMTA5NH0.vcMb3rymEDBvrGwlA6OJrLBrJY0KoH_OaBqz7xAB9Z0</msg>
<status status="PASS" starttime="20220302 13:04:53.506" endtime="20220302 13:04:54.234"/>
</kw>
<kw name="Delete User" library="UsersRoute">
<var>${response}</var>
<arg>${token}</arg>
<kw name="Create Dictionary" library="BuiltIn">
<var>${headers}</var>
<arg>Authorization=${token}</arg>
<doc>Creates and returns a dictionary based on the given ``items``.</doc>
<msg timestamp="20220302 13:04:54.236" level="INFO">${headers} = {'Authorization': 'Bearer eyJhbGciOiJIUzI1NiIsInR5cCI6IkpXVCJ9.eyJpZCI6MzI2LCJpYXQiOjE2NDYyMzcwOTQsImV4cCI6MTY0NzEwMTA5NH0.vcMb3rymEDBvrGwlA6OJrLBrJY0KoH_OaBqz7xAB9Z0'}</msg>
<status status="PASS" starttime="20220302 13:04:54.235" endtime="20220302 13:04:54.236"/>
</kw>
<kw name="DELETE" library="RequestsLibrary">
<var>${response}</var>
<arg>${API_USERS}/users</arg>
<arg>headers=${headers}</arg>
<arg>expected_status=any</arg>
<doc>Sends a DELETE request.</doc>
<msg timestamp="20220302 13:04:54.880" level="INFO">DELETE Request : url=https://getgeeks-users-carlosouzapsi.herokuapp.com/users 
 path_url=/users 
 headers={'User-Agent': 'python-requests/2.22.0', 'Accept-Encoding': 'gzip, deflate', 'Accept': '*/*', 'Connection': 'keep-alive', 'Authorization': 'Bearer eyJhbGciOiJIUzI1NiIsInR5cCI6IkpXVCJ9.eyJpZCI6MzI2LCJpYXQiOjE2NDYyMzcwOTQsImV4cCI6MTY0NzEwMTA5NH0.vcMb3rymEDBvrGwlA6OJrLBrJY0KoH_OaBqz7xAB9Z0', 'Content-Length': '0'} 
 body=None 
 </msg>
<msg timestamp="20220302 13:04:54.880" level="INFO">DELETE Response : url=https://getgeeks-users-carlosouzapsi.herokuapp.com/users 
 status=204, reason=No Content 
 headers={'Server': 'Cowboy', 'Content-Length': '0', 'Connection': 'keep-alive', 'X-Powered-By': 'Express', 'Access-Control-Allow-Origin': '*', 'Date': 'Wed, 02 Mar 2022 16:04:54 GMT', 'Via': '1.1 vegur'} 
 body=None 
 </msg>
<msg timestamp="20220302 13:04:54.880" level="INFO">${response} = &lt;Response [204]&gt;</msg>
<status status="PASS" starttime="20220302 13:04:54.236" endtime="20220302 13:04:54.881"/>
</kw>
<msg timestamp="20220302 13:04:54.881" level="INFO">${response} = &lt;Response [204]&gt;</msg>
<status status="PASS" starttime="20220302 13:04:54.234" endtime="20220302 13:04:54.881"/>
</kw>
<kw name="Status Should Be" library="RequestsLibrary">
<arg>204</arg>
<arg>${response}</arg>
<doc>Fails if response status code is different than the expected.</doc>
<status status="PASS" starttime="20220302 13:04:54.882" endtime="20220302 13:04:54.882"/>
</kw>
<kw name="Get User" library="UsersRoute">
<var>${response}</var>
<arg>${token}</arg>
<kw name="Create Dictionary" library="BuiltIn">
<var>${headers}</var>
<arg>Authorization=${token}</arg>
<doc>Creates and returns a dictionary based on the given ``items``.</doc>
<msg timestamp="20220302 13:04:54.884" level="INFO">${headers} = {'Authorization': 'Bearer eyJhbGciOiJIUzI1NiIsInR5cCI6IkpXVCJ9.eyJpZCI6MzI2LCJpYXQiOjE2NDYyMzcwOTQsImV4cCI6MTY0NzEwMTA5NH0.vcMb3rymEDBvrGwlA6OJrLBrJY0KoH_OaBqz7xAB9Z0'}</msg>
<status status="PASS" starttime="20220302 13:04:54.884" endtime="20220302 13:04:54.884"/>
</kw>
<kw name="GET" library="RequestsLibrary">
<var>${response}</var>
<arg>${API_USERS}/users</arg>
<arg>headers=${headers}</arg>
<arg>expected_status=any</arg>
<doc>Sends a GET request.</doc>
<msg timestamp="20220302 13:04:55.518" level="INFO">GET Request : url=https://getgeeks-users-carlosouzapsi.herokuapp.com/users 
 path_url=/users 
 headers={'User-Agent': 'python-requests/2.22.0', 'Accept-Encoding': 'gzip, deflate', 'Accept': '*/*', 'Connection': 'keep-alive', 'Authorization': 'Bearer eyJhbGciOiJIUzI1NiIsInR5cCI6IkpXVCJ9.eyJpZCI6MzI2LCJpYXQiOjE2NDYyMzcwOTQsImV4cCI6MTY0NzEwMTA5NH0.vcMb3rymEDBvrGwlA6OJrLBrJY0KoH_OaBqz7xAB9Z0'} 
 body=None 
 </msg>
<msg timestamp="20220302 13:04:55.518" level="INFO">GET Response : url=https://getgeeks-users-carlosouzapsi.herokuapp.com/users 
 status=404, reason=Not Found 
 headers={'Server': 'Cowboy', 'Connection': 'keep-alive', 'X-Powered-By': 'Express', 'Access-Control-Allow-Origin': '*', 'Date': 'Wed, 02 Mar 2022 16:04:55 GMT', 'Content-Length': '0', 'Via': '1.1 vegur'} 
 body=None 
 </msg>
<msg timestamp="20220302 13:04:55.518" level="INFO">${response} = &lt;Response [404]&gt;</msg>
<status status="PASS" starttime="20220302 13:04:54.884" endtime="20220302 13:04:55.518"/>
</kw>
<msg timestamp="20220302 13:04:55.519" level="INFO">${response} = &lt;Response [404]&gt;</msg>
<status status="PASS" starttime="20220302 13:04:54.883" endtime="20220302 13:04:55.519"/>
</kw>
<kw name="Status Should Be" library="RequestsLibrary">
<arg>404</arg>
<arg>${response}</arg>
<doc>Fails if response status code is different than the expected.</doc>
<status status="PASS" starttime="20220302 13:04:55.519" endtime="20220302 13:04:55.520"/>
</kw>
<status status="PASS" starttime="20220302 13:04:52.591" endtime="20220302 13:04:55.520"/>
</test>
<test id="s1-s3-t4" name="Update a user">
<kw name="Factory Update User" library="Users">
<var>${user}</var>
<msg timestamp="20220302 13:04:55.521" level="INFO">${user} = {'before': {'name': 'Souza Carlos', 'email': 'carlos.souza@gmail.com', 'password': 'pwd123'}, 'after': {'name': 'Carlos Otávio de Souza', 'email': 'carlos.souza@gmail.com', 'whatsapp': '48991105916', ...</msg>
<status status="PASS" starttime="20220302 13:04:55.521" endtime="20220302 13:04:55.521"/>
</kw>
<kw name="Post User" library="UsersRoute">
<arg>${user}[before]</arg>
<kw name="POST" library="RequestsLibrary">
<var>${response}</var>
<arg>${API_USERS}/users</arg>
<arg>json=${payload}</arg>
<arg>expected_status=any</arg>
<doc>Sends a POST request.</doc>
<msg timestamp="20220302 13:04:56.141" level="INFO">POST Request : url=https://getgeeks-users-carlosouzapsi.herokuapp.com/users 
 path_url=/users 
 headers={'User-Agent': 'python-requests/2.22.0', 'Accept-Encoding': 'gzip, deflate', 'Accept': '*/*', 'Connection': 'keep-alive', 'Content-Length': '81', 'Content-Type': 'application/json'} 
 body=b'{"name": "Souza Carlos", "email": "carlos.souza@gmail.com", "password": "pwd123"}' 
 </msg>
<msg timestamp="20220302 13:04:56.142" level="INFO">POST Response : url=https://getgeeks-users-carlosouzapsi.herokuapp.com/users 
 status=400, reason=Bad Request 
 headers={'Server': 'Cowboy', 'Connection': 'keep-alive', 'X-Powered-By': 'Express', 'Access-Control-Allow-Origin': '*', 'Content-Type': 'application/json; charset=utf-8', 'Content-Length': '31', 'Etag': 'W/"1f-lFUySNKwX3L5eGEwGcNcUoVKWhE"', 'Date': 'Wed, 02 Mar 2022 16:04:56 GMT', 'Via': '1.1 vegur'} 
 body={"error":"User already exists"} 
 </msg>
<msg timestamp="20220302 13:04:56.142" level="INFO">${response} = &lt;Response [400]&gt;</msg>
<status status="PASS" starttime="20220302 13:04:55.522" endtime="20220302 13:04:56.142"/>
</kw>
<status status="PASS" starttime="20220302 13:04:55.521" endtime="20220302 13:04:56.142"/>
</kw>
<kw name="Get Token" library="Helpers">
<var>${token}</var>
<arg>${user}[before]</arg>
<kw name="Create Dictionary" library="BuiltIn">
<var>${payload}</var>
<arg>email=${user}[email]</arg>
<arg>password=${user}[password]</arg>
<doc>Creates and returns a dictionary based on the given ``items``.</doc>
<msg timestamp="20220302 13:04:56.144" level="INFO">${payload} = {'email': 'carlos.souza@gmail.com', 'password': 'pwd123'}</msg>
<status status="PASS" starttime="20220302 13:04:56.143" endtime="20220302 13:04:56.144"/>
</kw>
<kw name="Post Session" library="SessionsRoute">
<var>${Response}</var>
<arg>${payload}</arg>
<kw name="POST" library="RequestsLibrary">
<var>${response}</var>
<arg>${API_USERS}/sessions</arg>
<arg>json=${payload}</arg>
<arg>expected_status=any</arg>
<doc>Sends a POST request.</doc>
<msg timestamp="20220302 13:04:56.902" level="INFO">POST Request : url=https://getgeeks-users-carlosouzapsi.herokuapp.com/sessions 
 path_url=/sessions 
 headers={'User-Agent': 'python-requests/2.22.0', 'Accept-Encoding': 'gzip, deflate', 'Accept': '*/*', 'Connection': 'keep-alive', 'Content-Length': '57', 'Content-Type': 'application/json'} 
 body=b'{"email": "carlos.souza@gmail.com", "password": "pwd123"}' 
 </msg>
<msg timestamp="20220302 13:04:56.902" level="INFO">POST Response : url=https://getgeeks-users-carlosouzapsi.herokuapp.com/sessions 
 status=200, reason=OK 
 headers={'Server': 'Cowboy', 'Connection': 'keep-alive', 'X-Powered-By': 'Express', 'Access-Control-Allow-Origin': '*', 'Content-Type': 'application/json; charset=utf-8', 'Content-Length': '493', 'Etag': 'W/"1ed-yFuRxaTkafV/8Pc1CGbZM9EkEoY"', 'Date': 'Wed, 02 Mar 2022 16:04:56 GMT', 'Via': '1.1 vegur'} 
 body={"user":{"id":308,"email":"carlos.souza@gmail.com","password_hash":"$2b$08$AahxN20EF6vFb2UMtIuG5.EyUh19W9Dgdry8W6xRXqdUv2J0p/8Xi","name":"Carlos Otávio de Souza","avatar":"https://asset.vg247.com/yae_miko_leak.jpg/BROK/resize/1920x1920%3E/format/jpg/quality/80/yae_miko_leak.jpg","whatsapp":"48991105916","is_geek":false},"token":"eyJhbGciOiJIUzI1NiIsInR5cCI6IkpXVCJ9.eyJpZCI6MzA4LCJpYXQiOjE2NDYyMzcwOTYsImV4cCI6MTY0NzEwMTA5Nn0.5Jcw2nwms5r3kQfQD9ZD2mcumEHYnfmSXJiLJNgp0Gk","expires_in":"10d"} 
 </msg>
<msg timestamp="20220302 13:04:56.903" level="INFO">${response} = &lt;Response [200]&gt;</msg>
<status status="PASS" starttime="20220302 13:04:56.145" endtime="20220302 13:04:56.903"/>
</kw>
<msg timestamp="20220302 13:04:56.903" level="INFO">${Response} = &lt;Response [200]&gt;</msg>
<status status="PASS" starttime="20220302 13:04:56.144" endtime="20220302 13:04:56.903"/>
</kw>
<kw name="Set Variable" library="BuiltIn">
<var>${result}</var>
<arg>${EMPTY}</arg>
<doc>Returns the given values which can then be assigned to a variables.</doc>
<msg timestamp="20220302 13:04:56.904" level="INFO">${result} = </msg>
<status status="PASS" starttime="20220302 13:04:56.903" endtime="20220302 13:04:56.904"/>
</kw>
<if>
<branch type="IF" condition="&quot;200&quot; in &quot;${response}&quot;">
<kw name="Set Variable" library="BuiltIn">
<var>${result}</var>
<arg>Bearer ${response.json()}[token]</arg>
<doc>Returns the given values which can then be assigned to a variables.</doc>
<msg timestamp="20220302 13:04:56.906" level="INFO">${result} = Bearer eyJhbGciOiJIUzI1NiIsInR5cCI6IkpXVCJ9.eyJpZCI6MzA4LCJpYXQiOjE2NDYyMzcwOTYsImV4cCI6MTY0NzEwMTA5Nn0.5Jcw2nwms5r3kQfQD9ZD2mcumEHYnfmSXJiLJNgp0Gk</msg>
<status status="PASS" starttime="20220302 13:04:56.905" endtime="20220302 13:04:56.906"/>
</kw>
<status status="PASS" starttime="20220302 13:04:56.905" endtime="20220302 13:04:56.906"/>
</branch>
<status status="PASS" starttime="20220302 13:04:56.904" endtime="20220302 13:04:56.906"/>
</if>
<msg timestamp="20220302 13:04:56.906" level="INFO">${token} = Bearer eyJhbGciOiJIUzI1NiIsInR5cCI6IkpXVCJ9.eyJpZCI6MzA4LCJpYXQiOjE2NDYyMzcwOTYsImV4cCI6MTY0NzEwMTA5Nn0.5Jcw2nwms5r3kQfQD9ZD2mcumEHYnfmSXJiLJNgp0Gk</msg>
<status status="PASS" starttime="20220302 13:04:56.143" endtime="20220302 13:04:56.907"/>
</kw>
<kw name="Put User" library="UsersRoute">
<var>${response}</var>
<arg>${token}</arg>
<arg>${user}[after]</arg>
<kw name="Create Dictionary" library="BuiltIn">
<var>${headers}</var>
<arg>Authorization=${token}</arg>
<doc>Creates and returns a dictionary based on the given ``items``.</doc>
<msg timestamp="20220302 13:04:56.909" level="INFO">${headers} = {'Authorization': 'Bearer eyJhbGciOiJIUzI1NiIsInR5cCI6IkpXVCJ9.eyJpZCI6MzA4LCJpYXQiOjE2NDYyMzcwOTYsImV4cCI6MTY0NzEwMTA5Nn0.5Jcw2nwms5r3kQfQD9ZD2mcumEHYnfmSXJiLJNgp0Gk'}</msg>
<status status="PASS" starttime="20220302 13:04:56.908" endtime="20220302 13:04:56.909"/>
</kw>
<kw name="PUT" library="RequestsLibrary">
<var>${response}</var>
<arg>${API_USERS}/users</arg>
<arg>json=${payload}</arg>
<arg>expected_status=any</arg>
<arg>headers=${headers}</arg>
<doc>Sends a PUT request.</doc>
<msg timestamp="20220302 13:04:57.563" level="INFO">PUT Request : url=https://getgeeks-users-carlosouzapsi.herokuapp.com/users 
 path_url=/users 
 headers={'User-Agent': 'python-requests/2.22.0', 'Accept-Encoding': 'gzip, deflate', 'Accept': '*/*', 'Connection': 'keep-alive', 'Authorization': 'Bearer eyJhbGciOiJIUzI1NiIsInR5cCI6IkpXVCJ9.eyJpZCI6MzA4LCJpYXQiOjE2NDYyMzcwOTYsImV4cCI6MTY0NzEwMTA5Nn0.5Jcw2nwms5r3kQfQD9ZD2mcumEHYnfmSXJiLJNgp0Gk', 'Content-Length': '221', 'Content-Type': 'application/json'} 
 body=b'{"name": "Carlos Ot\\u00e1vio de Souza", "email": "carlos.souza@gmail.com", "whatsapp": "48991105916", "avatar": "https://asset.vg247.com/yae_miko_leak.jpg/BROK/resize/1920x1920%3E/format/jpg/quality/80/yae_miko_leak.jpg"}' 
 </msg>
<msg timestamp="20220302 13:04:57.564" level="INFO">PUT Response : url=https://getgeeks-users-carlosouzapsi.herokuapp.com/users 
 status=200, reason=OK 
 headers={'Server': 'Cowboy', 'Connection': 'keep-alive', 'X-Powered-By': 'Express', 'Access-Control-Allow-Origin': '*', 'Date': 'Wed, 02 Mar 2022 16:04:57 GMT', 'Content-Length': '0', 'Via': '1.1 vegur'} 
 body=None 
 </msg>
<msg timestamp="20220302 13:04:57.564" level="INFO">${response} = &lt;Response [200]&gt;</msg>
<status status="PASS" starttime="20220302 13:04:56.909" endtime="20220302 13:04:57.564"/>
</kw>
<msg timestamp="20220302 13:04:57.564" level="INFO">${response} = &lt;Response [200]&gt;</msg>
<status status="PASS" starttime="20220302 13:04:56.907" endtime="20220302 13:04:57.564"/>
</kw>
<kw name="Status Should Be" library="RequestsLibrary">
<arg>200</arg>
<arg>${response}</arg>
<doc>Fails if response status code is different than the expected.</doc>
<status status="PASS" starttime="20220302 13:04:57.565" endtime="20220302 13:04:57.566"/>
</kw>
<kw name="Get User" library="UsersRoute">
<var>${response}</var>
<arg>${token}</arg>
<kw name="Create Dictionary" library="BuiltIn">
<var>${headers}</var>
<arg>Authorization=${token}</arg>
<doc>Creates and returns a dictionary based on the given ``items``.</doc>
<msg timestamp="20220302 13:04:57.567" level="INFO">${headers} = {'Authorization': 'Bearer eyJhbGciOiJIUzI1NiIsInR5cCI6IkpXVCJ9.eyJpZCI6MzA4LCJpYXQiOjE2NDYyMzcwOTYsImV4cCI6MTY0NzEwMTA5Nn0.5Jcw2nwms5r3kQfQD9ZD2mcumEHYnfmSXJiLJNgp0Gk'}</msg>
<status status="PASS" starttime="20220302 13:04:57.567" endtime="20220302 13:04:57.568"/>
</kw>
<kw name="GET" library="RequestsLibrary">
<var>${response}</var>
<arg>${API_USERS}/users</arg>
<arg>headers=${headers}</arg>
<arg>expected_status=any</arg>
<doc>Sends a GET request.</doc>
<msg timestamp="20220302 13:04:58.219" level="INFO">GET Request : url=https://getgeeks-users-carlosouzapsi.herokuapp.com/users 
 path_url=/users 
 headers={'User-Agent': 'python-requests/2.22.0', 'Accept-Encoding': 'gzip, deflate', 'Accept': '*/*', 'Connection': 'keep-alive', 'Authorization': 'Bearer eyJhbGciOiJIUzI1NiIsInR5cCI6IkpXVCJ9.eyJpZCI6MzA4LCJpYXQiOjE2NDYyMzcwOTYsImV4cCI6MTY0NzEwMTA5Nn0.5Jcw2nwms5r3kQfQD9ZD2mcumEHYnfmSXJiLJNgp0Gk'} 
 body=None 
 </msg>
<msg timestamp="20220302 13:04:58.219" level="INFO">GET Response : url=https://getgeeks-users-carlosouzapsi.herokuapp.com/users 
 status=200, reason=OK 
 headers={'Server': 'Cowboy', 'Connection': 'keep-alive', 'X-Powered-By': 'Express', 'Access-Control-Allow-Origin': '*', 'Content-Type': 'application/json; charset=utf-8', 'Content-Length': '314', 'Etag': 'W/"13a-ZJmJZ914D4jKW0qDGPt3cnzVzd4"', 'Date': 'Wed, 02 Mar 2022 16:04:58 GMT', 'Via': '1.1 vegur'} 
 body={"id":308,"email":"carlos.souza@gmail.com","password_hash":"$2b$08$AahxN20EF6vFb2UMtIuG5.EyUh19W9Dgdry8W6xRXqdUv2J0p/8Xi","name":"Carlos Otávio de Souza","avatar":"https://asset.vg247.com/yae_miko_leak.jpg/BROK/resize/1920x1920%3E/format/jpg/quality/80/yae_miko_leak.jpg","whatsapp":"48991105916","is_geek":false} 
 </msg>
<msg timestamp="20220302 13:04:58.221" level="INFO">${response} = &lt;Response [200]&gt;</msg>
<status status="PASS" starttime="20220302 13:04:57.568" endtime="20220302 13:04:58.221"/>
</kw>
<msg timestamp="20220302 13:04:58.222" level="INFO">${response} = &lt;Response [200]&gt;</msg>
<status status="PASS" starttime="20220302 13:04:57.566" endtime="20220302 13:04:58.223"/>
</kw>
<kw name="Should Be Equal As Strings" library="BuiltIn">
<arg>${user}[after][name]</arg>
<arg>${response.json()}[name]</arg>
<doc>Fails if objects are unequal after converting them to strings.</doc>
<status status="PASS" starttime="20220302 13:04:58.223" endtime="20220302 13:04:58.226"/>
</kw>
<kw name="Should Be Equal As Strings" library="BuiltIn">
<arg>${user}[after][email]</arg>
<arg>${response.json()}[email]</arg>
<doc>Fails if objects are unequal after converting them to strings.</doc>
<status status="PASS" starttime="20220302 13:04:58.227" endtime="20220302 13:04:58.228"/>
</kw>
<kw name="Should Be Equal As Strings" library="BuiltIn">
<arg>${user}[after][whatsapp]</arg>
<arg>${response.json()}[whatsapp]</arg>
<doc>Fails if objects are unequal after converting them to strings.</doc>
<status status="PASS" starttime="20220302 13:04:58.229" endtime="20220302 13:04:58.230"/>
</kw>
<kw name="Should Be Equal As Strings" library="BuiltIn">
<arg>${user}[after][avatar]</arg>
<arg>${response.json()}[avatar]</arg>
<doc>Fails if objects are unequal after converting them to strings.</doc>
<status status="PASS" starttime="20220302 13:04:58.231" endtime="20220302 13:04:58.234"/>
</kw>
<kw name="Should Be Equal As Strings" library="BuiltIn">
<arg>False</arg>
<arg>${response.json()}[is_geek]</arg>
<doc>Fails if objects are unequal after converting them to strings.</doc>
<msg timestamp="20220302 13:04:58.237" level="INFO">Argument types are:
&lt;type 'unicode'&gt;
&lt;class 'bool'&gt;</msg>
<status status="PASS" starttime="20220302 13:04:58.235" endtime="20220302 13:04:58.238"/>
</kw>
<status status="PASS" starttime="20220302 13:04:55.520" endtime="20220302 13:04:58.238"/>
</test>
<doc>Users route test suite</doc>
<status status="PASS" starttime="20220302 13:04:48.274" endtime="20220302 13:04:58.240"/>
</suite>
<status status="PASS" starttime="20220302 13:04:28.569" endtime="20220302 13:04:58.244"/>
</suite>
<statistics>
<total>
<stat pass="8" fail="0" skip="0">All Tests</stat>
</total>
<tag>
<stat pass="1" fail="0" skip="0">temp</stat>
</tag>
<suite>
<stat pass="8" fail="0" skip="0" id="s1" name="Tests">Tests</stat>
<stat pass="2" fail="0" skip="0" id="s1-s1" name="Geeks">Tests.Geeks</stat>
<stat pass="2" fail="0" skip="0" id="s1-s2" name="Sessions">Tests.Sessions</stat>
<stat pass="4" fail="0" skip="0" id="s1-s3" name="Users">Tests.Users</stat>
</suite>
</statistics>
<errors>
</errors>
</robot>
