<?xml version="1.0" encoding="UTF-8"?>
<testsuite name="Tests" tests="8" errors="0" failures="5" skipped="0" time="31.788">
<testcase classname="Tests.Geeks" name="Be a geek" time="3.430">
</testcase>
<testcase classname="Tests.Geeks" name="Get Geek List" time="21.657">
</testcase>
<testcase classname="Tests.Sessions" name="User Session" time="1.428">
</testcase>
<testcase classname="Tests.Sessions" name="Should not Get Token" time="4.646">
<failure message="Execution terminated by signal" type="AssertionError"/>
</testcase>
<testcase classname="Tests.Users" name="Add new user" time="0.001">
<failure message="Test execution stopped due to a fatal error." type="AssertionError"/>
</testcase>
<testcase classname="Tests.Users" name="Get user data" time="0.001">
<failure message="Test execution stopped due to a fatal error." type="AssertionError"/>
</testcase>
<testcase classname="Tests.Users" name="Remove user" time="0.001">
<failure message="Test execution stopped due to a fatal error." type="AssertionError"/>
</testcase>
<testcase classname="Tests.Users" name="Update a user" time="0.001">
<failure message="Test execution stopped due to a fatal error." type="AssertionError"/>
</testcase>
</testsuite>
